0 info it worked if it ends with ok
1 verbose cli [
1 verbose cli   '/usr/local/bin/node',
1 verbose cli   '/usr/local/bin/npm',
1 verbose cli   'install',
1 verbose cli   '--ignore-scripts',
1 verbose cli   '@types/abbrev@ts3.6',
1 verbose cli   '@types/accepts@ts3.6',
1 verbose cli   '@types/are-we-there-yet@ts3.6',
1 verbose cli   '@types/balanced-match@ts3.6',
1 verbose cli   '@types/body-parser@ts3.6',
1 verbose cli   '@types/brace-expansion@ts3.6',
1 verbose cli   '@types/bytes@ts3.6',
1 verbose cli   '@types/cacache@ts3.6',
1 verbose cli   '@types/call-bind@ts3.6',
1 verbose cli   '@types/chownr@ts3.6',
1 verbose cli   '@types/color-support@ts3.6',
1 verbose cli   '@types/concat-map@ts3.6',
1 verbose cli   '@types/content-disposition@ts3.6',
1 verbose cli   '@types/content-type@ts3.6',
1 verbose cli   '@types/cookie@ts3.6',
1 verbose cli   '@types/cookie-signature@ts3.6',
1 verbose cli   '@types/debug@ts3.6',
1 verbose cli   '@types/delegates@ts3.6',
1 verbose cli   '@types/depd@ts3.6',
1 verbose cli   '@types/destroy@ts3.6',
1 verbose cli   '@types/detect-libc@ts3.6',
1 verbose cli   '@types/ee-first@ts3.6',
1 verbose cli   '@types/encodeurl@ts3.6',
1 verbose cli   '@types/escape-html@ts3.6',
1 verbose cli   '@types/etag@ts3.6',
1 verbose cli   '@types/finalhandler@ts3.6',
1 verbose cli   '@types/forwarded@ts3.6',
1 verbose cli   '@types/fresh@ts3.6',
1 verbose cli   '@types/fs-minipass@ts3.6',
1 verbose cli   '@types/function-bind@ts3.6',
1 verbose cli   '@types/get-intrinsic@ts3.6',
1 verbose cli   '@types/glob@ts3.6',
1 verbose cli   '@types/graceful-fs@ts3.6',
1 verbose cli   '@types/has@ts3.6',
1 verbose cli   '@types/has-symbols@ts3.6',
1 verbose cli   '@types/http-cache-semantics@ts3.6',
1 verbose cli   '@types/http-errors@ts3.6',
1 verbose cli   '@types/humanize-ms@ts3.6',
1 verbose cli   '@types/imurmurhash@ts3.6',
1 verbose cli   '@types/inherits@ts3.6',
1 verbose cli   '@types/ip@ts3.6',
1 verbose cli   '@types/is-lambda@ts3.6',
1 verbose cli   '@types/isexe@ts3.6',
1 verbose cli   '@types/make-fetch-happen@ts3.6',
1 verbose cli   '@types/media-typer@ts3.6',
1 verbose cli   '@types/merge-descriptors@ts3.6',
1 verbose cli   '@types/methods@ts3.6',
1 verbose cli   '@types/mime@ts3.6',
1 verbose cli   '@types/mime-db@ts3.6',
1 verbose cli   '@types/mime-types@ts3.6',
1 verbose cli   '@types/minimatch@ts3.6',
1 verbose cli   '@types/minizlib@ts3.6',
1 verbose cli   '@types/mkdirp@ts3.6',
1 verbose cli   '@types/ms@ts3.6',
1 verbose cli   '@types/negotiator@ts3.6',
1 verbose cli   '@types/node-fetch@ts3.6',
1 verbose cli   '@types/nopt@ts3.6',
1 verbose cli   '@types/npmlog@ts3.6',
1 verbose cli   '@types/object-assign@ts3.6',
1 verbose cli   '@types/object-inspect@ts3.6',
1 verbose cli   '@types/on-finished@ts3.6',
1 verbose cli   '@types/once@ts3.6',
1 verbose cli   '@types/parseurl@ts3.6',
1 verbose cli   '@types/path-is-absolute@ts3.6',
1 verbose cli   '@types/promise-inflight@ts3.6',
1 verbose cli   '@types/promise-retry@ts3.6',
1 verbose cli   '@types/proxy-addr@ts3.6',
1 verbose cli   '@types/qs@ts3.6',
1 verbose cli   '@types/range-parser@ts3.6',
1 verbose cli   '@types/readable-stream@ts3.6',
1 verbose cli   '@types/retry@ts3.6',
1 verbose cli   '@types/rimraf@ts3.6',
1 verbose cli   '@types/safer-buffer@ts3.6',
1 verbose cli   '@types/semver@ts3.6',
1 verbose cli   '@types/send@ts3.6',
1 verbose cli   '@types/serve-static@ts3.6',
1 verbose cli   '@types/set-blocking@ts3.6',
1 verbose cli   '@types/signal-exit@ts3.6',
1 verbose cli   '@types/ssri@ts3.6',
1 verbose cli   '@types/statuses@ts3.6',
1 verbose cli   '@types/tar@ts3.6',
1 verbose cli   '@types/toidentifier@ts3.6',
1 verbose cli   '@types/tr46@ts3.6',
1 verbose cli   '@types/type-is@ts3.6',
1 verbose cli   '@types/util-deprecate@ts3.6',
1 verbose cli   '@types/utils-merge@ts3.6',
1 verbose cli   '@types/vary@ts3.6',
1 verbose cli   '@types/webidl-conversions@ts3.6',
1 verbose cli   '@types/whatwg-url@ts3.6',
1 verbose cli   '@types/which@ts3.6',
1 verbose cli   '@types/yallist@ts3.6',
1 verbose cli   '--save-dev',
1 verbose cli   '--user-agent=typesInstaller/3.6.3'
1 verbose cli ]
2 info using npm@6.14.6
3 info using node@v12.18.3
4 verbose npm-session ded1b01b2cc9506c
5 silly install loadCurrentTree
6 silly install readLocalPackageData
7 http fetch GET 304 https://registry.npmjs.org/@types%2fbody-parser 1275ms (from cache)
8 http fetch GET 304 https://registry.npmjs.org/@types%2faccepts 1279ms (from cache)
9 http fetch GET 304 https://registry.npmjs.org/@types%2fbalanced-match 1283ms (from cache)
10 http fetch GET 304 https://registry.npmjs.org/@types%2fabbrev 1290ms (from cache)
11 http fetch GET 304 https://registry.npmjs.org/@types%2fbrace-expansion 1283ms (from cache)
12 silly pacote tag manifest for @types/accepts@ts3.6 fetched in 1291ms
13 silly pacote tag manifest for @types/body-parser@ts3.6 fetched in 1290ms
14 silly pacote tag manifest for @types/balanced-match@ts3.6 fetched in 1293ms
15 silly pacote tag manifest for @types/abbrev@ts3.6 fetched in 1304ms
16 silly pacote tag manifest for @types/brace-expansion@ts3.6 fetched in 1292ms
17 http fetch GET 304 https://registry.npmjs.org/@types%2fare-we-there-yet 1328ms (from cache)
18 silly pacote tag manifest for @types/are-we-there-yet@ts3.6 fetched in 1333ms
19 http fetch GET 304 https://registry.npmjs.org/@types%2fchownr 1330ms (from cache)
20 silly pacote tag manifest for @types/chownr@ts3.6 fetched in 1336ms
21 http fetch GET 304 https://registry.npmjs.org/@types%2fconcat-map 369ms (from cache)
22 http fetch GET 304 https://registry.npmjs.org/@types%2fdebug 311ms (from cache)
23 http fetch GET 304 https://registry.npmjs.org/@types%2fcookie-signature 332ms (from cache)
24 http fetch GET 304 https://registry.npmjs.org/@types%2fcontent-disposition 372ms (from cache)
25 http fetch GET 304 https://registry.npmjs.org/@types%2fcookie 368ms (from cache)
26 silly pacote tag manifest for @types/concat-map@ts3.6 fetched in 378ms
27 silly pacote tag manifest for @types/debug@ts3.6 fetched in 320ms
28 silly pacote tag manifest for @types/cookie-signature@ts3.6 fetched in 339ms
29 silly pacote tag manifest for @types/content-disposition@ts3.6 fetched in 380ms
30 silly pacote tag manifest for @types/cookie@ts3.6 fetched in 375ms
31 http fetch GET 304 https://registry.npmjs.org/@types%2fcolor-support 551ms (from cache)
32 silly pacote tag manifest for @types/color-support@ts3.6 fetched in 815ms
33 http fetch GET 304 https://registry.npmjs.org/@types%2fee-first 548ms (from cache)
34 http fetch GET 304 https://registry.npmjs.org/@types%2fdepd 553ms (from cache)
35 http fetch GET 304 https://registry.npmjs.org/@types%2fdestroy 556ms (from cache)
36 silly pacote tag manifest for @types/ee-first@ts3.6 fetched in 560ms
37 silly pacote tag manifest for @types/destroy@ts3.6 fetched in 570ms
38 silly pacote tag manifest for @types/depd@ts3.6 fetched in 576ms
39 http fetch GET 304 https://registry.npmjs.org/@types%2fdelegates 620ms (from cache)
40 silly registry:manifest no matching version for @types/delegates@ts3.6 in the cache. Forcing revalidation.
41 http fetch GET 304 https://registry.npmjs.org/@types%2fdetect-libc 617ms (from cache)
42 silly pacote tag manifest for @types/detect-libc@ts3.6 fetched in 626ms
43 http fetch GET 304 https://registry.npmjs.org/@types%2fetag 535ms (from cache)
44 http fetch GET 304 https://registry.npmjs.org/@types%2fencodeurl 673ms (from cache)
45 http fetch GET 304 https://registry.npmjs.org/@types%2fescape-html 545ms (from cache)
46 http fetch GET 304 https://registry.npmjs.org/@types%2fbytes 2779ms (from cache)
47 http fetch GET 304 https://registry.npmjs.org/@types%2ffinalhandler 536ms (from cache)
48 http fetch GET 304 https://registry.npmjs.org/@types%2fcall-bind 2772ms (from cache)
49 http fetch GET 304 https://registry.npmjs.org/@types%2fforwarded 486ms (from cache)
50 silly registry:manifest no matching version for @types/call-bind@ts3.6 in the cache. Forcing revalidation.
51 silly pacote tag manifest for @types/etag@ts3.6 fetched in 547ms
52 silly pacote tag manifest for @types/encodeurl@ts3.6 fetched in 685ms
53 silly pacote tag manifest for @types/escape-html@ts3.6 fetched in 554ms
54 silly pacote tag manifest for @types/bytes@ts3.6 fetched in 2789ms
55 silly pacote tag manifest for @types/finalhandler@ts3.6 fetched in 546ms
56 silly pacote tag manifest for @types/forwarded@ts3.6 fetched in 502ms
57 http fetch GET 200 https://registry.npmjs.org/@types%2fdelegates 583ms
58 silly fetchPackageMetaData error for @types/delegates@ts3.6 No matching version found for @types/delegates@ts3.6.
59 http fetch GET 200 https://registry.npmjs.org/@types%2fcall-bind 152ms
60 silly fetchPackageMetaData error for @types/call-bind@ts3.6 No matching version found for @types/call-bind@ts3.6.
61 http fetch GET 304 https://registry.npmjs.org/@types%2fhas 195ms (from cache)
62 http fetch GET 304 https://registry.npmjs.org/@types%2fglob 276ms (from cache)
63 silly pacote tag manifest for @types/has@ts3.6 fetched in 201ms
64 http fetch GET 304 https://registry.npmjs.org/@types%2ffs-minipass 287ms (from cache)
65 silly pacote tag manifest for @types/glob@ts3.6 fetched in 285ms
66 silly registry:manifest no matching version for @types/fs-minipass@ts3.6 in the cache. Forcing revalidation.
67 http fetch GET 304 https://registry.npmjs.org/@types%2fgraceful-fs 280ms (from cache)
68 http fetch GET 304 https://registry.npmjs.org/@types%2ffunction-bind 295ms (from cache)
69 http fetch GET 304 https://registry.npmjs.org/@types%2ffresh 299ms (from cache)
70 silly pacote tag manifest for @types/function-bind@ts3.6 fetched in 314ms
71 silly pacote tag manifest for @types/graceful-fs@ts3.6 fetched in 302ms
72 silly pacote tag manifest for @types/fresh@ts3.6 fetched in 321ms
73 http fetch GET 304 https://registry.npmjs.org/@types%2fhas-symbols 269ms (from cache)
74 silly pacote tag manifest for @types/has-symbols@ts3.6 fetched in 276ms
75 http fetch GET 304 https://registry.npmjs.org/@types%2fcacache 3387ms (from cache)
76 silly pacote tag manifest for @types/cacache@ts3.6 fetched in 3396ms
77 http fetch GET 200 https://registry.npmjs.org/@types%2ffs-minipass 359ms
78 silly fetchPackageMetaData error for @types/fs-minipass@ts3.6 No matching version found for @types/fs-minipass@ts3.6.
79 http fetch GET 304 https://registry.npmjs.org/@types%2fhumanize-ms 394ms (from cache)
80 http fetch GET 304 https://registry.npmjs.org/@types%2fhttp-errors 422ms (from cache)
81 http fetch GET 304 https://registry.npmjs.org/@types%2fip 287ms (from cache)
82 silly pacote tag manifest for @types/humanize-ms@ts3.6 fetched in 399ms
83 silly pacote tag manifest for @types/http-errors@ts3.6 fetched in 427ms
84 silly pacote tag manifest for @types/ip@ts3.6 fetched in 295ms
85 http fetch GET 304 https://registry.npmjs.org/@types%2fhttp-cache-semantics 774ms (from cache)
86 http fetch GET 304 https://registry.npmjs.org/@types%2fcontent-type 2555ms (from cache)
87 http fetch GET 304 https://registry.npmjs.org/@types%2fisexe 403ms (from cache)
88 silly pacote tag manifest for @types/http-cache-semantics@ts3.6 fetched in 778ms
89 silly pacote tag manifest for @types/content-type@ts3.6 fetched in 2559ms
90 silly pacote tag manifest for @types/isexe@ts3.6 fetched in 407ms
91 http fetch GET 304 https://registry.npmjs.org/@types%2fmake-fetch-happen 460ms (from cache)
92 http fetch GET 304 https://registry.npmjs.org/@types%2fmerge-descriptors 455ms (from cache)
93 silly pacote tag manifest for @types/make-fetch-happen@ts3.6 fetched in 464ms
94 silly pacote tag manifest for @types/merge-descriptors@ts3.6 fetched in 459ms
95 http fetch GET 304 https://registry.npmjs.org/@types%2finherits 907ms (from cache)
96 silly pacote tag manifest for @types/inherits@ts3.6 fetched in 910ms
97 http fetch GET 304 https://registry.npmjs.org/@types%2fmethods 430ms (from cache)
98 http fetch GET 304 https://registry.npmjs.org/@types%2fmime-db 428ms (from cache)
99 http fetch GET 304 https://registry.npmjs.org/@types%2fmime 431ms (from cache)
100 silly pacote tag manifest for @types/methods@ts3.6 fetched in 443ms
101 silly pacote tag manifest for @types/mime-db@ts3.6 fetched in 441ms
102 silly pacote tag manifest for @types/mime@ts3.6 fetched in 446ms
103 http fetch GET 304 https://registry.npmjs.org/@types%2fminimatch 398ms (from cache)
104 http fetch GET 304 https://registry.npmjs.org/@types%2fmime-types 400ms (from cache)
105 silly pacote tag manifest for @types/minimatch@ts3.6 fetched in 401ms
106 silly pacote tag manifest for @types/mime-types@ts3.6 fetched in 403ms
107 http fetch GET 304 https://registry.npmjs.org/@types%2fget-intrinsic 1696ms (from cache)
108 silly registry:manifest no matching version for @types/get-intrinsic@ts3.6 in the cache. Forcing revalidation.
109 http fetch GET 304 https://registry.npmjs.org/@types%2fms 425ms (from cache)
110 http fetch GET 304 https://registry.npmjs.org/@types%2fmkdirp 438ms (from cache)
111 http fetch GET 304 https://registry.npmjs.org/@types%2fnegotiator 442ms (from cache)
112 silly pacote tag manifest for @types/ms@ts3.6 fetched in 448ms
113 silly pacote tag manifest for @types/mkdirp@ts3.6 fetched in 451ms
114 silly pacote tag manifest for @types/negotiator@ts3.6 fetched in 448ms
115 http fetch GET 304 https://registry.npmjs.org/@types%2fnopt 392ms (from cache)
116 http fetch GET 304 https://registry.npmjs.org/@types%2fnode-fetch 396ms (from cache)
117 silly pacote tag manifest for @types/nopt@ts3.6 fetched in 395ms
118 silly pacote tag manifest for @types/node-fetch@ts3.6 fetched in 399ms
119 http fetch GET 200 https://registry.npmjs.org/@types%2fget-intrinsic 296ms
120 silly fetchPackageMetaData error for @types/get-intrinsic@ts3.6 No matching version found for @types/get-intrinsic@ts3.6.
121 http fetch GET 304 https://registry.npmjs.org/@types%2fnpmlog 280ms (from cache)
122 http fetch GET 304 https://registry.npmjs.org/@types%2fon-finished 259ms (from cache)
123 http fetch GET 304 https://registry.npmjs.org/@types%2fparseurl 241ms (from cache)
124 http fetch GET 304 https://registry.npmjs.org/@types%2fobject-assign 281ms (from cache)
125 http fetch GET 304 https://registry.npmjs.org/@types%2fonce 262ms (from cache)
126 silly pacote tag manifest for @types/npmlog@ts3.6 fetched in 286ms
127 silly pacote tag manifest for @types/on-finished@ts3.6 fetched in 265ms
128 silly pacote tag manifest for @types/object-assign@ts3.6 fetched in 287ms
129 silly pacote tag manifest for @types/parseurl@ts3.6 fetched in 249ms
130 silly pacote tag manifest for @types/once@ts3.6 fetched in 271ms
131 http fetch GET 304 https://registry.npmjs.org/@types%2fobject-inspect 436ms (from cache)
132 silly pacote tag manifest for @types/object-inspect@ts3.6 fetched in 444ms
133 http fetch GET 304 https://registry.npmjs.org/@types%2fpath-is-absolute 651ms (from cache)
134 http fetch GET 304 https://registry.npmjs.org/@types%2fpromise-retry 647ms (from cache)
135 http fetch GET 304 https://registry.npmjs.org/@types%2fproxy-addr 647ms (from cache)
136 http fetch GET 304 https://registry.npmjs.org/@types%2fpromise-inflight 651ms (from cache)
137 http fetch GET 304 https://registry.npmjs.org/@types%2fimurmurhash 2580ms (from cache)
138 http fetch GET 304 https://registry.npmjs.org/@types%2fqs 643ms (from cache)
139 http fetch GET 304 https://registry.npmjs.org/@types%2frange-parser 492ms (from cache)
140 silly pacote tag manifest for @types/path-is-absolute@ts3.6 fetched in 661ms
141 silly pacote tag manifest for @types/qs@ts3.6 fetched in 652ms
142 silly pacote tag manifest for @types/promise-retry@ts3.6 fetched in 658ms
143 silly pacote tag manifest for @types/imurmurhash@ts3.6 fetched in 2590ms
144 silly pacote tag manifest for @types/proxy-addr@ts3.6 fetched in 660ms
145 silly pacote tag manifest for @types/range-parser@ts3.6 fetched in 503ms
146 silly pacote tag manifest for @types/promise-inflight@ts3.6 fetched in 665ms
147 http fetch GET 200 https://registry.npmjs.org/@types%2fis-lambda 2329ms
148 silly fetchPackageMetaData error for @types/is-lambda@ts3.6 No matching version found for @types/is-lambda@ts3.6.
149 http fetch GET 304 https://registry.npmjs.org/@types%2fmedia-typer 2297ms (from cache)
150 silly pacote tag manifest for @types/media-typer@ts3.6 fetched in 2305ms
151 http fetch GET 304 https://registry.npmjs.org/@types%2fsemver 246ms (from cache)
152 http fetch GET 304 https://registry.npmjs.org/@types%2fsend 247ms (from cache)
153 http fetch GET 304 https://registry.npmjs.org/@types%2freadable-stream 253ms (from cache)
154 http fetch GET 304 https://registry.npmjs.org/@types%2fset-blocking 220ms (from cache)
155 silly registry:manifest no matching version for @types/set-blocking@ts3.6 in the cache. Forcing revalidation.
156 silly pacote tag manifest for @types/semver@ts3.6 fetched in 253ms
157 silly pacote tag manifest for @types/send@ts3.6 fetched in 252ms
158 http fetch GET 304 https://registry.npmjs.org/@types%2fserve-static 252ms (from cache)
159 http fetch GET 304 https://registry.npmjs.org/@types%2fretry 259ms (from cache)
160 silly pacote tag manifest for @types/readable-stream@ts3.6 fetched in 261ms
161 silly pacote tag manifest for @types/serve-static@ts3.6 fetched in 264ms
162 silly pacote tag manifest for @types/retry@ts3.6 fetched in 270ms
163 http fetch GET 304 https://registry.npmjs.org/@types%2fsafer-buffer 368ms (from cache)
164 http fetch GET 304 https://registry.npmjs.org/@types%2fsignal-exit 254ms (from cache)
165 silly pacote tag manifest for @types/safer-buffer@ts3.6 fetched in 373ms
166 silly pacote tag manifest for @types/signal-exit@ts3.6 fetched in 265ms
167 http fetch GET 200 https://registry.npmjs.org/@types%2ftr46 480ms
168 silly fetchPackageMetaData error for @types/tr46@ts3.6 No matching version found for @types/tr46@ts3.6.
169 http fetch GET 200 https://registry.npmjs.org/@types%2ftoidentifier 491ms
170 silly fetchPackageMetaData error for @types/toidentifier@ts3.6 No matching version found for @types/toidentifier@ts3.6.
171 http fetch GET 304 https://registry.npmjs.org/@types%2fssri 518ms (from cache)
172 silly pacote tag manifest for @types/ssri@ts3.6 fetched in 527ms
173 http fetch GET 200 https://registry.npmjs.org/@types%2fset-blocking 601ms
174 silly fetchPackageMetaData error for @types/set-blocking@ts3.6 No matching version found for @types/set-blocking@ts3.6.
175 http fetch GET 304 https://registry.npmjs.org/@types%2futil-deprecate 476ms (from cache)
176 http fetch GET 304 https://registry.npmjs.org/@types%2fstatuses 606ms (from cache)
177 silly pacote tag manifest for @types/util-deprecate@ts3.6 fetched in 483ms
178 silly pacote tag manifest for @types/statuses@ts3.6 fetched in 613ms
179 http fetch GET 304 https://registry.npmjs.org/@types%2fminizlib 2566ms (from cache)
180 http fetch GET 304 https://registry.npmjs.org/@types%2ftype-is 516ms (from cache)
181 silly pacote tag manifest for @types/minizlib@ts3.6 fetched in 2571ms
182 silly pacote tag manifest for @types/type-is@ts3.6 fetched in 522ms
183 http fetch GET 304 https://registry.npmjs.org/@types%2fwebidl-conversions 606ms (from cache)
184 http fetch GET 304 https://registry.npmjs.org/@types%2futils-merge 634ms (from cache)
185 http fetch GET 304 https://registry.npmjs.org/@types%2fvary 626ms (from cache)
186 http fetch GET 304 https://registry.npmjs.org/@types%2fwhatwg-url 539ms (from cache)
187 http fetch GET 304 https://registry.npmjs.org/@types%2fwhich 532ms (from cache)
188 silly pacote tag manifest for @types/vary@ts3.6 fetched in 633ms
189 silly pacote tag manifest for @types/whatwg-url@ts3.6 fetched in 544ms
190 silly pacote tag manifest for @types/utils-merge@ts3.6 fetched in 644ms
191 silly pacote tag manifest for @types/webidl-conversions@ts3.6 fetched in 618ms
192 http fetch GET 304 https://registry.npmjs.org/@types%2fyallist 533ms (from cache)
193 silly pacote tag manifest for @types/which@ts3.6 fetched in 538ms
194 silly pacote tag manifest for @types/yallist@ts3.6 fetched in 538ms
195 http fetch GET 304 https://registry.npmjs.org/@types%2frimraf 2474ms (from cache)
196 silly pacote tag manifest for @types/rimraf@ts3.6 fetched in 2480ms
197 http fetch GET 304 https://registry.npmjs.org/@types%2ftar 3119ms (from cache)
198 silly pacote tag manifest for @types/tar@ts3.6 fetched in 3122ms
199 timing stage:rollbackFailedOptional Completed in 1ms
200 timing stage:runTopLevelLifecycles Completed in 9175ms
201 verbose type tag
202 verbose stack @types/delegates: No matching version found for @types/delegates@ts3.6.
202 verbose stack     at pickManifest (/usr/local/lib/node_modules/npm/node_modules/npm-pick-manifest/index.js:122:13)
202 verbose stack     at /usr/local/lib/node_modules/npm/node_modules/pacote/lib/fetchers/registry/manifest.js:43:18
202 verbose stack     at tryCatcher (/usr/local/lib/node_modules/npm/node_modules/bluebird/js/release/util.js:16:23)
202 verbose stack     at Promise._settlePromiseFromHandler (/usr/local/lib/node_modules/npm/node_modules/bluebird/js/release/promise.js:517:31)
202 verbose stack     at Promise._settlePromise (/usr/local/lib/node_modules/npm/node_modules/bluebird/js/release/promise.js:574:18)
202 verbose stack     at Promise._settlePromise0 (/usr/local/lib/node_modules/npm/node_modules/bluebird/js/release/promise.js:619:10)
202 verbose stack     at Promise._settlePromises (/usr/local/lib/node_modules/npm/node_modules/bluebird/js/release/promise.js:699:18)
202 verbose stack     at _drainQueueStep (/usr/local/lib/node_modules/npm/node_modules/bluebird/js/release/async.js:138:12)
202 verbose stack     at _drainQueue (/usr/local/lib/node_modules/npm/node_modules/bluebird/js/release/async.js:131:9)
202 verbose stack     at Async._drainQueues (/usr/local/lib/node_modules/npm/node_modules/bluebird/js/release/async.js:147:5)
202 verbose stack     at Immediate.Async.drainQueues [as _onImmediate] (/usr/local/lib/node_modules/npm/node_modules/bluebird/js/release/async.js:17:14)
202 verbose stack     at processImmediate (internal/timers.js:456:21)
203 verbose cwd /home/theia/.cache/typescript/3.6
204 verbose Linux 5.10.102.1-microsoft-standard-WSL2
205 verbose argv "/usr/local/bin/node" "/usr/local/bin/npm" "install" "--ignore-scripts" "@types/abbrev@ts3.6" "@types/accepts@ts3.6" "@types/are-we-there-yet@ts3.6" "@types/balanced-match@ts3.6" "@types/body-parser@ts3.6" "@types/brace-expansion@ts3.6" "@types/bytes@ts3.6" "@types/cacache@ts3.6" "@types/call-bind@ts3.6" "@types/chownr@ts3.6" "@types/color-support@ts3.6" "@types/concat-map@ts3.6" "@types/content-disposition@ts3.6" "@types/content-type@ts3.6" "@types/cookie@ts3.6" "@types/cookie-signature@ts3.6" "@types/debug@ts3.6" "@types/delegates@ts3.6" "@types/depd@ts3.6" "@types/destroy@ts3.6" "@types/detect-libc@ts3.6" "@types/ee-first@ts3.6" "@types/encodeurl@ts3.6" "@types/escape-html@ts3.6" "@types/etag@ts3.6" "@types/finalhandler@ts3.6" "@types/forwarded@ts3.6" "@types/fresh@ts3.6" "@types/fs-minipass@ts3.6" "@types/function-bind@ts3.6" "@types/get-intrinsic@ts3.6" "@types/glob@ts3.6" "@types/graceful-fs@ts3.6" "@types/has@ts3.6" "@types/has-symbols@ts3.6" "@types/http-cache-semantics@ts3.6" "@types/http-errors@ts3.6" "@types/humanize-ms@ts3.6" "@types/imurmurhash@ts3.6" "@types/inherits@ts3.6" "@types/ip@ts3.6" "@types/is-lambda@ts3.6" "@types/isexe@ts3.6" "@types/make-fetch-happen@ts3.6" "@types/media-typer@ts3.6" "@types/merge-descriptors@ts3.6" "@types/methods@ts3.6" "@types/mime@ts3.6" "@types/mime-db@ts3.6" "@types/mime-types@ts3.6" "@types/minimatch@ts3.6" "@types/minizlib@ts3.6" "@types/mkdirp@ts3.6" "@types/ms@ts3.6" "@types/negotiator@ts3.6" "@types/node-fetch@ts3.6" "@types/nopt@ts3.6" "@types/npmlog@ts3.6" "@types/object-assign@ts3.6" "@types/object-inspect@ts3.6" "@types/on-finished@ts3.6" "@types/once@ts3.6" "@types/parseurl@ts3.6" "@types/path-is-absolute@ts3.6" "@types/promise-inflight@ts3.6" "@types/promise-retry@ts3.6" "@types/proxy-addr@ts3.6" "@types/qs@ts3.6" "@types/range-parser@ts3.6" "@types/readable-stream@ts3.6" "@types/retry@ts3.6" "@types/rimraf@ts3.6" "@types/safer-buffer@ts3.6" "@types/semver@ts3.6" "@types/send@ts3.6" "@types/serve-static@ts3.6" "@types/set-blocking@ts3.6" "@types/signal-exit@ts3.6" "@types/ssri@ts3.6" "@types/statuses@ts3.6" "@types/tar@ts3.6" "@types/toidentifier@ts3.6" "@types/tr46@ts3.6" "@types/type-is@ts3.6" "@types/util-deprecate@ts3.6" "@types/utils-merge@ts3.6" "@types/vary@ts3.6" "@types/webidl-conversions@ts3.6" "@types/whatwg-url@ts3.6" "@types/which@ts3.6" "@types/yallist@ts3.6" "--save-dev" "--user-agent=typesInstaller/3.6.3"
206 verbose node v12.18.3
207 verbose npm  v6.14.6
208 error code ETARGET
209 error notarget No matching version found for @types/delegates@ts3.6.
210 error notarget In most cases you or one of your dependencies are requesting
210 error notarget a package version that doesn't exist.
211 verbose exit [ 1, true ]
