0 info it worked if it ends with ok
1 verbose cli [
1 verbose cli   '/usr/local/bin/node',
1 verbose cli   '/usr/local/bin/npm',
1 verbose cli   'install',
1 verbose cli   '--ignore-scripts',
1 verbose cli   '@types/abbrev@ts3.6',
1 verbose cli   '@types/accepts@ts3.6',
1 verbose cli   '@types/are-we-there-yet@ts3.6',
1 verbose cli   '@types/balanced-match@ts3.6',
1 verbose cli   '@types/body-parser@ts3.6',
1 verbose cli   '@types/brace-expansion@ts3.6',
1 verbose cli   '@types/bytes@ts3.6',
1 verbose cli   '@types/cacache@ts3.6',
1 verbose cli   '@types/call-bind@ts3.6',
1 verbose cli   '@types/chownr@ts3.6',
1 verbose cli   '@types/color-support@ts3.6',
1 verbose cli   '@types/concat-map@ts3.6',
1 verbose cli   '@types/content-disposition@ts3.6',
1 verbose cli   '@types/content-type@ts3.6',
1 verbose cli   '@types/cookie@ts3.6',
1 verbose cli   '@types/cookie-signature@ts3.6',
1 verbose cli   '@types/debug@ts3.6',
1 verbose cli   '@types/delegates@ts3.6',
1 verbose cli   '@types/depd@ts3.6',
1 verbose cli   '@types/destroy@ts3.6',
1 verbose cli   '@types/detect-libc@ts3.6',
1 verbose cli   '@types/ee-first@ts3.6',
1 verbose cli   '@types/encodeurl@ts3.6',
1 verbose cli   '@types/escape-html@ts3.6',
1 verbose cli   '@types/etag@ts3.6',
1 verbose cli   '@types/finalhandler@ts3.6',
1 verbose cli   '@types/forwarded@ts3.6',
1 verbose cli   '@types/fresh@ts3.6',
1 verbose cli   '@types/fs-minipass@ts3.6',
1 verbose cli   '@types/function-bind@ts3.6',
1 verbose cli   '@types/get-intrinsic@ts3.6',
1 verbose cli   '@types/glob@ts3.6',
1 verbose cli   '@types/graceful-fs@ts3.6',
1 verbose cli   '@types/has@ts3.6',
1 verbose cli   '@types/has-symbols@ts3.6',
1 verbose cli   '@types/http-cache-semantics@ts3.6',
1 verbose cli   '@types/http-errors@ts3.6',
1 verbose cli   '@types/humanize-ms@ts3.6',
1 verbose cli   '@types/imurmurhash@ts3.6',
1 verbose cli   '@types/inherits@ts3.6',
1 verbose cli   '@types/ip@ts3.6',
1 verbose cli   '@types/is-lambda@ts3.6',
1 verbose cli   '@types/isexe@ts3.6',
1 verbose cli   '@types/make-fetch-happen@ts3.6',
1 verbose cli   '@types/media-typer@ts3.6',
1 verbose cli   '@types/merge-descriptors@ts3.6',
1 verbose cli   '@types/methods@ts3.6',
1 verbose cli   '@types/mime@ts3.6',
1 verbose cli   '@types/mime-db@ts3.6',
1 verbose cli   '@types/mime-types@ts3.6',
1 verbose cli   '@types/minimatch@ts3.6',
1 verbose cli   '@types/minizlib@ts3.6',
1 verbose cli   '@types/mkdirp@ts3.6',
1 verbose cli   '@types/ms@ts3.6',
1 verbose cli   '@types/negotiator@ts3.6',
1 verbose cli   '@types/node-fetch@ts3.6',
1 verbose cli   '@types/nopt@ts3.6',
1 verbose cli   '@types/npmlog@ts3.6',
1 verbose cli   '@types/object-assign@ts3.6',
1 verbose cli   '@types/object-inspect@ts3.6',
1 verbose cli   '@types/on-finished@ts3.6',
1 verbose cli   '@types/once@ts3.6',
1 verbose cli   '@types/parseurl@ts3.6',
1 verbose cli   '@types/path-is-absolute@ts3.6',
1 verbose cli   '@types/promise-inflight@ts3.6',
1 verbose cli   '@types/promise-retry@ts3.6',
1 verbose cli   '@types/proxy-addr@ts3.6',
1 verbose cli   '@types/qs@ts3.6',
1 verbose cli   '@types/range-parser@ts3.6',
1 verbose cli   '@types/readable-stream@ts3.6',
1 verbose cli   '@types/retry@ts3.6',
1 verbose cli   '@types/rimraf@ts3.6',
1 verbose cli   '@types/safer-buffer@ts3.6',
1 verbose cli   '@types/semver@ts3.6',
1 verbose cli   '@types/send@ts3.6',
1 verbose cli   '@types/serve-static@ts3.6',
1 verbose cli   '@types/set-blocking@ts3.6',
1 verbose cli   '@types/signal-exit@ts3.6',
1 verbose cli   '@types/ssri@ts3.6',
1 verbose cli   '@types/statuses@ts3.6',
1 verbose cli   '@types/tar@ts3.6',
1 verbose cli   '@types/toidentifier@ts3.6',
1 verbose cli   '@types/tr46@ts3.6',
1 verbose cli   '@types/type-is@ts3.6',
1 verbose cli   '@types/util-deprecate@ts3.6',
1 verbose cli   '@types/utils-merge@ts3.6',
1 verbose cli   '@types/vary@ts3.6',
1 verbose cli   '@types/webidl-conversions@ts3.6',
1 verbose cli   '@types/whatwg-url@ts3.6',
1 verbose cli   '@types/which@ts3.6',
1 verbose cli   '@types/yallist@ts3.6',
1 verbose cli   '--save-dev',
1 verbose cli   '--user-agent=typesInstaller/3.6.3'
1 verbose cli ]
2 info using npm@6.14.6
3 info using node@v12.18.3
4 verbose npm-session c95ec550e461dacb
5 silly install loadCurrentTree
6 silly install readLocalPackageData
7 http fetch GET 304 https://registry.npmjs.org/@types%2fbody-parser 1388ms (from cache)
8 http fetch GET 304 https://registry.npmjs.org/@types%2fabbrev 1407ms (from cache)
9 silly pacote tag manifest for @types/body-parser@ts3.6 fetched in 1406ms
10 silly pacote tag manifest for @types/abbrev@ts3.6 fetched in 1471ms
11 http fetch GET 304 https://registry.npmjs.org/@types%2fcacache 1452ms (from cache)
12 http fetch GET 304 https://registry.npmjs.org/@types%2fbalanced-match 1458ms (from cache)
13 http fetch GET 304 https://registry.npmjs.org/@types%2fbrace-expansion 1455ms (from cache)
14 http fetch GET 304 https://registry.npmjs.org/@types%2fbytes 1457ms (from cache)
15 http fetch GET 304 https://registry.npmjs.org/@types%2fcall-bind 1453ms (from cache)
16 silly registry:manifest no matching version for @types/call-bind@ts3.6 in the cache. Forcing revalidation.
17 silly pacote tag manifest for @types/brace-expansion@ts3.6 fetched in 1462ms
18 silly pacote tag manifest for @types/balanced-match@ts3.6 fetched in 1466ms
19 silly pacote tag manifest for @types/cacache@ts3.6 fetched in 1462ms
20 http fetch GET 304 https://registry.npmjs.org/@types%2fchownr 1465ms (from cache)
21 silly pacote tag manifest for @types/bytes@ts3.6 fetched in 1474ms
22 silly pacote tag manifest for @types/chownr@ts3.6 fetched in 1487ms
23 http fetch GET 304 https://registry.npmjs.org/@types%2fcontent-type 418ms (from cache)
24 http fetch GET 304 https://registry.npmjs.org/@types%2fcookie 418ms (from cache)
25 http fetch GET 304 https://registry.npmjs.org/@types%2fcontent-disposition 420ms (from cache)
26 http fetch GET 304 https://registry.npmjs.org/@types%2fconcat-map 452ms (from cache)
27 http fetch GET 304 https://registry.npmjs.org/@types%2fdebug 391ms (from cache)
28 silly pacote tag manifest for @types/content-disposition@ts3.6 fetched in 423ms
29 silly pacote tag manifest for @types/cookie@ts3.6 fetched in 422ms
30 silly pacote tag manifest for @types/content-type@ts3.6 fetched in 426ms
31 silly pacote tag manifest for @types/concat-map@ts3.6 fetched in 461ms
32 silly pacote tag manifest for @types/debug@ts3.6 fetched in 400ms
33 http fetch GET 304 https://registry.npmjs.org/@types%2fdepd 405ms (from cache)
34 silly pacote tag manifest for @types/depd@ts3.6 fetched in 417ms
35 http fetch GET 304 https://registry.npmjs.org/@types%2fdestroy 429ms (from cache)
36 silly pacote tag manifest for @types/destroy@ts3.6 fetched in 459ms
37 http fetch GET 304 https://registry.npmjs.org/@types%2fdetect-libc 475ms (from cache)
38 silly pacote tag manifest for @types/detect-libc@ts3.6 fetched in 482ms
39 http fetch GET 304 https://registry.npmjs.org/@types%2fare-we-there-yet 2391ms (from cache)
40 silly pacote tag manifest for @types/are-we-there-yet@ts3.6 fetched in 2407ms
41 http fetch GET 304 https://registry.npmjs.org/@types%2faccepts 2694ms (from cache)
42 silly pacote tag manifest for @types/accepts@ts3.6 fetched in 2701ms
43 http fetch GET 304 https://registry.npmjs.org/@types%2fencodeurl 463ms (from cache)
44 silly pacote tag manifest for @types/encodeurl@ts3.6 fetched in 470ms
45 http fetch GET 304 https://registry.npmjs.org/@types%2fescape-html 466ms (from cache)
46 silly pacote tag manifest for @types/escape-html@ts3.6 fetched in 472ms
47 http fetch GET 304 https://registry.npmjs.org/@types%2ffresh 337ms (from cache)
48 http fetch GET 304 https://registry.npmjs.org/@types%2fetag 729ms (from cache)
49 silly pacote tag manifest for @types/fresh@ts3.6 fetched in 340ms
50 silly pacote tag manifest for @types/etag@ts3.6 fetched in 733ms
51 http fetch GET 304 https://registry.npmjs.org/@types%2fcookie-signature 1710ms (from cache)
52 http fetch GET 304 https://registry.npmjs.org/@types%2ffs-minipass 369ms (from cache)
53 silly registry:manifest no matching version for @types/fs-minipass@ts3.6 in the cache. Forcing revalidation.
54 silly pacote tag manifest for @types/cookie-signature@ts3.6 fetched in 1718ms
55 http fetch GET 304 https://registry.npmjs.org/@types%2ffinalhandler 910ms (from cache)
56 silly pacote tag manifest for @types/finalhandler@ts3.6 fetched in 913ms
57 http fetch GET 304 https://registry.npmjs.org/@types%2ffunction-bind 205ms (from cache)
58 silly pacote tag manifest for @types/function-bind@ts3.6 fetched in 213ms
59 http fetch GET 304 https://registry.npmjs.org/@types%2fglob 182ms (from cache)
60 silly pacote tag manifest for @types/glob@ts3.6 fetched in 186ms
61 http fetch GET 200 https://registry.npmjs.org/@types%2fcall-bind 2167ms
62 silly fetchPackageMetaData error for @types/call-bind@ts3.6 No matching version found for @types/call-bind@ts3.6.
63 http fetch GET 304 https://registry.npmjs.org/@types%2fhas 305ms (from cache)
64 http fetch GET 304 https://registry.npmjs.org/@types%2fgraceful-fs 323ms (from cache)
65 silly pacote tag manifest for @types/has@ts3.6 fetched in 313ms
66 silly pacote tag manifest for @types/graceful-fs@ts3.6 fetched in 333ms
67 http fetch GET 304 https://registry.npmjs.org/@types%2fee-first 1799ms (from cache)
68 http fetch GET 304 https://registry.npmjs.org/@types%2fdelegates 1808ms (from cache)
69 silly registry:manifest no matching version for @types/delegates@ts3.6 in the cache. Forcing revalidation.
70 silly pacote tag manifest for @types/ee-first@ts3.6 fetched in 1804ms
71 http fetch GET 304 https://registry.npmjs.org/@types%2fhas-symbols 312ms (from cache)
72 silly pacote tag manifest for @types/has-symbols@ts3.6 fetched in 318ms
73 http fetch GET 200 https://registry.npmjs.org/@types%2fdelegates 135ms
74 silly fetchPackageMetaData error for @types/delegates@ts3.6 No matching version found for @types/delegates@ts3.6.
75 http fetch GET 304 https://registry.npmjs.org/@types%2fhttp-errors 223ms (from cache)
76 silly pacote tag manifest for @types/http-errors@ts3.6 fetched in 227ms
77 http fetch GET 304 https://registry.npmjs.org/@types%2fimurmurhash 191ms (from cache)
78 silly pacote tag manifest for @types/imurmurhash@ts3.6 fetched in 194ms
79 http fetch GET 304 https://registry.npmjs.org/@types%2fcolor-support 2510ms (from cache)
80 silly pacote tag manifest for @types/color-support@ts3.6 fetched in 2515ms
81 http fetch GET 304 https://registry.npmjs.org/@types%2finherits 216ms (from cache)
82 silly pacote tag manifest for @types/inherits@ts3.6 fetched in 218ms
83 http fetch GET 304 https://registry.npmjs.org/@types%2fisexe 334ms (from cache)
84 http fetch GET 304 https://registry.npmjs.org/@types%2fip 395ms (from cache)
85 silly pacote tag manifest for @types/isexe@ts3.6 fetched in 340ms
86 silly pacote tag manifest for @types/ip@ts3.6 fetched in 410ms
87 http fetch GET 304 https://registry.npmjs.org/@types%2fmedia-typer 382ms (from cache)
88 silly pacote tag manifest for @types/media-typer@ts3.6 fetched in 385ms
89 http fetch GET 200 https://registry.npmjs.org/@types%2fis-lambda 679ms
90 silly fetchPackageMetaData error for @types/is-lambda@ts3.6 No matching version found for @types/is-lambda@ts3.6.
91 http fetch GET 304 https://registry.npmjs.org/@types%2fget-intrinsic 1447ms (from cache)
92 silly registry:manifest no matching version for @types/get-intrinsic@ts3.6 in the cache. Forcing revalidation.
93 http fetch GET 304 https://registry.npmjs.org/@types%2fmerge-descriptors 335ms (from cache)
94 silly pacote tag manifest for @types/merge-descriptors@ts3.6 fetched in 369ms
95 http fetch GET 304 https://registry.npmjs.org/@types%2fmake-fetch-happen 709ms (from cache)
96 http fetch GET 304 https://registry.npmjs.org/@types%2fmethods 386ms (from cache)
97 http fetch GET 304 https://registry.npmjs.org/@types%2fmime 322ms (from cache)
98 silly pacote tag manifest for @types/mime@ts3.6 fetched in 332ms
99 silly pacote tag manifest for @types/make-fetch-happen@ts3.6 fetched in 726ms
100 silly pacote tag manifest for @types/methods@ts3.6 fetched in 420ms
101 http fetch GET 200 https://registry.npmjs.org/@types%2ffs-minipass 1572ms
102 silly fetchPackageMetaData error for @types/fs-minipass@ts3.6 No matching version found for @types/fs-minipass@ts3.6.
103 http fetch GET 304 https://registry.npmjs.org/@types%2fmime-db 266ms (from cache)
104 silly pacote tag manifest for @types/mime-db@ts3.6 fetched in 268ms
105 http fetch GET 304 https://registry.npmjs.org/@types%2fminizlib 389ms (from cache)
106 http fetch GET 304 https://registry.npmjs.org/@types%2fminimatch 396ms (from cache)
107 http fetch GET 304 https://registry.npmjs.org/@types%2fmime-types 429ms (from cache)
108 silly pacote tag manifest for @types/minimatch@ts3.6 fetched in 398ms
109 silly pacote tag manifest for @types/minizlib@ts3.6 fetched in 393ms
110 silly pacote tag manifest for @types/mime-types@ts3.6 fetched in 432ms
111 http fetch GET 304 https://registry.npmjs.org/@types%2fhumanize-ms 1420ms (from cache)
112 silly pacote tag manifest for @types/humanize-ms@ts3.6 fetched in 1422ms
113 http fetch GET 304 https://registry.npmjs.org/@types%2fforwarded 2571ms (from cache)
114 http fetch GET 304 https://registry.npmjs.org/@types%2fnegotiator 446ms (from cache)
115 http fetch GET 304 https://registry.npmjs.org/@types%2fms 503ms (from cache)
116 silly pacote tag manifest for @types/forwarded@ts3.6 fetched in 2581ms
117 silly pacote tag manifest for @types/negotiator@ts3.6 fetched in 452ms
118 silly pacote tag manifest for @types/ms@ts3.6 fetched in 510ms
119 http fetch GET 304 https://registry.npmjs.org/@types%2fobject-assign 278ms (from cache)
120 http fetch GET 304 https://registry.npmjs.org/@types%2fnpmlog 313ms (from cache)
121 silly pacote tag manifest for @types/npmlog@ts3.6 fetched in 315ms
122 silly pacote tag manifest for @types/object-assign@ts3.6 fetched in 281ms
123 http fetch GET 304 https://registry.npmjs.org/@types%2fobject-inspect 388ms (from cache)
124 http fetch GET 304 https://registry.npmjs.org/@types%2fonce 387ms (from cache)
125 http fetch GET 304 https://registry.npmjs.org/@types%2fon-finished 393ms (from cache)
126 silly pacote tag manifest for @types/object-inspect@ts3.6 fetched in 395ms
127 silly pacote tag manifest for @types/once@ts3.6 fetched in 393ms
128 silly pacote tag manifest for @types/on-finished@ts3.6 fetched in 397ms
129 http fetch GET 304 https://registry.npmjs.org/@types%2fparseurl 366ms (from cache)
130 silly pacote tag manifest for @types/parseurl@ts3.6 fetched in 372ms
131 http fetch GET 304 https://registry.npmjs.org/@types%2fpath-is-absolute 396ms (from cache)
132 silly pacote tag manifest for @types/path-is-absolute@ts3.6 fetched in 398ms
133 http fetch GET 304 https://registry.npmjs.org/@types%2fproxy-addr 323ms (from cache)
134 http fetch GET 304 https://registry.npmjs.org/@types%2fhttp-cache-semantics 2375ms (from cache)
135 http fetch GET 304 https://registry.npmjs.org/@types%2fpromise-retry 333ms (from cache)
136 silly pacote tag manifest for @types/proxy-addr@ts3.6 fetched in 332ms
137 http fetch GET 304 https://registry.npmjs.org/@types%2fnode-fetch 967ms (from cache)
138 silly pacote tag manifest for @types/http-cache-semantics@ts3.6 fetched in 2381ms
139 silly pacote tag manifest for @types/promise-retry@ts3.6 fetched in 337ms
140 silly pacote tag manifest for @types/node-fetch@ts3.6 fetched in 972ms
141 http fetch GET 304 https://registry.npmjs.org/@types%2frange-parser 284ms (from cache)
142 http fetch GET 304 https://registry.npmjs.org/@types%2fqs 311ms (from cache)
143 silly pacote tag manifest for @types/range-parser@ts3.6 fetched in 287ms
144 silly pacote tag manifest for @types/qs@ts3.6 fetched in 314ms
145 http fetch GET 200 https://registry.npmjs.org/@types%2fget-intrinsic 1744ms
146 silly fetchPackageMetaData error for @types/get-intrinsic@ts3.6 No matching version found for @types/get-intrinsic@ts3.6.
147 http fetch GET 304 https://registry.npmjs.org/@types%2fsafer-buffer 301ms (from cache)
148 http fetch GET 304 https://registry.npmjs.org/@types%2fretry 309ms (from cache)
149 http fetch GET 304 https://registry.npmjs.org/@types%2frimraf 310ms (from cache)
150 silly pacote tag manifest for @types/safer-buffer@ts3.6 fetched in 307ms
151 http fetch GET 304 https://registry.npmjs.org/@types%2fmkdirp 1646ms (from cache)
152 silly pacote tag manifest for @types/retry@ts3.6 fetched in 314ms
153 silly pacote tag manifest for @types/rimraf@ts3.6 fetched in 315ms
154 http fetch GET 304 https://registry.npmjs.org/@types%2fsend 282ms (from cache)
155 silly pacote tag manifest for @types/mkdirp@ts3.6 fetched in 1663ms
156 silly pacote tag manifest for @types/send@ts3.6 fetched in 305ms
157 http fetch GET 304 https://registry.npmjs.org/@types%2freadable-stream 346ms (from cache)
158 silly pacote tag manifest for @types/readable-stream@ts3.6 fetched in 355ms
159 http fetch GET 304 https://registry.npmjs.org/@types%2fssri 425ms (from cache)
160 http fetch GET 304 https://registry.npmjs.org/@types%2ftoidentifier 390ms (from cache)
161 silly registry:manifest no matching version for @types/toidentifier@ts3.6 in the cache. Forcing revalidation.
162 http fetch GET 304 https://registry.npmjs.org/@types%2fsignal-exit 432ms (from cache)
163 http fetch GET 304 https://registry.npmjs.org/@types%2fstatuses 418ms (from cache)
164 silly pacote tag manifest for @types/ssri@ts3.6 fetched in 437ms
165 http fetch GET 304 https://registry.npmjs.org/@types%2fserve-static 455ms (from cache)
166 http fetch GET 304 https://registry.npmjs.org/@types%2fnopt 1726ms (from cache)
167 silly pacote tag manifest for @types/statuses@ts3.6 fetched in 433ms
168 silly pacote tag manifest for @types/signal-exit@ts3.6 fetched in 449ms
169 silly pacote tag manifest for @types/serve-static@ts3.6 fetched in 463ms
170 silly pacote tag manifest for @types/nopt@ts3.6 fetched in 1735ms
171 http fetch GET 304 https://registry.npmjs.org/@types%2fset-blocking 643ms (from cache)
172 silly registry:manifest no matching version for @types/set-blocking@ts3.6 in the cache. Forcing revalidation.
173 http fetch GET 200 https://registry.npmjs.org/@types%2ftr46 466ms
174 silly fetchPackageMetaData error for @types/tr46@ts3.6 No matching version found for @types/tr46@ts3.6.
175 http fetch GET 304 https://registry.npmjs.org/@types%2futils-merge 467ms (from cache)
176 http fetch GET 304 https://registry.npmjs.org/@types%2futil-deprecate 472ms (from cache)
177 http fetch GET 304 https://registry.npmjs.org/@types%2fvary 467ms (from cache)
178 http fetch GET 304 https://registry.npmjs.org/@types%2ftype-is 478ms (from cache)
179 http fetch GET 304 https://registry.npmjs.org/@types%2ftar 900ms (from cache)
180 silly pacote tag manifest for @types/util-deprecate@ts3.6 fetched in 482ms
181 silly pacote tag manifest for @types/utils-merge@ts3.6 fetched in 481ms
182 silly pacote tag manifest for @types/vary@ts3.6 fetched in 479ms
183 silly pacote tag manifest for @types/tar@ts3.6 fetched in 908ms
184 silly pacote tag manifest for @types/type-is@ts3.6 fetched in 490ms
185 http fetch GET 200 https://registry.npmjs.org/@types%2fset-blocking 395ms
186 silly fetchPackageMetaData error for @types/set-blocking@ts3.6 No matching version found for @types/set-blocking@ts3.6.
187 http fetch GET 304 https://registry.npmjs.org/@types%2fsemver 1324ms (from cache)
188 silly pacote tag manifest for @types/semver@ts3.6 fetched in 1329ms
189 http fetch GET 304 https://registry.npmjs.org/@types%2fwebidl-conversions 479ms (from cache)
190 http fetch GET 304 https://registry.npmjs.org/@types%2fyallist 459ms (from cache)
191 http fetch GET 304 https://registry.npmjs.org/@types%2fwhich 465ms (from cache)
192 silly pacote tag manifest for @types/webidl-conversions@ts3.6 fetched in 487ms
193 silly pacote tag manifest for @types/yallist@ts3.6 fetched in 465ms
194 silly pacote tag manifest for @types/which@ts3.6 fetched in 471ms
195 http fetch GET 304 https://registry.npmjs.org/@types%2fpromise-inflight 2425ms (from cache)
196 silly pacote tag manifest for @types/promise-inflight@ts3.6 fetched in 2429ms
197 http fetch GET 200 https://registry.npmjs.org/@types%2ftoidentifier 2538ms
198 silly fetchPackageMetaData error for @types/toidentifier@ts3.6 No matching version found for @types/toidentifier@ts3.6.
199 http fetch GET 304 https://registry.npmjs.org/@types%2fwhatwg-url 2949ms (from cache)
200 silly pacote tag manifest for @types/whatwg-url@ts3.6 fetched in 2953ms
201 timing stage:rollbackFailedOptional Completed in 1ms
202 timing stage:runTopLevelLifecycles Completed in 10306ms
203 verbose type tag
204 verbose stack @types/call-bind: No matching version found for @types/call-bind@ts3.6.
204 verbose stack     at pickManifest (/usr/local/lib/node_modules/npm/node_modules/npm-pick-manifest/index.js:122:13)
204 verbose stack     at /usr/local/lib/node_modules/npm/node_modules/pacote/lib/fetchers/registry/manifest.js:43:18
204 verbose stack     at tryCatcher (/usr/local/lib/node_modules/npm/node_modules/bluebird/js/release/util.js:16:23)
204 verbose stack     at Promise._settlePromiseFromHandler (/usr/local/lib/node_modules/npm/node_modules/bluebird/js/release/promise.js:517:31)
204 verbose stack     at Promise._settlePromise (/usr/local/lib/node_modules/npm/node_modules/bluebird/js/release/promise.js:574:18)
204 verbose stack     at Promise._settlePromise0 (/usr/local/lib/node_modules/npm/node_modules/bluebird/js/release/promise.js:619:10)
204 verbose stack     at Promise._settlePromises (/usr/local/lib/node_modules/npm/node_modules/bluebird/js/release/promise.js:699:18)
204 verbose stack     at _drainQueueStep (/usr/local/lib/node_modules/npm/node_modules/bluebird/js/release/async.js:138:12)
204 verbose stack     at _drainQueue (/usr/local/lib/node_modules/npm/node_modules/bluebird/js/release/async.js:131:9)
204 verbose stack     at Async._drainQueues (/usr/local/lib/node_modules/npm/node_modules/bluebird/js/release/async.js:147:5)
204 verbose stack     at Immediate.Async.drainQueues [as _onImmediate] (/usr/local/lib/node_modules/npm/node_modules/bluebird/js/release/async.js:17:14)
204 verbose stack     at processImmediate (internal/timers.js:456:21)
205 verbose cwd /home/theia/.cache/typescript/3.6
206 verbose Linux 5.10.102.1-microsoft-standard-WSL2
207 verbose argv "/usr/local/bin/node" "/usr/local/bin/npm" "install" "--ignore-scripts" "@types/abbrev@ts3.6" "@types/accepts@ts3.6" "@types/are-we-there-yet@ts3.6" "@types/balanced-match@ts3.6" "@types/body-parser@ts3.6" "@types/brace-expansion@ts3.6" "@types/bytes@ts3.6" "@types/cacache@ts3.6" "@types/call-bind@ts3.6" "@types/chownr@ts3.6" "@types/color-support@ts3.6" "@types/concat-map@ts3.6" "@types/content-disposition@ts3.6" "@types/content-type@ts3.6" "@types/cookie@ts3.6" "@types/cookie-signature@ts3.6" "@types/debug@ts3.6" "@types/delegates@ts3.6" "@types/depd@ts3.6" "@types/destroy@ts3.6" "@types/detect-libc@ts3.6" "@types/ee-first@ts3.6" "@types/encodeurl@ts3.6" "@types/escape-html@ts3.6" "@types/etag@ts3.6" "@types/finalhandler@ts3.6" "@types/forwarded@ts3.6" "@types/fresh@ts3.6" "@types/fs-minipass@ts3.6" "@types/function-bind@ts3.6" "@types/get-intrinsic@ts3.6" "@types/glob@ts3.6" "@types/graceful-fs@ts3.6" "@types/has@ts3.6" "@types/has-symbols@ts3.6" "@types/http-cache-semantics@ts3.6" "@types/http-errors@ts3.6" "@types/humanize-ms@ts3.6" "@types/imurmurhash@ts3.6" "@types/inherits@ts3.6" "@types/ip@ts3.6" "@types/is-lambda@ts3.6" "@types/isexe@ts3.6" "@types/make-fetch-happen@ts3.6" "@types/media-typer@ts3.6" "@types/merge-descriptors@ts3.6" "@types/methods@ts3.6" "@types/mime@ts3.6" "@types/mime-db@ts3.6" "@types/mime-types@ts3.6" "@types/minimatch@ts3.6" "@types/minizlib@ts3.6" "@types/mkdirp@ts3.6" "@types/ms@ts3.6" "@types/negotiator@ts3.6" "@types/node-fetch@ts3.6" "@types/nopt@ts3.6" "@types/npmlog@ts3.6" "@types/object-assign@ts3.6" "@types/object-inspect@ts3.6" "@types/on-finished@ts3.6" "@types/once@ts3.6" "@types/parseurl@ts3.6" "@types/path-is-absolute@ts3.6" "@types/promise-inflight@ts3.6" "@types/promise-retry@ts3.6" "@types/proxy-addr@ts3.6" "@types/qs@ts3.6" "@types/range-parser@ts3.6" "@types/readable-stream@ts3.6" "@types/retry@ts3.6" "@types/rimraf@ts3.6" "@types/safer-buffer@ts3.6" "@types/semver@ts3.6" "@types/send@ts3.6" "@types/serve-static@ts3.6" "@types/set-blocking@ts3.6" "@types/signal-exit@ts3.6" "@types/ssri@ts3.6" "@types/statuses@ts3.6" "@types/tar@ts3.6" "@types/toidentifier@ts3.6" "@types/tr46@ts3.6" "@types/type-is@ts3.6" "@types/util-deprecate@ts3.6" "@types/utils-merge@ts3.6" "@types/vary@ts3.6" "@types/webidl-conversions@ts3.6" "@types/whatwg-url@ts3.6" "@types/which@ts3.6" "@types/yallist@ts3.6" "--save-dev" "--user-agent=typesInstaller/3.6.3"
208 verbose node v12.18.3
209 verbose npm  v6.14.6
210 error code ETARGET
211 error notarget No matching version found for @types/call-bind@ts3.6.
212 error notarget In most cases you or one of your dependencies are requesting
212 error notarget a package version that doesn't exist.
213 verbose exit [ 1, true ]
