0 info it worked if it ends with ok
1 verbose cli [
1 verbose cli   '/usr/local/bin/node',
1 verbose cli   '/usr/local/bin/npm',
1 verbose cli   'install',
1 verbose cli   '--ignore-scripts',
1 verbose cli   '@types/abbrev@ts3.6',
1 verbose cli   '@types/accepts@ts3.6',
1 verbose cli   '@types/are-we-there-yet@ts3.6',
1 verbose cli   '@types/balanced-match@ts3.6',
1 verbose cli   '@types/body-parser@ts3.6',
1 verbose cli   '@types/brace-expansion@ts3.6',
1 verbose cli   '@types/bytes@ts3.6',
1 verbose cli   '@types/cacache@ts3.6',
1 verbose cli   '@types/call-bind@ts3.6',
1 verbose cli   '@types/chownr@ts3.6',
1 verbose cli   '@types/color-support@ts3.6',
1 verbose cli   '@types/concat-map@ts3.6',
1 verbose cli   '@types/content-disposition@ts3.6',
1 verbose cli   '@types/content-type@ts3.6',
1 verbose cli   '@types/cookie@ts3.6',
1 verbose cli   '@types/cookie-signature@ts3.6',
1 verbose cli   '@types/debug@ts3.6',
1 verbose cli   '@types/delegates@ts3.6',
1 verbose cli   '@types/depd@ts3.6',
1 verbose cli   '@types/destroy@ts3.6',
1 verbose cli   '@types/detect-libc@ts3.6',
1 verbose cli   '@types/ee-first@ts3.6',
1 verbose cli   '@types/encodeurl@ts3.6',
1 verbose cli   '@types/escape-html@ts3.6',
1 verbose cli   '@types/etag@ts3.6',
1 verbose cli   '@types/finalhandler@ts3.6',
1 verbose cli   '@types/forwarded@ts3.6',
1 verbose cli   '@types/fresh@ts3.6',
1 verbose cli   '@types/fs-minipass@ts3.6',
1 verbose cli   '@types/function-bind@ts3.6',
1 verbose cli   '@types/get-intrinsic@ts3.6',
1 verbose cli   '@types/glob@ts3.6',
1 verbose cli   '@types/graceful-fs@ts3.6',
1 verbose cli   '@types/has@ts3.6',
1 verbose cli   '@types/has-symbols@ts3.6',
1 verbose cli   '@types/http-cache-semantics@ts3.6',
1 verbose cli   '@types/http-errors@ts3.6',
1 verbose cli   '@types/humanize-ms@ts3.6',
1 verbose cli   '@types/imurmurhash@ts3.6',
1 verbose cli   '@types/inherits@ts3.6',
1 verbose cli   '@types/ip@ts3.6',
1 verbose cli   '@types/is-lambda@ts3.6',
1 verbose cli   '@types/isexe@ts3.6',
1 verbose cli   '@types/make-fetch-happen@ts3.6',
1 verbose cli   '@types/media-typer@ts3.6',
1 verbose cli   '@types/merge-descriptors@ts3.6',
1 verbose cli   '@types/methods@ts3.6',
1 verbose cli   '@types/mime@ts3.6',
1 verbose cli   '@types/mime-db@ts3.6',
1 verbose cli   '@types/mime-types@ts3.6',
1 verbose cli   '@types/minimatch@ts3.6',
1 verbose cli   '@types/minizlib@ts3.6',
1 verbose cli   '@types/mkdirp@ts3.6',
1 verbose cli   '@types/ms@ts3.6',
1 verbose cli   '@types/negotiator@ts3.6',
1 verbose cli   '@types/node-fetch@ts3.6',
1 verbose cli   '@types/nopt@ts3.6',
1 verbose cli   '@types/npmlog@ts3.6',
1 verbose cli   '@types/object-assign@ts3.6',
1 verbose cli   '@types/object-inspect@ts3.6',
1 verbose cli   '@types/on-finished@ts3.6',
1 verbose cli   '@types/once@ts3.6',
1 verbose cli   '@types/parseurl@ts3.6',
1 verbose cli   '@types/path-is-absolute@ts3.6',
1 verbose cli   '@types/promise-inflight@ts3.6',
1 verbose cli   '@types/promise-retry@ts3.6',
1 verbose cli   '@types/proxy-addr@ts3.6',
1 verbose cli   '@types/qs@ts3.6',
1 verbose cli   '@types/range-parser@ts3.6',
1 verbose cli   '@types/readable-stream@ts3.6',
1 verbose cli   '@types/retry@ts3.6',
1 verbose cli   '@types/rimraf@ts3.6',
1 verbose cli   '@types/safer-buffer@ts3.6',
1 verbose cli   '@types/semver@ts3.6',
1 verbose cli   '@types/send@ts3.6',
1 verbose cli   '@types/serve-static@ts3.6',
1 verbose cli   '@types/set-blocking@ts3.6',
1 verbose cli   '@types/signal-exit@ts3.6',
1 verbose cli   '@types/ssri@ts3.6',
1 verbose cli   '@types/statuses@ts3.6',
1 verbose cli   '@types/tar@ts3.6',
1 verbose cli   '@types/toidentifier@ts3.6',
1 verbose cli   '@types/tr46@ts3.6',
1 verbose cli   '@types/type-is@ts3.6',
1 verbose cli   '@types/util-deprecate@ts3.6',
1 verbose cli   '@types/utils-merge@ts3.6',
1 verbose cli   '@types/vary@ts3.6',
1 verbose cli   '@types/webidl-conversions@ts3.6',
1 verbose cli   '@types/whatwg-url@ts3.6',
1 verbose cli   '@types/which@ts3.6',
1 verbose cli   '@types/yallist@ts3.6',
1 verbose cli   '--save-dev',
1 verbose cli   '--user-agent=typesInstaller/3.6.3'
1 verbose cli ]
2 info using npm@6.14.6
3 info using node@v12.18.3
4 verbose npm-session abf1d11320dbd68f
5 silly install loadCurrentTree
6 silly install readLocalPackageData
7 http fetch GET 200 https://registry.npmjs.org/@types%2fcall-bind -929ms
8 silly fetchPackageMetaData error for @types/call-bind@ts3.6 No matching version found for @types/call-bind@ts3.6.
9 http fetch GET 304 https://registry.npmjs.org/@types%2fbalanced-match -822ms (from cache)
10 http fetch GET 304 https://registry.npmjs.org/@types%2fbrace-expansion -824ms (from cache)
11 http fetch GET 304 https://registry.npmjs.org/@types%2faccepts -820ms (from cache)
12 http fetch GET 304 https://registry.npmjs.org/@types%2fabbrev -815ms (from cache)
13 silly pacote tag manifest for @types/brace-expansion@ts3.6 fetched in -817ms
14 silly pacote tag manifest for @types/accepts@ts3.6 fetched in -813ms
15 silly pacote tag manifest for @types/balanced-match@ts3.6 fetched in -813ms
16 http fetch GET 304 https://registry.npmjs.org/@types%2fbody-parser -812ms (from cache)
17 silly pacote tag manifest for @types/abbrev@ts3.6 fetched in -802ms
18 silly pacote tag manifest for @types/body-parser@ts3.6 fetched in -802ms
19 http fetch GET 304 https://registry.npmjs.org/@types%2fbytes -796ms (from cache)
20 silly pacote tag manifest for @types/bytes@ts3.6 fetched in -787ms
21 http fetch GET 304 https://registry.npmjs.org/@types%2fcacache -765ms (from cache)
22 silly pacote tag manifest for @types/cacache@ts3.6 fetched in -762ms
23 http fetch GET 200 https://registry.npmjs.org/@types%2fdelegates 117ms
24 silly fetchPackageMetaData error for @types/delegates@ts3.6 No matching version found for @types/delegates@ts3.6.
25 http fetch GET 304 https://registry.npmjs.org/@types%2fcolor-support 283ms (from cache)
26 silly pacote tag manifest for @types/color-support@ts3.6 fetched in 291ms
27 http fetch GET 304 https://registry.npmjs.org/@types%2fcookie 183ms (from cache)
28 silly pacote tag manifest for @types/cookie@ts3.6 fetched in 187ms
29 http fetch GET 304 https://registry.npmjs.org/@types%2fconcat-map 396ms (from cache)
30 http fetch GET 304 https://registry.npmjs.org/@types%2fdebug 367ms (from cache)
31 http fetch GET 304 https://registry.npmjs.org/@types%2fcookie-signature 428ms (from cache)
32 silly pacote tag manifest for @types/cookie-signature@ts3.6 fetched in 500ms
33 silly pacote tag manifest for @types/debug@ts3.6 fetched in 495ms
34 silly pacote tag manifest for @types/concat-map@ts3.6 fetched in 557ms
35 http fetch GET 304 https://registry.npmjs.org/@types%2fcontent-disposition 564ms (from cache)
36 http fetch GET 304 https://registry.npmjs.org/@types%2fcontent-type 563ms (from cache)
37 silly pacote tag manifest for @types/content-disposition@ts3.6 fetched in 668ms
38 silly pacote tag manifest for @types/content-type@ts3.6 fetched in 676ms
39 http fetch GET 304 https://registry.npmjs.org/@types%2fdetect-libc 537ms (from cache)
40 http fetch GET 304 https://registry.npmjs.org/@types%2fdepd 560ms (from cache)
41 silly pacote tag manifest for @types/depd@ts3.6 fetched in 562ms
42 http fetch GET 304 https://registry.npmjs.org/@types%2fdestroy 552ms (from cache)
43 silly pacote tag manifest for @types/detect-libc@ts3.6 fetched in 546ms
44 silly pacote tag manifest for @types/destroy@ts3.6 fetched in 554ms
45 http fetch GET 200 https://registry.npmjs.org/@types%2ffs-minipass 205ms
46 silly fetchPackageMetaData error for @types/fs-minipass@ts3.6 No matching version found for @types/fs-minipass@ts3.6.
47 http fetch GET 304 https://registry.npmjs.org/@types%2fee-first 437ms (from cache)
48 silly pacote tag manifest for @types/ee-first@ts3.6 fetched in 439ms
49 http fetch GET 304 https://registry.npmjs.org/@types%2fencodeurl 536ms (from cache)
50 http fetch GET 304 https://registry.npmjs.org/@types%2fescape-html 505ms (from cache)
51 http fetch GET 200 https://registry.npmjs.org/@types%2fget-intrinsic 110ms
52 silly fetchPackageMetaData error for @types/get-intrinsic@ts3.6 No matching version found for @types/get-intrinsic@ts3.6.
53 silly pacote tag manifest for @types/encodeurl@ts3.6 fetched in 541ms
54 http fetch GET 304 https://registry.npmjs.org/@types%2fetag 397ms (from cache)
55 silly pacote tag manifest for @types/escape-html@ts3.6 fetched in 510ms
56 http fetch GET 304 https://registry.npmjs.org/@types%2ffinalhandler 386ms (from cache)
57 http fetch GET 304 https://registry.npmjs.org/@types%2ffresh 332ms (from cache)
58 http fetch GET 304 https://registry.npmjs.org/@types%2fforwarded 335ms (from cache)
59 silly pacote tag manifest for @types/etag@ts3.6 fetched in 404ms
60 silly pacote tag manifest for @types/finalhandler@ts3.6 fetched in 405ms
61 silly pacote tag manifest for @types/forwarded@ts3.6 fetched in 347ms
62 silly pacote tag manifest for @types/fresh@ts3.6 fetched in 345ms
63 http fetch GET 304 https://registry.npmjs.org/@types%2ffunction-bind 335ms (from cache)
64 http fetch GET 304 https://registry.npmjs.org/@types%2fglob 218ms (from cache)
65 silly pacote tag manifest for @types/function-bind@ts3.6 fetched in 339ms
66 silly pacote tag manifest for @types/glob@ts3.6 fetched in 222ms
67 http fetch GET 304 https://registry.npmjs.org/@types%2fhas 263ms (from cache)
68 silly pacote tag manifest for @types/has@ts3.6 fetched in 264ms
69 http fetch GET 304 https://registry.npmjs.org/@types%2fgraceful-fs 320ms (from cache)
70 silly pacote tag manifest for @types/graceful-fs@ts3.6 fetched in 335ms
71 http fetch GET 304 https://registry.npmjs.org/@types%2fhas-symbols 328ms (from cache)
72 http fetch GET 304 https://registry.npmjs.org/@types%2fhttp-cache-semantics 324ms (from cache)
73 http fetch GET 304 https://registry.npmjs.org/@types%2fhttp-errors 323ms (from cache)
74 http fetch GET 304 https://registry.npmjs.org/@types%2fhumanize-ms 323ms (from cache)
75 silly pacote tag manifest for @types/has-symbols@ts3.6 fetched in 332ms
76 silly pacote tag manifest for @types/http-cache-semantics@ts3.6 fetched in 341ms
77 silly pacote tag manifest for @types/http-errors@ts3.6 fetched in 342ms
78 silly pacote tag manifest for @types/humanize-ms@ts3.6 fetched in 343ms
79 http fetch GET 304 https://registry.npmjs.org/@types%2finherits 199ms (from cache)
80 http fetch GET 304 https://registry.npmjs.org/@types%2fimurmurhash 202ms (from cache)
81 silly pacote tag manifest for @types/inherits@ts3.6 fetched in 205ms
82 silly pacote tag manifest for @types/imurmurhash@ts3.6 fetched in 209ms
83 http fetch GET 304 https://registry.npmjs.org/@types%2fip 217ms (from cache)
84 silly pacote tag manifest for @types/ip@ts3.6 fetched in 219ms
85 http fetch GET 304 https://registry.npmjs.org/@types%2fmedia-typer 204ms (from cache)
86 http fetch GET 304 https://registry.npmjs.org/@types%2fmerge-descriptors 204ms (from cache)
87 http fetch GET 304 https://registry.npmjs.org/@types%2fisexe 218ms (from cache)
88 http fetch GET 304 https://registry.npmjs.org/@types%2fmake-fetch-happen 210ms (from cache)
89 silly pacote tag manifest for @types/media-typer@ts3.6 fetched in 208ms
90 silly pacote tag manifest for @types/isexe@ts3.6 fetched in 220ms
91 silly pacote tag manifest for @types/merge-descriptors@ts3.6 fetched in 209ms
92 silly pacote tag manifest for @types/make-fetch-happen@ts3.6 fetched in 214ms
93 http fetch GET 304 https://registry.npmjs.org/@types%2fmethods 202ms (from cache)
94 http fetch GET 304 https://registry.npmjs.org/@types%2fmime 200ms (from cache)
95 silly pacote tag manifest for @types/methods@ts3.6 fetched in 205ms
96 silly pacote tag manifest for @types/mime@ts3.6 fetched in 204ms
97 http fetch GET 304 https://registry.npmjs.org/@types%2fmime-types 258ms (from cache)
98 http fetch GET 304 https://registry.npmjs.org/@types%2fmime-db 343ms (from cache)
99 http fetch GET 304 https://registry.npmjs.org/@types%2fminimatch 261ms (from cache)
100 http fetch GET 304 https://registry.npmjs.org/@types%2fmkdirp 261ms (from cache)
101 http fetch GET 304 https://registry.npmjs.org/@types%2fminizlib 263ms (from cache)
102 silly pacote tag manifest for @types/mime-types@ts3.6 fetched in 266ms
103 silly pacote tag manifest for @types/mime-db@ts3.6 fetched in 350ms
104 silly pacote tag manifest for @types/minimatch@ts3.6 fetched in 269ms
105 silly pacote tag manifest for @types/mkdirp@ts3.6 fetched in 270ms
106 silly pacote tag manifest for @types/minizlib@ts3.6 fetched in 273ms
107 http fetch GET 304 https://registry.npmjs.org/@types%2fms 312ms (from cache)
108 silly pacote tag manifest for @types/ms@ts3.6 fetched in 313ms
109 http fetch GET 304 https://registry.npmjs.org/@types%2fnpmlog 182ms (from cache)
110 silly pacote tag manifest for @types/npmlog@ts3.6 fetched in 184ms
111 http fetch GET 304 https://registry.npmjs.org/@types%2fobject-inspect 422ms (from cache)
112 http fetch GET 304 https://registry.npmjs.org/@types%2fare-we-there-yet 1521ms (from cache)
113 http fetch GET 304 https://registry.npmjs.org/@types%2fnode-fetch 433ms (from cache)
114 http fetch GET 304 https://registry.npmjs.org/@types%2fnopt 434ms (from cache)
115 silly pacote tag manifest for @types/node-fetch@ts3.6 fetched in 443ms
116 silly pacote tag manifest for @types/object-inspect@ts3.6 fetched in 436ms
117 silly pacote tag manifest for @types/nopt@ts3.6 fetched in 447ms
118 http fetch GET 304 https://registry.npmjs.org/@types%2fchownr 1565ms (from cache)
119 silly pacote tag manifest for @types/are-we-there-yet@ts3.6 fetched in 1576ms
120 silly pacote tag manifest for @types/chownr@ts3.6 fetched in 1572ms
121 http fetch GET 304 https://registry.npmjs.org/@types%2fonce 327ms (from cache)
122 silly pacote tag manifest for @types/once@ts3.6 fetched in 330ms
123 http fetch GET 304 https://registry.npmjs.org/@types%2fon-finished 418ms (from cache)
124 silly pacote tag manifest for @types/on-finished@ts3.6 fetched in 419ms
125 http fetch GET 304 https://registry.npmjs.org/@types%2fqs 140ms (from cache)
126 silly pacote tag manifest for @types/qs@ts3.6 fetched in 150ms
127 http fetch GET 304 https://registry.npmjs.org/@types%2fparseurl 242ms (from cache)
128 silly pacote tag manifest for @types/parseurl@ts3.6 fetched in 244ms
129 http fetch GET 304 https://registry.npmjs.org/@types%2fpromise-inflight 249ms (from cache)
130 silly pacote tag manifest for @types/promise-inflight@ts3.6 fetched in 255ms
131 http fetch GET 304 https://registry.npmjs.org/@types%2frange-parser 274ms (from cache)
132 http fetch GET 304 https://registry.npmjs.org/@types%2fproxy-addr 315ms (from cache)
133 http fetch GET 304 https://registry.npmjs.org/@types%2fpromise-retry 318ms (from cache)
134 silly pacote tag manifest for @types/range-parser@ts3.6 fetched in 279ms
135 silly pacote tag manifest for @types/proxy-addr@ts3.6 fetched in 319ms
136 silly pacote tag manifest for @types/promise-retry@ts3.6 fetched in 321ms
137 http fetch GET 304 https://registry.npmjs.org/@types%2fretry 237ms (from cache)
138 silly pacote tag manifest for @types/retry@ts3.6 fetched in 240ms
139 http fetch GET 304 https://registry.npmjs.org/@types%2frimraf 231ms (from cache)
140 silly pacote tag manifest for @types/rimraf@ts3.6 fetched in 236ms
141 http fetch GET 304 https://registry.npmjs.org/@types%2freadable-stream 284ms (from cache)
142 silly pacote tag manifest for @types/readable-stream@ts3.6 fetched in 286ms
143 http fetch GET 304 https://registry.npmjs.org/@types%2fsend 171ms (from cache)
144 silly pacote tag manifest for @types/send@ts3.6 fetched in 172ms
145 http fetch GET 304 https://registry.npmjs.org/@types%2fsemver 189ms (from cache)
146 silly pacote tag manifest for @types/semver@ts3.6 fetched in 191ms
147 http fetch GET 200 https://registry.npmjs.org/@types%2fset-blocking 104ms
148 silly fetchPackageMetaData error for @types/set-blocking@ts3.6 No matching version found for @types/set-blocking@ts3.6.
149 http fetch GET 304 https://registry.npmjs.org/@types%2fserve-static 194ms (from cache)
150 silly pacote tag manifest for @types/serve-static@ts3.6 fetched in 197ms
151 http fetch GET 304 https://registry.npmjs.org/@types%2fsignal-exit 191ms (from cache)
152 silly pacote tag manifest for @types/signal-exit@ts3.6 fetched in 193ms
153 http fetch GET 304 https://registry.npmjs.org/@types%2fssri 275ms (from cache)
154 http fetch GET 304 https://registry.npmjs.org/@types%2ftar 216ms (from cache)
155 silly pacote tag manifest for @types/ssri@ts3.6 fetched in 281ms
156 silly pacote tag manifest for @types/tar@ts3.6 fetched in 222ms
157 http fetch GET 304 https://registry.npmjs.org/@types%2futil-deprecate 173ms (from cache)
158 silly pacote tag manifest for @types/util-deprecate@ts3.6 fetched in 177ms
159 http fetch GET 304 https://registry.npmjs.org/@types%2ftype-is 185ms (from cache)
160 http fetch GET 304 https://registry.npmjs.org/@types%2ftoidentifier 324ms (from cache)
161 silly registry:manifest no matching version for @types/toidentifier@ts3.6 in the cache. Forcing revalidation.
162 silly pacote tag manifest for @types/type-is@ts3.6 fetched in 192ms
163 http fetch GET 304 https://registry.npmjs.org/@types%2ftr46 334ms (from cache)
164 silly registry:manifest no matching version for @types/tr46@ts3.6 in the cache. Forcing revalidation.
165 http fetch GET 200 https://registry.npmjs.org/@types%2ftoidentifier 162ms
166 silly fetchPackageMetaData error for @types/toidentifier@ts3.6 No matching version found for @types/toidentifier@ts3.6.
167 http fetch GET 304 https://registry.npmjs.org/@types%2fvary 279ms (from cache)
168 http fetch GET 304 https://registry.npmjs.org/@types%2futils-merge 292ms (from cache)
169 silly pacote tag manifest for @types/vary@ts3.6 fetched in 283ms
170 silly pacote tag manifest for @types/utils-merge@ts3.6 fetched in 297ms
171 http fetch GET 304 https://registry.npmjs.org/@types%2fis-lambda 2396ms (from cache)
172 silly registry:manifest no matching version for @types/is-lambda@ts3.6 in the cache. Forcing revalidation.
173 http fetch GET 304 https://registry.npmjs.org/@types%2fwhich 177ms (from cache)
174 silly pacote tag manifest for @types/which@ts3.6 fetched in 181ms
175 http fetch GET 304 https://registry.npmjs.org/@types%2fwebidl-conversions 308ms (from cache)
176 silly pacote tag manifest for @types/webidl-conversions@ts3.6 fetched in 313ms
177 http fetch GET 304 https://registry.npmjs.org/@types%2fwhatwg-url 207ms (from cache)
178 silly pacote tag manifest for @types/whatwg-url@ts3.6 fetched in 210ms
179 http fetch GET 304 https://registry.npmjs.org/@types%2fnegotiator 2201ms (from cache)
180 silly pacote tag manifest for @types/negotiator@ts3.6 fetched in 2203ms
181 http fetch GET 200 https://registry.npmjs.org/@types%2fis-lambda 130ms
182 silly fetchPackageMetaData error for @types/is-lambda@ts3.6 No matching version found for @types/is-lambda@ts3.6.
183 http fetch GET 304 https://registry.npmjs.org/@types%2fyallist 176ms (from cache)
184 silly pacote tag manifest for @types/yallist@ts3.6 fetched in 178ms
185 http fetch GET 304 https://registry.npmjs.org/@types%2fobject-assign 2495ms (from cache)
186 silly pacote tag manifest for @types/object-assign@ts3.6 fetched in 2496ms
187 http fetch GET 304 https://registry.npmjs.org/@types%2fstatuses 1657ms (from cache)
188 silly pacote tag manifest for @types/statuses@ts3.6 fetched in 1660ms
189 http fetch GET 304 https://registry.npmjs.org/@types%2fpath-is-absolute 2381ms (from cache)
190 silly pacote tag manifest for @types/path-is-absolute@ts3.6 fetched in 2382ms
191 http fetch GET 304 https://registry.npmjs.org/@types%2fsafer-buffer 2525ms (from cache)
192 silly pacote tag manifest for @types/safer-buffer@ts3.6 fetched in 2527ms
193 http fetch GET 200 https://registry.npmjs.org/@types%2ftr46 2398ms
194 silly fetchPackageMetaData error for @types/tr46@ts3.6 No matching version found for @types/tr46@ts3.6.
195 timing stage:rollbackFailedOptional Completed in 1ms
196 timing stage:runTopLevelLifecycles Completed in 5033ms
197 verbose type tag
198 verbose stack @types/call-bind: No matching version found for @types/call-bind@ts3.6.
198 verbose stack     at pickManifest (/usr/local/lib/node_modules/npm/node_modules/npm-pick-manifest/index.js:122:13)
198 verbose stack     at /usr/local/lib/node_modules/npm/node_modules/pacote/lib/fetchers/registry/manifest.js:24:14
198 verbose stack     at tryCatcher (/usr/local/lib/node_modules/npm/node_modules/bluebird/js/release/util.js:16:23)
198 verbose stack     at Promise._settlePromiseFromHandler (/usr/local/lib/node_modules/npm/node_modules/bluebird/js/release/promise.js:517:31)
198 verbose stack     at Promise._settlePromise (/usr/local/lib/node_modules/npm/node_modules/bluebird/js/release/promise.js:574:18)
198 verbose stack     at Promise._settlePromise0 (/usr/local/lib/node_modules/npm/node_modules/bluebird/js/release/promise.js:619:10)
198 verbose stack     at Promise._settlePromises (/usr/local/lib/node_modules/npm/node_modules/bluebird/js/release/promise.js:699:18)
198 verbose stack     at _drainQueueStep (/usr/local/lib/node_modules/npm/node_modules/bluebird/js/release/async.js:138:12)
198 verbose stack     at _drainQueue (/usr/local/lib/node_modules/npm/node_modules/bluebird/js/release/async.js:131:9)
198 verbose stack     at Async._drainQueues (/usr/local/lib/node_modules/npm/node_modules/bluebird/js/release/async.js:147:5)
198 verbose stack     at Immediate.Async.drainQueues [as _onImmediate] (/usr/local/lib/node_modules/npm/node_modules/bluebird/js/release/async.js:17:14)
198 verbose stack     at processImmediate (internal/timers.js:456:21)
199 verbose cwd /home/theia/.cache/typescript/3.6
200 verbose Linux 5.10.102.1-microsoft-standard-WSL2
201 verbose argv "/usr/local/bin/node" "/usr/local/bin/npm" "install" "--ignore-scripts" "@types/abbrev@ts3.6" "@types/accepts@ts3.6" "@types/are-we-there-yet@ts3.6" "@types/balanced-match@ts3.6" "@types/body-parser@ts3.6" "@types/brace-expansion@ts3.6" "@types/bytes@ts3.6" "@types/cacache@ts3.6" "@types/call-bind@ts3.6" "@types/chownr@ts3.6" "@types/color-support@ts3.6" "@types/concat-map@ts3.6" "@types/content-disposition@ts3.6" "@types/content-type@ts3.6" "@types/cookie@ts3.6" "@types/cookie-signature@ts3.6" "@types/debug@ts3.6" "@types/delegates@ts3.6" "@types/depd@ts3.6" "@types/destroy@ts3.6" "@types/detect-libc@ts3.6" "@types/ee-first@ts3.6" "@types/encodeurl@ts3.6" "@types/escape-html@ts3.6" "@types/etag@ts3.6" "@types/finalhandler@ts3.6" "@types/forwarded@ts3.6" "@types/fresh@ts3.6" "@types/fs-minipass@ts3.6" "@types/function-bind@ts3.6" "@types/get-intrinsic@ts3.6" "@types/glob@ts3.6" "@types/graceful-fs@ts3.6" "@types/has@ts3.6" "@types/has-symbols@ts3.6" "@types/http-cache-semantics@ts3.6" "@types/http-errors@ts3.6" "@types/humanize-ms@ts3.6" "@types/imurmurhash@ts3.6" "@types/inherits@ts3.6" "@types/ip@ts3.6" "@types/is-lambda@ts3.6" "@types/isexe@ts3.6" "@types/make-fetch-happen@ts3.6" "@types/media-typer@ts3.6" "@types/merge-descriptors@ts3.6" "@types/methods@ts3.6" "@types/mime@ts3.6" "@types/mime-db@ts3.6" "@types/mime-types@ts3.6" "@types/minimatch@ts3.6" "@types/minizlib@ts3.6" "@types/mkdirp@ts3.6" "@types/ms@ts3.6" "@types/negotiator@ts3.6" "@types/node-fetch@ts3.6" "@types/nopt@ts3.6" "@types/npmlog@ts3.6" "@types/object-assign@ts3.6" "@types/object-inspect@ts3.6" "@types/on-finished@ts3.6" "@types/once@ts3.6" "@types/parseurl@ts3.6" "@types/path-is-absolute@ts3.6" "@types/promise-inflight@ts3.6" "@types/promise-retry@ts3.6" "@types/proxy-addr@ts3.6" "@types/qs@ts3.6" "@types/range-parser@ts3.6" "@types/readable-stream@ts3.6" "@types/retry@ts3.6" "@types/rimraf@ts3.6" "@types/safer-buffer@ts3.6" "@types/semver@ts3.6" "@types/send@ts3.6" "@types/serve-static@ts3.6" "@types/set-blocking@ts3.6" "@types/signal-exit@ts3.6" "@types/ssri@ts3.6" "@types/statuses@ts3.6" "@types/tar@ts3.6" "@types/toidentifier@ts3.6" "@types/tr46@ts3.6" "@types/type-is@ts3.6" "@types/util-deprecate@ts3.6" "@types/utils-merge@ts3.6" "@types/vary@ts3.6" "@types/webidl-conversions@ts3.6" "@types/whatwg-url@ts3.6" "@types/which@ts3.6" "@types/yallist@ts3.6" "--save-dev" "--user-agent=typesInstaller/3.6.3"
202 verbose node v12.18.3
203 verbose npm  v6.14.6
204 error code ETARGET
205 error notarget No matching version found for @types/call-bind@ts3.6.
206 error notarget In most cases you or one of your dependencies are requesting
206 error notarget a package version that doesn't exist.
207 verbose exit [ 1, true ]
