0 info it worked if it ends with ok
1 verbose cli [
1 verbose cli   '/usr/local/bin/node',
1 verbose cli   '/usr/local/bin/npm',
1 verbose cli   'install',
1 verbose cli   '--ignore-scripts',
1 verbose cli   '@types/abbrev@ts3.6',
1 verbose cli   '@types/accepts@ts3.6',
1 verbose cli   '@types/are-we-there-yet@ts3.6',
1 verbose cli   '@types/balanced-match@ts3.6',
1 verbose cli   '@types/body-parser@ts3.6',
1 verbose cli   '@types/brace-expansion@ts3.6',
1 verbose cli   '@types/bytes@ts3.6',
1 verbose cli   '@types/cacache@ts3.6',
1 verbose cli   '@types/call-bind@ts3.6',
1 verbose cli   '@types/chownr@ts3.6',
1 verbose cli   '@types/color-support@ts3.6',
1 verbose cli   '@types/concat-map@ts3.6',
1 verbose cli   '@types/content-disposition@ts3.6',
1 verbose cli   '@types/content-type@ts3.6',
1 verbose cli   '@types/cookie@ts3.6',
1 verbose cli   '@types/cookie-signature@ts3.6',
1 verbose cli   '@types/debug@ts3.6',
1 verbose cli   '@types/delegates@ts3.6',
1 verbose cli   '@types/depd@ts3.6',
1 verbose cli   '@types/destroy@ts3.6',
1 verbose cli   '@types/detect-libc@ts3.6',
1 verbose cli   '@types/ee-first@ts3.6',
1 verbose cli   '@types/encodeurl@ts3.6',
1 verbose cli   '@types/escape-html@ts3.6',
1 verbose cli   '@types/etag@ts3.6',
1 verbose cli   '@types/finalhandler@ts3.6',
1 verbose cli   '@types/forwarded@ts3.6',
1 verbose cli   '@types/fresh@ts3.6',
1 verbose cli   '@types/fs-minipass@ts3.6',
1 verbose cli   '@types/function-bind@ts3.6',
1 verbose cli   '@types/get-intrinsic@ts3.6',
1 verbose cli   '@types/glob@ts3.6',
1 verbose cli   '@types/graceful-fs@ts3.6',
1 verbose cli   '@types/has@ts3.6',
1 verbose cli   '@types/has-symbols@ts3.6',
1 verbose cli   '@types/http-cache-semantics@ts3.6',
1 verbose cli   '@types/http-errors@ts3.6',
1 verbose cli   '@types/humanize-ms@ts3.6',
1 verbose cli   '@types/imurmurhash@ts3.6',
1 verbose cli   '@types/inherits@ts3.6',
1 verbose cli   '@types/ip@ts3.6',
1 verbose cli   '@types/is-lambda@ts3.6',
1 verbose cli   '@types/isexe@ts3.6',
1 verbose cli   '@types/make-fetch-happen@ts3.6',
1 verbose cli   '@types/media-typer@ts3.6',
1 verbose cli   '@types/merge-descriptors@ts3.6',
1 verbose cli   '@types/methods@ts3.6',
1 verbose cli   '@types/mime@ts3.6',
1 verbose cli   '@types/mime-db@ts3.6',
1 verbose cli   '@types/mime-types@ts3.6',
1 verbose cli   '@types/minimatch@ts3.6',
1 verbose cli   '@types/minizlib@ts3.6',
1 verbose cli   '@types/mkdirp@ts3.6',
1 verbose cli   '@types/ms@ts3.6',
1 verbose cli   '@types/negotiator@ts3.6',
1 verbose cli   '@types/node-fetch@ts3.6',
1 verbose cli   '@types/nopt@ts3.6',
1 verbose cli   '@types/npmlog@ts3.6',
1 verbose cli   '@types/object-assign@ts3.6',
1 verbose cli   '@types/object-inspect@ts3.6',
1 verbose cli   '@types/on-finished@ts3.6',
1 verbose cli   '@types/once@ts3.6',
1 verbose cli   '@types/parseurl@ts3.6',
1 verbose cli   '@types/path-is-absolute@ts3.6',
1 verbose cli   '@types/promise-inflight@ts3.6',
1 verbose cli   '@types/promise-retry@ts3.6',
1 verbose cli   '@types/proxy-addr@ts3.6',
1 verbose cli   '@types/qs@ts3.6',
1 verbose cli   '@types/range-parser@ts3.6',
1 verbose cli   '@types/readable-stream@ts3.6',
1 verbose cli   '@types/retry@ts3.6',
1 verbose cli   '@types/rimraf@ts3.6',
1 verbose cli   '@types/safer-buffer@ts3.6',
1 verbose cli   '@types/semver@ts3.6',
1 verbose cli   '@types/send@ts3.6',
1 verbose cli   '@types/serve-static@ts3.6',
1 verbose cli   '@types/set-blocking@ts3.6',
1 verbose cli   '@types/signal-exit@ts3.6',
1 verbose cli   '@types/ssri@ts3.6',
1 verbose cli   '@types/statuses@ts3.6',
1 verbose cli   '@types/tar@ts3.6',
1 verbose cli   '@types/toidentifier@ts3.6',
1 verbose cli   '@types/tr46@ts3.6',
1 verbose cli   '@types/type-is@ts3.6',
1 verbose cli   '@types/util-deprecate@ts3.6',
1 verbose cli   '@types/utils-merge@ts3.6',
1 verbose cli   '@types/vary@ts3.6',
1 verbose cli   '@types/webidl-conversions@ts3.6',
1 verbose cli   '@types/whatwg-url@ts3.6',
1 verbose cli   '@types/which@ts3.6',
1 verbose cli   '@types/yallist@ts3.6',
1 verbose cli   '--save-dev',
1 verbose cli   '--user-agent=typesInstaller/3.6.3'
1 verbose cli ]
2 info using npm@6.14.6
3 info using node@v12.18.3
4 verbose npm-session 0e1f57c88f4d4781
5 silly install loadCurrentTree
6 silly install readLocalPackageData
7 http fetch GET 304 https://registry.npmjs.org/@types%2faccepts 1556ms (from cache)
8 http fetch GET 304 https://registry.npmjs.org/@types%2fbody-parser 1553ms (from cache)
9 silly pacote tag manifest for @types/accepts@ts3.6 fetched in 1567ms
10 silly pacote tag manifest for @types/body-parser@ts3.6 fetched in 1562ms
11 http fetch GET 304 https://registry.npmjs.org/@types%2fchownr 1647ms (from cache)
12 http fetch GET 304 https://registry.npmjs.org/@types%2fcacache 1660ms (from cache)
13 http fetch GET 304 https://registry.npmjs.org/@types%2fcall-bind 1657ms (from cache)
14 silly registry:manifest no matching version for @types/call-bind@ts3.6 in the cache. Forcing revalidation.
15 silly pacote tag manifest for @types/chownr@ts3.6 fetched in 1658ms
16 silly pacote tag manifest for @types/cacache@ts3.6 fetched in 1671ms
17 http fetch GET 200 https://registry.npmjs.org/@types%2fcall-bind 246ms
18 silly fetchPackageMetaData error for @types/call-bind@ts3.6 No matching version found for @types/call-bind@ts3.6.
19 http fetch GET 304 https://registry.npmjs.org/@types%2fcolor-support 368ms (from cache)
20 silly pacote tag manifest for @types/color-support@ts3.6 fetched in 378ms
21 http fetch GET 304 https://registry.npmjs.org/@types%2fcontent-type 445ms (from cache)
22 silly pacote tag manifest for @types/content-type@ts3.6 fetched in 451ms
23 http fetch GET 304 https://registry.npmjs.org/@types%2fcookie-signature 466ms (from cache)
24 http fetch GET 304 https://registry.npmjs.org/@types%2fcookie 498ms (from cache)
25 http fetch GET 304 https://registry.npmjs.org/@types%2fbytes 2431ms (from cache)
26 silly pacote tag manifest for @types/cookie-signature@ts3.6 fetched in 540ms
27 silly pacote tag manifest for @types/cookie@ts3.6 fetched in 678ms
28 silly pacote tag manifest for @types/bytes@ts3.6 fetched in 2605ms
29 http fetch GET 304 https://registry.npmjs.org/@types%2fdebug 583ms (from cache)
30 http fetch GET 304 https://registry.npmjs.org/@types%2fconcat-map 1158ms (from cache)
31 http fetch GET 304 https://registry.npmjs.org/@types%2fcontent-disposition 1052ms (from cache)
32 silly pacote tag manifest for @types/content-disposition@ts3.6 fetched in 1063ms
33 silly pacote tag manifest for @types/debug@ts3.6 fetched in 609ms
34 silly pacote tag manifest for @types/concat-map@ts3.6 fetched in 1176ms
35 http fetch GET 304 https://registry.npmjs.org/@types%2fbalanced-match 2761ms (from cache)
36 silly pacote tag manifest for @types/balanced-match@ts3.6 fetched in 2767ms
37 http fetch GET 304 https://registry.npmjs.org/@types%2fbrace-expansion 2921ms (from cache)
38 silly pacote tag manifest for @types/brace-expansion@ts3.6 fetched in 2928ms
39 http fetch GET 304 https://registry.npmjs.org/@types%2fdepd 326ms (from cache)
40 silly pacote tag manifest for @types/depd@ts3.6 fetched in 328ms
41 http fetch GET 304 https://registry.npmjs.org/@types%2fdestroy 430ms (from cache)
42 http fetch GET 304 https://registry.npmjs.org/@types%2fencodeurl 301ms (from cache)
43 http fetch GET 304 https://registry.npmjs.org/@types%2fescape-html 284ms (from cache)
44 silly pacote tag manifest for @types/destroy@ts3.6 fetched in 439ms
45 silly pacote tag manifest for @types/encodeurl@ts3.6 fetched in 310ms
46 silly pacote tag manifest for @types/escape-html@ts3.6 fetched in 291ms
47 http fetch GET 304 https://registry.npmjs.org/@types%2fdetect-libc 360ms (from cache)
48 silly pacote tag manifest for @types/detect-libc@ts3.6 fetched in 363ms
49 http fetch GET 304 https://registry.npmjs.org/@types%2ffinalhandler 292ms (from cache)
50 silly pacote tag manifest for @types/finalhandler@ts3.6 fetched in 295ms
51 http fetch GET 304 https://registry.npmjs.org/@types%2fforwarded 212ms (from cache)
52 silly pacote tag manifest for @types/forwarded@ts3.6 fetched in 213ms
53 http fetch GET 304 https://registry.npmjs.org/@types%2ffresh 281ms (from cache)
54 silly pacote tag manifest for @types/fresh@ts3.6 fetched in 287ms
55 http fetch GET 304 https://registry.npmjs.org/@types%2ffunction-bind 251ms (from cache)
56 http fetch GET 304 https://registry.npmjs.org/@types%2ffs-minipass 295ms (from cache)
57 silly registry:manifest no matching version for @types/fs-minipass@ts3.6 in the cache. Forcing revalidation.
58 silly pacote tag manifest for @types/function-bind@ts3.6 fetched in 258ms
59 http fetch GET 304 https://registry.npmjs.org/@types%2fget-intrinsic 259ms (from cache)
60 silly registry:manifest no matching version for @types/get-intrinsic@ts3.6 in the cache. Forcing revalidation.
61 http fetch GET 304 https://registry.npmjs.org/@types%2fglob 233ms (from cache)
62 silly pacote tag manifest for @types/glob@ts3.6 fetched in 238ms
63 http fetch GET 304 https://registry.npmjs.org/@types%2fgraceful-fs 212ms (from cache)
64 http fetch GET 200 https://registry.npmjs.org/@types%2ffs-minipass 204ms
65 silly fetchPackageMetaData error for @types/fs-minipass@ts3.6 No matching version found for @types/fs-minipass@ts3.6.
66 silly pacote tag manifest for @types/graceful-fs@ts3.6 fetched in 217ms
67 http fetch GET 304 https://registry.npmjs.org/@types%2fare-we-there-yet 3783ms (from cache)
68 http fetch GET 304 https://registry.npmjs.org/@types%2fabbrev 3791ms (from cache)
69 http fetch GET 304 https://registry.npmjs.org/@types%2fhas-symbols 280ms (from cache)
70 silly pacote tag manifest for @types/are-we-there-yet@ts3.6 fetched in 3789ms
71 silly pacote tag manifest for @types/abbrev@ts3.6 fetched in 3804ms
72 silly pacote tag manifest for @types/has-symbols@ts3.6 fetched in 285ms
73 http fetch GET 304 https://registry.npmjs.org/@types%2fhttp-cache-semantics 291ms (from cache)
74 silly pacote tag manifest for @types/http-cache-semantics@ts3.6 fetched in 296ms
75 http fetch GET 304 https://registry.npmjs.org/@types%2fhttp-errors 348ms (from cache)
76 silly pacote tag manifest for @types/http-errors@ts3.6 fetched in 352ms
77 http fetch GET 304 https://registry.npmjs.org/@types%2finherits 192ms (from cache)
78 silly pacote tag manifest for @types/inherits@ts3.6 fetched in 214ms
79 http fetch GET 304 https://registry.npmjs.org/@types%2fhumanize-ms 248ms (from cache)
80 silly pacote tag manifest for @types/humanize-ms@ts3.6 fetched in 249ms
81 http fetch GET 200 https://registry.npmjs.org/@types%2fis-lambda 146ms
82 silly fetchPackageMetaData error for @types/is-lambda@ts3.6 No matching version found for @types/is-lambda@ts3.6.
83 http fetch GET 304 https://registry.npmjs.org/@types%2fip 223ms (from cache)
84 http fetch GET 304 https://registry.npmjs.org/@types%2fdelegates 1599ms (from cache)
85 silly registry:manifest no matching version for @types/delegates@ts3.6 in the cache. Forcing revalidation.
86 silly pacote tag manifest for @types/ip@ts3.6 fetched in 226ms
87 http fetch GET 304 https://registry.npmjs.org/@types%2fmedia-typer 204ms (from cache)
88 silly pacote tag manifest for @types/media-typer@ts3.6 fetched in 209ms
89 http fetch GET 304 https://registry.npmjs.org/@types%2fisexe 275ms (from cache)
90 silly pacote tag manifest for @types/isexe@ts3.6 fetched in 278ms
91 http fetch GET 304 https://registry.npmjs.org/@types%2fetag 1468ms (from cache)
92 silly pacote tag manifest for @types/etag@ts3.6 fetched in 1470ms
93 http fetch GET 304 https://registry.npmjs.org/@types%2fmime 189ms (from cache)
94 silly pacote tag manifest for @types/mime@ts3.6 fetched in 191ms
95 http fetch GET 304 https://registry.npmjs.org/@types%2fmime-db 199ms (from cache)
96 silly pacote tag manifest for @types/mime-db@ts3.6 fetched in 202ms
97 http fetch GET 304 https://registry.npmjs.org/@types%2fmime-types 178ms (from cache)
98 silly pacote tag manifest for @types/mime-types@ts3.6 fetched in 180ms
99 http fetch GET 304 https://registry.npmjs.org/@types%2fminimatch 189ms (from cache)
100 silly pacote tag manifest for @types/minimatch@ts3.6 fetched in 198ms
101 http fetch GET 304 https://registry.npmjs.org/@types%2fminizlib 212ms (from cache)
102 silly pacote tag manifest for @types/minizlib@ts3.6 fetched in 214ms
103 http fetch GET 304 https://registry.npmjs.org/@types%2fms 190ms (from cache)
104 silly pacote tag manifest for @types/ms@ts3.6 fetched in 192ms
105 http fetch GET 200 https://registry.npmjs.org/@types%2fget-intrinsic 1721ms
106 silly fetchPackageMetaData error for @types/get-intrinsic@ts3.6 No matching version found for @types/get-intrinsic@ts3.6.
107 http fetch GET 304 https://registry.npmjs.org/@types%2fnegotiator 187ms (from cache)
108 silly pacote tag manifest for @types/negotiator@ts3.6 fetched in 189ms
109 http fetch GET 304 https://registry.npmjs.org/@types%2fee-first 2613ms (from cache)
110 silly pacote tag manifest for @types/ee-first@ts3.6 fetched in 2615ms
111 http fetch GET 304 https://registry.npmjs.org/@types%2fnode-fetch 183ms (from cache)
112 silly pacote tag manifest for @types/node-fetch@ts3.6 fetched in 186ms
113 http fetch GET 304 https://registry.npmjs.org/@types%2fnopt 179ms (from cache)
114 silly pacote tag manifest for @types/nopt@ts3.6 fetched in 182ms
115 http fetch GET 304 https://registry.npmjs.org/@types%2fimurmurhash 1705ms (from cache)
116 silly pacote tag manifest for @types/imurmurhash@ts3.6 fetched in 1710ms
117 http fetch GET 304 https://registry.npmjs.org/@types%2fobject-assign 196ms (from cache)
118 silly pacote tag manifest for @types/object-assign@ts3.6 fetched in 200ms
119 http fetch GET 304 https://registry.npmjs.org/@types%2fobject-inspect 244ms (from cache)
120 silly pacote tag manifest for @types/object-inspect@ts3.6 fetched in 252ms
121 http fetch GET 304 https://registry.npmjs.org/@types%2fon-finished 232ms (from cache)
122 http fetch GET 304 https://registry.npmjs.org/@types%2fhas 2375ms (from cache)
123 silly pacote tag manifest for @types/on-finished@ts3.6 fetched in 236ms
124 silly pacote tag manifest for @types/has@ts3.6 fetched in 2379ms
125 http fetch GET 304 https://registry.npmjs.org/@types%2fparseurl 215ms (from cache)
126 silly pacote tag manifest for @types/parseurl@ts3.6 fetched in 219ms
127 http fetch GET 304 https://registry.npmjs.org/@types%2fpromise-inflight 254ms (from cache)
128 http fetch GET 304 https://registry.npmjs.org/@types%2fpath-is-absolute 259ms (from cache)
129 silly pacote tag manifest for @types/promise-inflight@ts3.6 fetched in 260ms
130 silly pacote tag manifest for @types/path-is-absolute@ts3.6 fetched in 263ms
131 http fetch GET 304 https://registry.npmjs.org/@types%2fnpmlog 840ms (from cache)
132 silly pacote tag manifest for @types/npmlog@ts3.6 fetched in 841ms
133 http fetch GET 304 https://registry.npmjs.org/@types%2fproxy-addr 217ms (from cache)
134 silly pacote tag manifest for @types/proxy-addr@ts3.6 fetched in 219ms
135 http fetch GET 304 https://registry.npmjs.org/@types%2fqs 244ms (from cache)
136 silly pacote tag manifest for @types/qs@ts3.6 fetched in 246ms
137 http fetch GET 304 https://registry.npmjs.org/@types%2fmerge-descriptors 2163ms (from cache)
138 silly pacote tag manifest for @types/merge-descriptors@ts3.6 fetched in 2164ms
139 http fetch GET 304 https://registry.npmjs.org/@types%2fmake-fetch-happen 2349ms (from cache)
140 silly pacote tag manifest for @types/make-fetch-happen@ts3.6 fetched in 2351ms
141 http fetch GET 200 https://registry.npmjs.org/@types%2fdelegates 2339ms
142 silly fetchPackageMetaData error for @types/delegates@ts3.6 No matching version found for @types/delegates@ts3.6.
143 http fetch GET 304 https://registry.npmjs.org/@types%2frimraf 193ms (from cache)
144 silly pacote tag manifest for @types/rimraf@ts3.6 fetched in 196ms
145 http fetch GET 304 https://registry.npmjs.org/@types%2fsafer-buffer 195ms (from cache)
146 silly pacote tag manifest for @types/safer-buffer@ts3.6 fetched in 199ms
147 http fetch GET 304 https://registry.npmjs.org/@types%2fsend 216ms (from cache)
148 http fetch GET 304 https://registry.npmjs.org/@types%2fsemver 240ms (from cache)
149 http fetch GET 304 https://registry.npmjs.org/@types%2fmethods 2394ms (from cache)
150 silly pacote tag manifest for @types/send@ts3.6 fetched in 221ms
151 silly pacote tag manifest for @types/semver@ts3.6 fetched in 243ms
152 silly pacote tag manifest for @types/methods@ts3.6 fetched in 2397ms
153 http fetch GET 304 https://registry.npmjs.org/@types%2fserve-static 187ms (from cache)
154 silly pacote tag manifest for @types/serve-static@ts3.6 fetched in 191ms
155 http fetch GET 304 https://registry.npmjs.org/@types%2fset-blocking 210ms (from cache)
156 silly registry:manifest no matching version for @types/set-blocking@ts3.6 in the cache. Forcing revalidation.
157 http fetch GET 304 https://registry.npmjs.org/@types%2fsignal-exit 273ms (from cache)
158 silly pacote tag manifest for @types/signal-exit@ts3.6 fetched in 276ms
159 http fetch GET 304 https://registry.npmjs.org/@types%2fstatuses 210ms (from cache)
160 silly pacote tag manifest for @types/statuses@ts3.6 fetched in 212ms
161 http fetch GET 304 https://registry.npmjs.org/@types%2fmkdirp 2263ms (from cache)
162 silly pacote tag manifest for @types/mkdirp@ts3.6 fetched in 2265ms
163 http fetch GET 200 https://registry.npmjs.org/@types%2fset-blocking 837ms
164 silly fetchPackageMetaData error for @types/set-blocking@ts3.6 No matching version found for @types/set-blocking@ts3.6.
165 http fetch GET 304 https://registry.npmjs.org/@types%2frange-parser 1659ms (from cache)
166 silly pacote tag manifest for @types/range-parser@ts3.6 fetched in 1660ms
167 http fetch GET 304 https://registry.npmjs.org/@types%2fretry 1661ms (from cache)
168 silly pacote tag manifest for @types/retry@ts3.6 fetched in 1673ms
169 http fetch GET 304 https://registry.npmjs.org/@types%2ftype-is 253ms (from cache)
170 silly pacote tag manifest for @types/type-is@ts3.6 fetched in 259ms
171 http fetch GET 304 https://registry.npmjs.org/@types%2fonce 2405ms (from cache)
172 silly pacote tag manifest for @types/once@ts3.6 fetched in 2412ms
173 http fetch GET 304 https://registry.npmjs.org/@types%2fvary 381ms (from cache)
174 silly pacote tag manifest for @types/vary@ts3.6 fetched in 388ms
175 http fetch GET 200 https://registry.npmjs.org/@types%2ftr46 1381ms
176 silly fetchPackageMetaData error for @types/tr46@ts3.6 No matching version found for @types/tr46@ts3.6.
177 http fetch GET 304 https://registry.npmjs.org/@types%2fpromise-retry 2576ms (from cache)
178 silly pacote tag manifest for @types/promise-retry@ts3.6 fetched in 2577ms
179 http fetch GET 304 https://registry.npmjs.org/@types%2freadable-stream 2461ms (from cache)
180 silly pacote tag manifest for @types/readable-stream@ts3.6 fetched in 2473ms
181 http fetch GET 304 https://registry.npmjs.org/@types%2fwebidl-conversions 678ms (from cache)
182 silly pacote tag manifest for @types/webidl-conversions@ts3.6 fetched in 681ms
183 http fetch GET 304 https://registry.npmjs.org/@types%2fwhatwg-url 333ms (from cache)
184 silly pacote tag manifest for @types/whatwg-url@ts3.6 fetched in 337ms
185 http fetch GET 304 https://registry.npmjs.org/@types%2fyallist 291ms (from cache)
186 silly pacote tag manifest for @types/yallist@ts3.6 fetched in 296ms
187 http fetch GET 304 https://registry.npmjs.org/@types%2fssri 2193ms (from cache)
188 silly pacote tag manifest for @types/ssri@ts3.6 fetched in 2198ms
189 http fetch GET 200 https://registry.npmjs.org/@types%2ftoidentifier 2348ms
190 silly fetchPackageMetaData error for @types/toidentifier@ts3.6 No matching version found for @types/toidentifier@ts3.6.
191 http fetch GET 304 https://registry.npmjs.org/@types%2ftar 2534ms (from cache)
192 silly pacote tag manifest for @types/tar@ts3.6 fetched in 2535ms
193 http fetch GET 304 https://registry.npmjs.org/@types%2fwhich 1641ms (from cache)
194 silly pacote tag manifest for @types/which@ts3.6 fetched in 1643ms
195 http fetch GET 304 https://registry.npmjs.org/@types%2futil-deprecate 2542ms (from cache)
196 silly pacote tag manifest for @types/util-deprecate@ts3.6 fetched in 2544ms
197 http fetch GET 304 https://registry.npmjs.org/@types%2futils-merge 2588ms (from cache)
198 silly pacote tag manifest for @types/utils-merge@ts3.6 fetched in 2591ms
199 timing stage:rollbackFailedOptional Completed in 1ms
200 timing stage:runTopLevelLifecycles Completed in 10603ms
201 verbose type tag
202 verbose stack @types/call-bind: No matching version found for @types/call-bind@ts3.6.
202 verbose stack     at pickManifest (/usr/local/lib/node_modules/npm/node_modules/npm-pick-manifest/index.js:122:13)
202 verbose stack     at /usr/local/lib/node_modules/npm/node_modules/pacote/lib/fetchers/registry/manifest.js:43:18
202 verbose stack     at tryCatcher (/usr/local/lib/node_modules/npm/node_modules/bluebird/js/release/util.js:16:23)
202 verbose stack     at Promise._settlePromiseFromHandler (/usr/local/lib/node_modules/npm/node_modules/bluebird/js/release/promise.js:517:31)
202 verbose stack     at Promise._settlePromise (/usr/local/lib/node_modules/npm/node_modules/bluebird/js/release/promise.js:574:18)
202 verbose stack     at Promise._settlePromise0 (/usr/local/lib/node_modules/npm/node_modules/bluebird/js/release/promise.js:619:10)
202 verbose stack     at Promise._settlePromises (/usr/local/lib/node_modules/npm/node_modules/bluebird/js/release/promise.js:699:18)
202 verbose stack     at _drainQueueStep (/usr/local/lib/node_modules/npm/node_modules/bluebird/js/release/async.js:138:12)
202 verbose stack     at _drainQueue (/usr/local/lib/node_modules/npm/node_modules/bluebird/js/release/async.js:131:9)
202 verbose stack     at Async._drainQueues (/usr/local/lib/node_modules/npm/node_modules/bluebird/js/release/async.js:147:5)
202 verbose stack     at Immediate.Async.drainQueues [as _onImmediate] (/usr/local/lib/node_modules/npm/node_modules/bluebird/js/release/async.js:17:14)
202 verbose stack     at processImmediate (internal/timers.js:456:21)
203 verbose cwd /home/theia/.cache/typescript/3.6
204 verbose Linux 5.10.102.1-microsoft-standard-WSL2
205 verbose argv "/usr/local/bin/node" "/usr/local/bin/npm" "install" "--ignore-scripts" "@types/abbrev@ts3.6" "@types/accepts@ts3.6" "@types/are-we-there-yet@ts3.6" "@types/balanced-match@ts3.6" "@types/body-parser@ts3.6" "@types/brace-expansion@ts3.6" "@types/bytes@ts3.6" "@types/cacache@ts3.6" "@types/call-bind@ts3.6" "@types/chownr@ts3.6" "@types/color-support@ts3.6" "@types/concat-map@ts3.6" "@types/content-disposition@ts3.6" "@types/content-type@ts3.6" "@types/cookie@ts3.6" "@types/cookie-signature@ts3.6" "@types/debug@ts3.6" "@types/delegates@ts3.6" "@types/depd@ts3.6" "@types/destroy@ts3.6" "@types/detect-libc@ts3.6" "@types/ee-first@ts3.6" "@types/encodeurl@ts3.6" "@types/escape-html@ts3.6" "@types/etag@ts3.6" "@types/finalhandler@ts3.6" "@types/forwarded@ts3.6" "@types/fresh@ts3.6" "@types/fs-minipass@ts3.6" "@types/function-bind@ts3.6" "@types/get-intrinsic@ts3.6" "@types/glob@ts3.6" "@types/graceful-fs@ts3.6" "@types/has@ts3.6" "@types/has-symbols@ts3.6" "@types/http-cache-semantics@ts3.6" "@types/http-errors@ts3.6" "@types/humanize-ms@ts3.6" "@types/imurmurhash@ts3.6" "@types/inherits@ts3.6" "@types/ip@ts3.6" "@types/is-lambda@ts3.6" "@types/isexe@ts3.6" "@types/make-fetch-happen@ts3.6" "@types/media-typer@ts3.6" "@types/merge-descriptors@ts3.6" "@types/methods@ts3.6" "@types/mime@ts3.6" "@types/mime-db@ts3.6" "@types/mime-types@ts3.6" "@types/minimatch@ts3.6" "@types/minizlib@ts3.6" "@types/mkdirp@ts3.6" "@types/ms@ts3.6" "@types/negotiator@ts3.6" "@types/node-fetch@ts3.6" "@types/nopt@ts3.6" "@types/npmlog@ts3.6" "@types/object-assign@ts3.6" "@types/object-inspect@ts3.6" "@types/on-finished@ts3.6" "@types/once@ts3.6" "@types/parseurl@ts3.6" "@types/path-is-absolute@ts3.6" "@types/promise-inflight@ts3.6" "@types/promise-retry@ts3.6" "@types/proxy-addr@ts3.6" "@types/qs@ts3.6" "@types/range-parser@ts3.6" "@types/readable-stream@ts3.6" "@types/retry@ts3.6" "@types/rimraf@ts3.6" "@types/safer-buffer@ts3.6" "@types/semver@ts3.6" "@types/send@ts3.6" "@types/serve-static@ts3.6" "@types/set-blocking@ts3.6" "@types/signal-exit@ts3.6" "@types/ssri@ts3.6" "@types/statuses@ts3.6" "@types/tar@ts3.6" "@types/toidentifier@ts3.6" "@types/tr46@ts3.6" "@types/type-is@ts3.6" "@types/util-deprecate@ts3.6" "@types/utils-merge@ts3.6" "@types/vary@ts3.6" "@types/webidl-conversions@ts3.6" "@types/whatwg-url@ts3.6" "@types/which@ts3.6" "@types/yallist@ts3.6" "--save-dev" "--user-agent=typesInstaller/3.6.3"
206 verbose node v12.18.3
207 verbose npm  v6.14.6
208 error code ETARGET
209 error notarget No matching version found for @types/call-bind@ts3.6.
210 error notarget In most cases you or one of your dependencies are requesting
210 error notarget a package version that doesn't exist.
211 verbose exit [ 1, true ]
