0 info it worked if it ends with ok
1 verbose cli [
1 verbose cli   '/usr/local/bin/node',
1 verbose cli   '/usr/local/bin/npm',
1 verbose cli   'install',
1 verbose cli   '--ignore-scripts',
1 verbose cli   '@types/abbrev@ts3.6',
1 verbose cli   '@types/accepts@ts3.6',
1 verbose cli   '@types/are-we-there-yet@ts3.6',
1 verbose cli   '@types/asn1@ts3.6',
1 verbose cli   '@types/assert-plus@ts3.6',
1 verbose cli   '@types/aws4@ts3.6',
1 verbose cli   '@types/balanced-match@ts3.6',
1 verbose cli   '@types/body-parser@ts3.6',
1 verbose cli   '@types/brace-expansion@ts3.6',
1 verbose cli   '@types/bytes@ts3.6',
1 verbose cli   '@types/call-bind@ts3.6',
1 verbose cli   '@types/caseless@ts3.6',
1 verbose cli   '@types/chownr@ts3.6',
1 verbose cli   '@types/combined-stream@ts3.6',
1 verbose cli   '@types/concat-map@ts3.6',
1 verbose cli   '@types/content-disposition@ts3.6',
1 verbose cli   '@types/content-type@ts3.6',
1 verbose cli   '@types/cookie@ts3.6',
1 verbose cli   '@types/cookie-signature@ts3.6',
1 verbose cli   '@types/dashdash@ts3.6',
1 verbose cli   '@types/debug@ts3.6',
1 verbose cli   '@types/deep-extend@ts3.6',
1 verbose cli   '@types/delegates@ts3.6',
1 verbose cli   '@types/depd@ts3.6',
1 verbose cli   '@types/destroy@ts3.6',
1 verbose cli   '@types/detect-libc@ts3.6',
1 verbose cli   '@types/ee-first@ts3.6',
1 verbose cli   '@types/encodeurl@ts3.6',
1 verbose cli   '@types/escape-html@ts3.6',
1 verbose cli   '@types/etag@ts3.6',
1 verbose cli   '@types/extend@ts3.6',
1 verbose cli   '@types/extsprintf@ts3.6',
1 verbose cli   '@types/finalhandler@ts3.6',
1 verbose cli   '@types/forever-agent@ts3.6',
1 verbose cli   '@types/forwarded@ts3.6',
1 verbose cli   '@types/fresh@ts3.6',
1 verbose cli   '@types/fs-minipass@ts3.6',
1 verbose cli   '@types/function-bind@ts3.6',
1 verbose cli   '@types/get-intrinsic@ts3.6',
1 verbose cli   '@types/getpass@ts3.6',
1 verbose cli   '@types/glob@ts3.6',
1 verbose cli   '@types/graceful-fs@ts3.6',
1 verbose cli   '@types/has@ts3.6',
1 verbose cli   '@types/has-symbols@ts3.6',
1 verbose cli   '@types/http-errors@ts3.6',
1 verbose cli   '@types/ignore-walk@ts3.6',
1 verbose cli   '@types/inherits@ts3.6',
1 verbose cli   '@types/ini@ts3.6',
1 verbose cli   '@types/is-typedarray@ts3.6',
1 verbose cli   '@types/isarray@ts3.6',
1 verbose cli   '@types/isexe@ts3.6',
1 verbose cli   '@types/isstream@ts3.6',
1 verbose cli   '@types/jsbn@ts3.6',
1 verbose cli   '@types/json-schema@ts3.6',
1 verbose cli   '@types/json-stringify-safe@ts3.6',
1 verbose cli   '@types/media-typer@ts3.6',
1 verbose cli   '@types/merge-descriptors@ts3.6',
1 verbose cli   '@types/methods@ts3.6',
1 verbose cli   '@types/mime@ts3.6',
1 verbose cli   '@types/mime-db@ts3.6',
1 verbose cli   '@types/mime-types@ts3.6',
1 verbose cli   '@types/minimatch@ts3.6',
1 verbose cli   '@types/minimist@ts3.6',
1 verbose cli   '@types/minizlib@ts3.6',
1 verbose cli   '@types/mkdirp@ts3.6',
1 verbose cli   '@types/ms@ts3.6',
1 verbose cli   '@types/needle@ts3.6',
1 verbose cli   '@types/negotiator@ts3.6',
1 verbose cli   '@types/nopt@ts3.6',
1 verbose cli   '@types/npm-packlist@ts3.6',
1 verbose cli   '@types/npmlog@ts3.6',
1 verbose cli   '@types/number-is-nan@ts3.6',
1 verbose cli   '@types/object-assign@ts3.6',
1 verbose cli   '@types/object-inspect@ts3.6',
1 verbose cli   '@types/on-finished@ts3.6',
1 verbose cli   '@types/once@ts3.6',
1 verbose cli   '@types/os-homedir@ts3.6',
1 verbose cli   '@types/os-tmpdir@ts3.6',
1 verbose cli   '@types/osenv@ts3.6',
1 verbose cli   '@types/parseurl@ts3.6',
1 verbose cli   '@types/path-is-absolute@ts3.6',
1 verbose cli   '@types/proxy-addr@ts3.6',
1 verbose cli   '@types/psl@ts3.6',
1 verbose cli   '@types/punycode@ts3.6',
1 verbose cli   '@types/qs@ts3.6',
1 verbose cli   '@types/range-parser@ts3.6',
1 verbose cli   '@types/rc@ts3.6',
1 verbose cli   '@types/readable-stream@ts3.6',
1 verbose cli   '@types/request@ts3.6',
1 verbose cli   '@types/rimraf@ts3.6',
1 verbose cli   '@types/safer-buffer@ts3.6',
1 verbose cli   '@types/sax@ts3.6',
1 verbose cli   '@types/semver@ts3.6',
1 verbose cli   '@types/send@ts3.6',
1 verbose cli   '@types/serve-static@ts3.6',
1 verbose cli   '@types/set-blocking@ts3.6',
1 verbose cli   ... 16 more items
1 verbose cli ]
2 info using npm@6.14.6
3 info using node@v12.18.3
4 verbose npm-session 48c895bb7f7562be
5 silly install loadCurrentTree
6 silly install readLocalPackageData
7 http fetch GET 304 https://registry.npmjs.org/@types%2faccepts 1580ms (from cache)
8 http fetch GET 304 https://registry.npmjs.org/@types%2fbalanced-match 1540ms (from cache)
9 http fetch GET 304 https://registry.npmjs.org/@types%2fare-we-there-yet 1571ms (from cache)
10 http fetch GET 304 https://registry.npmjs.org/@types%2faws4 1554ms (from cache)
11 http fetch GET 304 https://registry.npmjs.org/@types%2fassert-plus 1562ms (from cache)
12 http fetch GET 304 https://registry.npmjs.org/@types%2fabbrev 1596ms (from cache)
13 http fetch GET 304 https://registry.npmjs.org/@types%2fasn1 1578ms (from cache)
14 http fetch GET 304 https://registry.npmjs.org/@types%2fbrace-expansion 1546ms (from cache)
15 http fetch GET 304 https://registry.npmjs.org/@types%2fbytes 1552ms (from cache)
16 silly pacote tag manifest for @types/accepts@ts3.6 fetched in 1604ms
17 silly pacote tag manifest for @types/balanced-match@ts3.6 fetched in 1568ms
18 silly pacote tag manifest for @types/are-we-there-yet@ts3.6 fetched in 1598ms
19 http fetch GET 304 https://registry.npmjs.org/@types%2fbody-parser 1566ms (from cache)
20 silly pacote tag manifest for @types/aws4@ts3.6 fetched in 1582ms
21 silly pacote tag manifest for @types/assert-plus@ts3.6 fetched in 1593ms
22 silly pacote tag manifest for @types/abbrev@ts3.6 fetched in 1655ms
23 silly pacote tag manifest for @types/asn1@ts3.6 fetched in 1600ms
24 silly pacote tag manifest for @types/brace-expansion@ts3.6 fetched in 1567ms
25 silly pacote tag manifest for @types/bytes@ts3.6 fetched in 1572ms
26 silly pacote tag manifest for @types/body-parser@ts3.6 fetched in 1590ms
27 http fetch GET 200 https://registry.npmjs.org/@types%2fcall-bind 481ms
28 silly fetchPackageMetaData error for @types/call-bind@ts3.6 No matching version found for @types/call-bind@ts3.6.
29 http fetch GET 304 https://registry.npmjs.org/@types%2fcombined-stream 488ms (from cache)
30 http fetch GET 304 https://registry.npmjs.org/@types%2fcookie 485ms (from cache)
31 http fetch GET 304 https://registry.npmjs.org/@types%2fcaseless 496ms (from cache)
32 http fetch GET 304 https://registry.npmjs.org/@types%2fcontent-disposition 494ms (from cache)
33 http fetch GET 304 https://registry.npmjs.org/@types%2fconcat-map 496ms (from cache)
34 http fetch GET 304 https://registry.npmjs.org/@types%2fcookie-signature 490ms (from cache)
35 http fetch GET 304 https://registry.npmjs.org/@types%2fchownr 508ms (from cache)
36 silly pacote tag manifest for @types/combined-stream@ts3.6 fetched in 501ms
37 silly pacote tag manifest for @types/caseless@ts3.6 fetched in 510ms
38 silly pacote tag manifest for @types/cookie@ts3.6 fetched in 500ms
39 http fetch GET 304 https://registry.npmjs.org/@types%2fcontent-type 500ms (from cache)
40 silly pacote tag manifest for @types/cookie-signature@ts3.6 fetched in 496ms
41 silly pacote tag manifest for @types/content-disposition@ts3.6 fetched in 503ms
42 silly pacote tag manifest for @types/concat-map@ts3.6 fetched in 503ms
43 http fetch GET 304 https://registry.npmjs.org/@types%2fdashdash 482ms (from cache)
44 silly pacote tag manifest for @types/chownr@ts3.6 fetched in 515ms
45 silly pacote tag manifest for @types/content-type@ts3.6 fetched in 517ms
46 silly pacote tag manifest for @types/dashdash@ts3.6 fetched in 509ms
47 http fetch GET 304 https://registry.npmjs.org/@types%2fdebug 383ms (from cache)
48 http fetch GET 200 https://registry.npmjs.org/@types%2fdelegates 362ms
49 silly fetchPackageMetaData error for @types/delegates@ts3.6 No matching version found for @types/delegates@ts3.6.
50 http fetch GET 304 https://registry.npmjs.org/@types%2fee-first 360ms (from cache)
51 silly pacote tag manifest for @types/debug@ts3.6 fetched in 392ms
52 http fetch GET 200 https://registry.npmjs.org/@types%2fdeep-extend 367ms
53 http fetch GET 304 https://registry.npmjs.org/@types%2fdestroy 365ms (from cache)
54 http fetch GET 304 https://registry.npmjs.org/@types%2fencodeurl 364ms (from cache)
55 silly pacote tag manifest for @types/ee-first@ts3.6 fetched in 366ms
56 silly pacote tag manifest for @types/deep-extend@ts3.6 fetched in 375ms
57 silly pacote tag manifest for @types/destroy@ts3.6 fetched in 373ms
58 silly pacote tag manifest for @types/encodeurl@ts3.6 fetched in 378ms
59 http fetch GET 304 https://registry.npmjs.org/@types%2fforwarded 245ms (from cache)
60 silly pacote tag manifest for @types/forwarded@ts3.6 fetched in 252ms
61 http fetch GET 304 https://registry.npmjs.org/@types%2ffinalhandler 365ms (from cache)
62 http fetch GET 304 https://registry.npmjs.org/@types%2fforever-agent 361ms (from cache)
63 http fetch GET 304 https://registry.npmjs.org/@types%2fextend 376ms (from cache)
64 silly pacote tag manifest for @types/finalhandler@ts3.6 fetched in 375ms
65 silly pacote tag manifest for @types/forever-agent@ts3.6 fetched in 370ms
66 silly pacote tag manifest for @types/extend@ts3.6 fetched in 384ms
67 http fetch GET 304 https://registry.npmjs.org/@types%2fgetpass 434ms (from cache)
68 http fetch GET 304 https://registry.npmjs.org/@types%2ffunction-bind 448ms (from cache)
69 silly pacote tag manifest for @types/getpass@ts3.6 fetched in 453ms
70 silly pacote tag manifest for @types/function-bind@ts3.6 fetched in 470ms
71 http fetch GET 200 https://registry.npmjs.org/@types%2ffs-minipass 605ms
72 silly fetchPackageMetaData error for @types/fs-minipass@ts3.6 No matching version found for @types/fs-minipass@ts3.6.
73 http fetch GET 304 https://registry.npmjs.org/@types%2fextsprintf 888ms (from cache)
74 silly pacote tag manifest for @types/extsprintf@ts3.6 fetched in 891ms
75 http fetch GET 200 https://registry.npmjs.org/@types%2fget-intrinsic 510ms
76 silly fetchPackageMetaData error for @types/get-intrinsic@ts3.6 No matching version found for @types/get-intrinsic@ts3.6.
77 http fetch GET 304 https://registry.npmjs.org/@types%2fetag 1529ms (from cache)
78 silly pacote tag manifest for @types/etag@ts3.6 fetched in 1532ms
79 http fetch GET 304 https://registry.npmjs.org/@types%2fescape-html 1597ms (from cache)
80 silly pacote tag manifest for @types/escape-html@ts3.6 fetched in 1599ms
81 http fetch GET 304 https://registry.npmjs.org/@types%2fdetect-libc 1801ms (from cache)
82 http fetch GET 304 https://registry.npmjs.org/@types%2fgraceful-fs 590ms (from cache)
83 http fetch GET 304 https://registry.npmjs.org/@types%2fhas 568ms (from cache)
84 http fetch GET 304 https://registry.npmjs.org/@types%2fhttp-errors 552ms (from cache)
85 silly pacote tag manifest for @types/detect-libc@ts3.6 fetched in 1811ms
86 silly pacote tag manifest for @types/has@ts3.6 fetched in 580ms
87 silly pacote tag manifest for @types/http-errors@ts3.6 fetched in 559ms
88 silly pacote tag manifest for @types/graceful-fs@ts3.6 fetched in 612ms
89 http fetch GET 304 https://registry.npmjs.org/@types%2fignore-walk 335ms (from cache)
90 http fetch GET 304 https://registry.npmjs.org/@types%2finherits 284ms (from cache)
91 silly pacote tag manifest for @types/ignore-walk@ts3.6 fetched in 348ms
92 silly pacote tag manifest for @types/inherits@ts3.6 fetched in 297ms
93 http fetch GET 304 https://registry.npmjs.org/@types%2ffresh 1643ms (from cache)
94 http fetch GET 304 https://registry.npmjs.org/@types%2fglob 823ms (from cache)
95 silly pacote tag manifest for @types/fresh@ts3.6 fetched in 1648ms
96 silly pacote tag manifest for @types/glob@ts3.6 fetched in 829ms
97 http fetch GET 304 https://registry.npmjs.org/@types%2fhas-symbols 923ms (from cache)
98 silly pacote tag manifest for @types/has-symbols@ts3.6 fetched in 930ms
99 http fetch GET 304 https://registry.npmjs.org/@types%2fdepd 2194ms (from cache)
100 silly pacote tag manifest for @types/depd@ts3.6 fetched in 2198ms
101 http fetch GET 304 https://registry.npmjs.org/@types%2fis-typedarray 416ms (from cache)
102 http fetch GET 304 https://registry.npmjs.org/@types%2fini 420ms (from cache)
103 silly pacote tag manifest for @types/is-typedarray@ts3.6 fetched in 419ms
104 silly pacote tag manifest for @types/ini@ts3.6 fetched in 431ms
105 http fetch GET 304 https://registry.npmjs.org/@types%2fisarray 443ms (from cache)
106 silly pacote tag manifest for @types/isarray@ts3.6 fetched in 446ms
107 http fetch GET 304 https://registry.npmjs.org/@types%2fisstream 366ms (from cache)
108 silly pacote tag manifest for @types/isstream@ts3.6 fetched in 371ms
109 http fetch GET 304 https://registry.npmjs.org/@types%2fjson-schema 286ms (from cache)
110 silly pacote tag manifest for @types/json-schema@ts3.6 fetched in 371ms
111 http fetch GET 304 https://registry.npmjs.org/@types%2fjsbn 497ms (from cache)
112 silly pacote tag manifest for @types/jsbn@ts3.6 fetched in 500ms
113 http fetch GET 304 https://registry.npmjs.org/@types%2fmedia-typer 231ms (from cache)
114 silly pacote tag manifest for @types/media-typer@ts3.6 fetched in 238ms
115 http fetch GET 304 https://registry.npmjs.org/@types%2fmerge-descriptors 314ms (from cache)
116 silly pacote tag manifest for @types/merge-descriptors@ts3.6 fetched in 319ms
117 http fetch GET 304 https://registry.npmjs.org/@types%2fmethods 473ms (from cache)
118 http fetch GET 304 https://registry.npmjs.org/@types%2fmime 467ms (from cache)
119 silly pacote tag manifest for @types/methods@ts3.6 fetched in 480ms
120 silly pacote tag manifest for @types/mime@ts3.6 fetched in 479ms
121 http fetch GET 304 https://registry.npmjs.org/@types%2fmime-db 530ms (from cache)
122 http fetch GET 304 https://registry.npmjs.org/@types%2fminimatch 392ms (from cache)
123 http fetch GET 304 https://registry.npmjs.org/@types%2fmime-types 510ms (from cache)
124 http fetch GET 304 https://registry.npmjs.org/@types%2fminimist 380ms (from cache)
125 silly pacote tag manifest for @types/mime-db@ts3.6 fetched in 534ms
126 silly pacote tag manifest for @types/minimatch@ts3.6 fetched in 396ms
127 http fetch GET 304 https://registry.npmjs.org/@types%2fminizlib 375ms (from cache)
128 silly pacote tag manifest for @types/mime-types@ts3.6 fetched in 515ms
129 silly pacote tag manifest for @types/minimist@ts3.6 fetched in 385ms
130 silly pacote tag manifest for @types/minizlib@ts3.6 fetched in 380ms
131 http fetch GET 304 https://registry.npmjs.org/@types%2fmkdirp 328ms (from cache)
132 silly pacote tag manifest for @types/mkdirp@ts3.6 fetched in 330ms
133 http fetch GET 304 https://registry.npmjs.org/@types%2fneedle 268ms (from cache)
134 http fetch GET 304 https://registry.npmjs.org/@types%2fms 279ms (from cache)
135 silly pacote tag manifest for @types/needle@ts3.6 fetched in 276ms
136 silly pacote tag manifest for @types/ms@ts3.6 fetched in 286ms
137 http fetch GET 304 https://registry.npmjs.org/@types%2fnpmlog 334ms (from cache)
138 http fetch GET 304 https://registry.npmjs.org/@types%2fnegotiator 346ms (from cache)
139 silly pacote tag manifest for @types/npmlog@ts3.6 fetched in 344ms
140 silly pacote tag manifest for @types/negotiator@ts3.6 fetched in 355ms
141 http fetch GET 304 https://registry.npmjs.org/@types%2fobject-inspect 250ms (from cache)
142 http fetch GET 304 https://registry.npmjs.org/@types%2fon-finished 246ms (from cache)
143 silly pacote tag manifest for @types/on-finished@ts3.6 fetched in 253ms
144 silly pacote tag manifest for @types/object-inspect@ts3.6 fetched in 259ms
145 http fetch GET 304 https://registry.npmjs.org/@types%2fos-homedir 426ms (from cache)
146 http fetch GET 304 https://registry.npmjs.org/@types%2fos-tmpdir 322ms (from cache)
147 silly pacote tag manifest for @types/os-homedir@ts3.6 fetched in 435ms
148 silly pacote tag manifest for @types/os-tmpdir@ts3.6 fetched in 333ms
149 http fetch GET 304 https://registry.npmjs.org/@types%2fisexe 1810ms (from cache)
150 http fetch GET 304 https://registry.npmjs.org/@types%2fnumber-is-nan 833ms (from cache)
151 silly pacote tag manifest for @types/isexe@ts3.6 fetched in 1812ms
152 silly pacote tag manifest for @types/number-is-nan@ts3.6 fetched in 836ms
153 http fetch GET 304 https://registry.npmjs.org/@types%2fjson-stringify-safe 1640ms (from cache)
154 silly pacote tag manifest for @types/json-stringify-safe@ts3.6 fetched in 1642ms
155 http fetch GET 304 https://registry.npmjs.org/@types%2fparseurl 233ms (from cache)
156 http fetch GET 304 https://registry.npmjs.org/@types%2fpath-is-absolute 230ms (from cache)
157 silly pacote tag manifest for @types/path-is-absolute@ts3.6 fetched in 234ms
158 silly pacote tag manifest for @types/parseurl@ts3.6 fetched in 241ms
159 http fetch GET 304 https://registry.npmjs.org/@types%2fpsl 306ms (from cache)
160 http fetch GET 304 https://registry.npmjs.org/@types%2fnopt 1152ms (from cache)
161 http fetch GET 304 https://registry.npmjs.org/@types%2fproxy-addr 310ms (from cache)
162 http fetch GET 304 https://registry.npmjs.org/@types%2fpunycode 281ms (from cache)
163 silly pacote tag manifest for @types/proxy-addr@ts3.6 fetched in 317ms
164 silly pacote tag manifest for @types/psl@ts3.6 fetched in 319ms
165 silly pacote tag manifest for @types/nopt@ts3.6 fetched in 1165ms
166 silly pacote tag manifest for @types/punycode@ts3.6 fetched in 290ms
167 http fetch GET 304 https://registry.npmjs.org/@types%2fqs 344ms (from cache)
168 silly pacote tag manifest for @types/qs@ts3.6 fetched in 348ms
169 http fetch GET 304 https://registry.npmjs.org/@types%2frange-parser 347ms (from cache)
170 silly pacote tag manifest for @types/range-parser@ts3.6 fetched in 351ms
171 http fetch GET 304 https://registry.npmjs.org/@types%2frequest 243ms (from cache)
172 silly pacote tag manifest for @types/request@ts3.6 fetched in 246ms
173 http fetch GET 304 https://registry.npmjs.org/@types%2freadable-stream 297ms (from cache)
174 silly pacote tag manifest for @types/readable-stream@ts3.6 fetched in 300ms
175 http fetch GET 304 https://registry.npmjs.org/@types%2fsafer-buffer 232ms (from cache)
176 http fetch GET 304 https://registry.npmjs.org/@types%2fsemver 199ms (from cache)
177 http fetch GET 304 https://registry.npmjs.org/@types%2fsax 230ms (from cache)
178 silly pacote tag manifest for @types/safer-buffer@ts3.6 fetched in 235ms
179 silly pacote tag manifest for @types/semver@ts3.6 fetched in 202ms
180 silly pacote tag manifest for @types/sax@ts3.6 fetched in 233ms
181 http fetch GET 200 https://registry.npmjs.org/@types%2fset-blocking 212ms
182 silly fetchPackageMetaData error for @types/set-blocking@ts3.6 No matching version found for @types/set-blocking@ts3.6.
183 http fetch GET 304 https://registry.npmjs.org/@types%2fsend 367ms (from cache)
184 http fetch GET 304 https://registry.npmjs.org/@types%2fsignal-exit 222ms (from cache)
185 silly pacote tag manifest for @types/send@ts3.6 fetched in 375ms
186 silly pacote tag manifest for @types/signal-exit@ts3.6 fetched in 233ms
187 http fetch GET 304 https://registry.npmjs.org/@types%2fstatuses 319ms (from cache)
188 http fetch GET 304 https://registry.npmjs.org/@types%2frc 1003ms (from cache)
189 http fetch GET 304 https://registry.npmjs.org/@types%2fserve-static 552ms (from cache)
190 http fetch GET 304 https://registry.npmjs.org/@types%2fsshpk 342ms (from cache)
191 http fetch GET 304 https://registry.npmjs.org/@types%2ftar 323ms (from cache)
192 silly pacote tag manifest for @types/statuses@ts3.6 fetched in 333ms
193 silly pacote tag manifest for @types/rc@ts3.6 fetched in 1018ms
194 silly pacote tag manifest for @types/serve-static@ts3.6 fetched in 566ms
195 silly pacote tag manifest for @types/tar@ts3.6 fetched in 332ms
196 silly pacote tag manifest for @types/sshpk@ts3.6 fetched in 352ms
197 http fetch GET 304 https://registry.npmjs.org/@types%2fnpm-packlist 2232ms (from cache)
198 http fetch GET 304 https://registry.npmjs.org/@types%2fobject-assign 2187ms (from cache)
199 silly pacote tag manifest for @types/npm-packlist@ts3.6 fetched in 2237ms
200 silly pacote tag manifest for @types/object-assign@ts3.6 fetched in 2193ms
201 http fetch GET 200 https://registry.npmjs.org/@types%2ftoidentifier 396ms
202 silly fetchPackageMetaData error for @types/toidentifier@ts3.6 No matching version found for @types/toidentifier@ts3.6.
203 http fetch GET 304 https://registry.npmjs.org/@types%2futil-deprecate 395ms (from cache)
204 http fetch GET 304 https://registry.npmjs.org/@types%2ftype-is 399ms (from cache)
205 http fetch GET 304 https://registry.npmjs.org/@types%2fvary 342ms (from cache)
206 silly pacote tag manifest for @types/type-is@ts3.6 fetched in 409ms
207 silly pacote tag manifest for @types/vary@ts3.6 fetched in 351ms
208 silly pacote tag manifest for @types/util-deprecate@ts3.6 fetched in 408ms
209 http fetch GET 304 https://registry.npmjs.org/@types%2fonce 2444ms (from cache)
210 http fetch GET 304 https://registry.npmjs.org/@types%2fosenv 2335ms (from cache)
211 silly pacote tag manifest for @types/once@ts3.6 fetched in 2452ms
212 silly pacote tag manifest for @types/osenv@ts3.6 fetched in 2341ms
213 http fetch GET 304 https://registry.npmjs.org/@types%2futils-merge 670ms (from cache)
214 http fetch GET 304 https://registry.npmjs.org/@types%2ftough-cookie 678ms (from cache)
215 silly pacote tag manifest for @types/utils-merge@ts3.6 fetched in 677ms
216 silly pacote tag manifest for @types/tough-cookie@ts3.6 fetched in 684ms
217 http fetch GET 304 https://registry.npmjs.org/@types%2fyallist 486ms (from cache)
218 http fetch GET 304 https://registry.npmjs.org/@types%2fwhich 494ms (from cache)
219 silly pacote tag manifest for @types/yallist@ts3.6 fetched in 500ms
220 silly pacote tag manifest for @types/which@ts3.6 fetched in 503ms
221 http fetch GET 304 https://registry.npmjs.org/@types%2frimraf 2397ms (from cache)
222 silly pacote tag manifest for @types/rimraf@ts3.6 fetched in 2399ms
223 http fetch GET 304 https://registry.npmjs.org/@types%2fverror 1558ms (from cache)
224 silly pacote tag manifest for @types/verror@ts3.6 fetched in 1565ms
225 http fetch GET 304 https://registry.npmjs.org/@types%2fuuid 2274ms (from cache)
226 silly pacote tag manifest for @types/uuid@ts3.6 fetched in 2279ms
227 timing stage:rollbackFailedOptional Completed in 2ms
228 timing stage:runTopLevelLifecycles Completed in 9627ms
229 verbose type tag
230 verbose stack @types/call-bind: No matching version found for @types/call-bind@ts3.6.
230 verbose stack     at pickManifest (/usr/local/lib/node_modules/npm/node_modules/npm-pick-manifest/index.js:122:13)
230 verbose stack     at /usr/local/lib/node_modules/npm/node_modules/pacote/lib/fetchers/registry/manifest.js:24:14
230 verbose stack     at tryCatcher (/usr/local/lib/node_modules/npm/node_modules/bluebird/js/release/util.js:16:23)
230 verbose stack     at Promise._settlePromiseFromHandler (/usr/local/lib/node_modules/npm/node_modules/bluebird/js/release/promise.js:517:31)
230 verbose stack     at Promise._settlePromise (/usr/local/lib/node_modules/npm/node_modules/bluebird/js/release/promise.js:574:18)
230 verbose stack     at Promise._settlePromise0 (/usr/local/lib/node_modules/npm/node_modules/bluebird/js/release/promise.js:619:10)
230 verbose stack     at Promise._settlePromises (/usr/local/lib/node_modules/npm/node_modules/bluebird/js/release/promise.js:699:18)
230 verbose stack     at _drainQueueStep (/usr/local/lib/node_modules/npm/node_modules/bluebird/js/release/async.js:138:12)
230 verbose stack     at _drainQueue (/usr/local/lib/node_modules/npm/node_modules/bluebird/js/release/async.js:131:9)
230 verbose stack     at Async._drainQueues (/usr/local/lib/node_modules/npm/node_modules/bluebird/js/release/async.js:147:5)
230 verbose stack     at Immediate.Async.drainQueues [as _onImmediate] (/usr/local/lib/node_modules/npm/node_modules/bluebird/js/release/async.js:17:14)
230 verbose stack     at processImmediate (internal/timers.js:456:21)
231 verbose cwd /home/theia/.cache/typescript/3.6
232 verbose Linux 5.10.102.1-microsoft-standard-WSL2
233 verbose argv "/usr/local/bin/node" "/usr/local/bin/npm" "install" "--ignore-scripts" "@types/abbrev@ts3.6" "@types/accepts@ts3.6" "@types/are-we-there-yet@ts3.6" "@types/asn1@ts3.6" "@types/assert-plus@ts3.6" "@types/aws4@ts3.6" "@types/balanced-match@ts3.6" "@types/body-parser@ts3.6" "@types/brace-expansion@ts3.6" "@types/bytes@ts3.6" "@types/call-bind@ts3.6" "@types/caseless@ts3.6" "@types/chownr@ts3.6" "@types/combined-stream@ts3.6" "@types/concat-map@ts3.6" "@types/content-disposition@ts3.6" "@types/content-type@ts3.6" "@types/cookie@ts3.6" "@types/cookie-signature@ts3.6" "@types/dashdash@ts3.6" "@types/debug@ts3.6" "@types/deep-extend@ts3.6" "@types/delegates@ts3.6" "@types/depd@ts3.6" "@types/destroy@ts3.6" "@types/detect-libc@ts3.6" "@types/ee-first@ts3.6" "@types/encodeurl@ts3.6" "@types/escape-html@ts3.6" "@types/etag@ts3.6" "@types/extend@ts3.6" "@types/extsprintf@ts3.6" "@types/finalhandler@ts3.6" "@types/forever-agent@ts3.6" "@types/forwarded@ts3.6" "@types/fresh@ts3.6" "@types/fs-minipass@ts3.6" "@types/function-bind@ts3.6" "@types/get-intrinsic@ts3.6" "@types/getpass@ts3.6" "@types/glob@ts3.6" "@types/graceful-fs@ts3.6" "@types/has@ts3.6" "@types/has-symbols@ts3.6" "@types/http-errors@ts3.6" "@types/ignore-walk@ts3.6" "@types/inherits@ts3.6" "@types/ini@ts3.6" "@types/is-typedarray@ts3.6" "@types/isarray@ts3.6" "@types/isexe@ts3.6" "@types/isstream@ts3.6" "@types/jsbn@ts3.6" "@types/json-schema@ts3.6" "@types/json-stringify-safe@ts3.6" "@types/media-typer@ts3.6" "@types/merge-descriptors@ts3.6" "@types/methods@ts3.6" "@types/mime@ts3.6" "@types/mime-db@ts3.6" "@types/mime-types@ts3.6" "@types/minimatch@ts3.6" "@types/minimist@ts3.6" "@types/minizlib@ts3.6" "@types/mkdirp@ts3.6" "@types/ms@ts3.6" "@types/needle@ts3.6" "@types/negotiator@ts3.6" "@types/nopt@ts3.6" "@types/npm-packlist@ts3.6" "@types/npmlog@ts3.6" "@types/number-is-nan@ts3.6" "@types/object-assign@ts3.6" "@types/object-inspect@ts3.6" "@types/on-finished@ts3.6" "@types/once@ts3.6" "@types/os-homedir@ts3.6" "@types/os-tmpdir@ts3.6" "@types/osenv@ts3.6" "@types/parseurl@ts3.6" "@types/path-is-absolute@ts3.6" "@types/proxy-addr@ts3.6" "@types/psl@ts3.6" "@types/punycode@ts3.6" "@types/qs@ts3.6" "@types/range-parser@ts3.6" "@types/rc@ts3.6" "@types/readable-stream@ts3.6" "@types/request@ts3.6" "@types/rimraf@ts3.6" "@types/safer-buffer@ts3.6" "@types/sax@ts3.6" "@types/semver@ts3.6" "@types/send@ts3.6" "@types/serve-static@ts3.6" "@types/set-blocking@ts3.6" "@types/signal-exit@ts3.6" "@types/sshpk@ts3.6" "@types/statuses@ts3.6" "@types/tar@ts3.6" "@types/toidentifier@ts3.6" "@types/tough-cookie@ts3.6" "@types/type-is@ts3.6" "@types/util-deprecate@ts3.6" "@types/utils-merge@ts3.6" "@types/uuid@ts3.6" "@types/vary@ts3.6" "@types/verror@ts3.6" "@types/which@ts3.6" "@types/yallist@ts3.6" "--save-dev" "--user-agent=typesInstaller/3.6.3"
234 verbose node v12.18.3
235 verbose npm  v6.14.6
236 error code ETARGET
237 error notarget No matching version found for @types/call-bind@ts3.6.
238 error notarget In most cases you or one of your dependencies are requesting
238 error notarget a package version that doesn't exist.
239 verbose exit [ 1, true ]
