0 info it worked if it ends with ok
1 verbose cli [
1 verbose cli   '/usr/local/bin/node',
1 verbose cli   '/usr/local/bin/npm',
1 verbose cli   'install',
1 verbose cli   '--ignore-scripts',
1 verbose cli   '@types/abbrev@ts3.6',
1 verbose cli   '@types/accepts@ts3.6',
1 verbose cli   '@types/are-we-there-yet@ts3.6',
1 verbose cli   '@types/balanced-match@ts3.6',
1 verbose cli   '@types/body-parser@ts3.6',
1 verbose cli   '@types/brace-expansion@ts3.6',
1 verbose cli   '@types/bytes@ts3.6',
1 verbose cli   '@types/cacache@ts3.6',
1 verbose cli   '@types/call-bind@ts3.6',
1 verbose cli   '@types/chownr@ts3.6',
1 verbose cli   '@types/color-support@ts3.6',
1 verbose cli   '@types/concat-map@ts3.6',
1 verbose cli   '@types/content-disposition@ts3.6',
1 verbose cli   '@types/content-type@ts3.6',
1 verbose cli   '@types/cookie@ts3.6',
1 verbose cli   '@types/cookie-signature@ts3.6',
1 verbose cli   '@types/debug@ts3.6',
1 verbose cli   '@types/delegates@ts3.6',
1 verbose cli   '@types/depd@ts3.6',
1 verbose cli   '@types/destroy@ts3.6',
1 verbose cli   '@types/detect-libc@ts3.6',
1 verbose cli   '@types/ee-first@ts3.6',
1 verbose cli   '@types/encodeurl@ts3.6',
1 verbose cli   '@types/escape-html@ts3.6',
1 verbose cli   '@types/etag@ts3.6',
1 verbose cli   '@types/finalhandler@ts3.6',
1 verbose cli   '@types/forwarded@ts3.6',
1 verbose cli   '@types/fresh@ts3.6',
1 verbose cli   '@types/fs-minipass@ts3.6',
1 verbose cli   '@types/function-bind@ts3.6',
1 verbose cli   '@types/get-intrinsic@ts3.6',
1 verbose cli   '@types/glob@ts3.6',
1 verbose cli   '@types/graceful-fs@ts3.6',
1 verbose cli   '@types/has@ts3.6',
1 verbose cli   '@types/has-symbols@ts3.6',
1 verbose cli   '@types/http-cache-semantics@ts3.6',
1 verbose cli   '@types/http-errors@ts3.6',
1 verbose cli   '@types/humanize-ms@ts3.6',
1 verbose cli   '@types/imurmurhash@ts3.6',
1 verbose cli   '@types/inherits@ts3.6',
1 verbose cli   '@types/ip@ts3.6',
1 verbose cli   '@types/is-lambda@ts3.6',
1 verbose cli   '@types/isexe@ts3.6',
1 verbose cli   '@types/make-fetch-happen@ts3.6',
1 verbose cli   '@types/media-typer@ts3.6',
1 verbose cli   '@types/merge-descriptors@ts3.6',
1 verbose cli   '@types/methods@ts3.6',
1 verbose cli   '@types/mime@ts3.6',
1 verbose cli   '@types/mime-db@ts3.6',
1 verbose cli   '@types/mime-types@ts3.6',
1 verbose cli   '@types/minimatch@ts3.6',
1 verbose cli   '@types/minizlib@ts3.6',
1 verbose cli   '@types/mkdirp@ts3.6',
1 verbose cli   '@types/ms@ts3.6',
1 verbose cli   '@types/negotiator@ts3.6',
1 verbose cli   '@types/node-fetch@ts3.6',
1 verbose cli   '@types/nopt@ts3.6',
1 verbose cli   '@types/npmlog@ts3.6',
1 verbose cli   '@types/object-assign@ts3.6',
1 verbose cli   '@types/object-inspect@ts3.6',
1 verbose cli   '@types/on-finished@ts3.6',
1 verbose cli   '@types/once@ts3.6',
1 verbose cli   '@types/parseurl@ts3.6',
1 verbose cli   '@types/path-is-absolute@ts3.6',
1 verbose cli   '@types/promise-inflight@ts3.6',
1 verbose cli   '@types/promise-retry@ts3.6',
1 verbose cli   '@types/proxy-addr@ts3.6',
1 verbose cli   '@types/qs@ts3.6',
1 verbose cli   '@types/range-parser@ts3.6',
1 verbose cli   '@types/readable-stream@ts3.6',
1 verbose cli   '@types/retry@ts3.6',
1 verbose cli   '@types/rimraf@ts3.6',
1 verbose cli   '@types/safer-buffer@ts3.6',
1 verbose cli   '@types/semver@ts3.6',
1 verbose cli   '@types/send@ts3.6',
1 verbose cli   '@types/serve-static@ts3.6',
1 verbose cli   '@types/set-blocking@ts3.6',
1 verbose cli   '@types/signal-exit@ts3.6',
1 verbose cli   '@types/ssri@ts3.6',
1 verbose cli   '@types/statuses@ts3.6',
1 verbose cli   '@types/tar@ts3.6',
1 verbose cli   '@types/toidentifier@ts3.6',
1 verbose cli   '@types/tr46@ts3.6',
1 verbose cli   '@types/type-is@ts3.6',
1 verbose cli   '@types/util-deprecate@ts3.6',
1 verbose cli   '@types/utils-merge@ts3.6',
1 verbose cli   '@types/vary@ts3.6',
1 verbose cli   '@types/webidl-conversions@ts3.6',
1 verbose cli   '@types/whatwg-url@ts3.6',
1 verbose cli   '@types/which@ts3.6',
1 verbose cli   '@types/yallist@ts3.6',
1 verbose cli   '--save-dev',
1 verbose cli   '--user-agent=typesInstaller/3.6.3'
1 verbose cli ]
2 info using npm@6.14.6
3 info using node@v12.18.3
4 verbose npm-session db90e16161affbaa
5 silly install loadCurrentTree
6 silly install readLocalPackageData
7 http fetch GET 200 https://registry.npmjs.org/@types%2fcall-bind 1439ms
8 silly fetchPackageMetaData error for @types/call-bind@ts3.6 No matching version found for @types/call-bind@ts3.6.
9 http fetch GET 304 https://registry.npmjs.org/@types%2faccepts 1458ms (from cache)
10 silly pacote tag manifest for @types/accepts@ts3.6 fetched in 1463ms
11 http fetch GET 304 https://registry.npmjs.org/@types%2fchownr 1553ms (from cache)
12 http fetch GET 304 https://registry.npmjs.org/@types%2fbytes 1557ms (from cache)
13 http fetch GET 304 https://registry.npmjs.org/@types%2fbody-parser 1564ms (from cache)
14 silly pacote tag manifest for @types/body-parser@ts3.6 fetched in 1571ms
15 silly pacote tag manifest for @types/bytes@ts3.6 fetched in 1572ms
16 silly pacote tag manifest for @types/chownr@ts3.6 fetched in 1571ms
17 http fetch GET 304 https://registry.npmjs.org/@types%2fconcat-map 414ms (from cache)
18 silly pacote tag manifest for @types/concat-map@ts3.6 fetched in 421ms
19 http fetch GET 304 https://registry.npmjs.org/@types%2fcontent-type 478ms (from cache)
20 http fetch GET 304 https://registry.npmjs.org/@types%2fcontent-disposition 482ms (from cache)
21 silly pacote tag manifest for @types/content-type@ts3.6 fetched in 483ms
22 silly pacote tag manifest for @types/content-disposition@ts3.6 fetched in 488ms
23 http fetch GET 304 https://registry.npmjs.org/@types%2fare-we-there-yet 2839ms (from cache)
24 http fetch GET 304 https://registry.npmjs.org/@types%2fbalanced-match 2839ms (from cache)
25 silly pacote tag manifest for @types/are-we-there-yet@ts3.6 fetched in 2847ms
26 silly pacote tag manifest for @types/balanced-match@ts3.6 fetched in 2856ms
27 http fetch GET 304 https://registry.npmjs.org/@types%2fdebug 837ms (from cache)
28 silly pacote tag manifest for @types/debug@ts3.6 fetched in 839ms
29 http fetch GET 304 https://registry.npmjs.org/@types%2fcolor-support 1572ms (from cache)
30 silly pacote tag manifest for @types/color-support@ts3.6 fetched in 1576ms
31 http fetch GET 304 https://registry.npmjs.org/@types%2fdetect-libc 263ms (from cache)
32 silly pacote tag manifest for @types/detect-libc@ts3.6 fetched in 271ms
33 http fetch GET 304 https://registry.npmjs.org/@types%2fdepd 461ms (from cache)
34 http fetch GET 304 https://registry.npmjs.org/@types%2fbrace-expansion 3308ms (from cache)
35 http fetch GET 304 https://registry.npmjs.org/@types%2fee-first 288ms (from cache)
36 silly pacote tag manifest for @types/depd@ts3.6 fetched in 471ms
37 silly pacote tag manifest for @types/brace-expansion@ts3.6 fetched in 3318ms
38 silly pacote tag manifest for @types/ee-first@ts3.6 fetched in 296ms
39 http fetch GET 304 https://registry.npmjs.org/@types%2fencodeurl 657ms (from cache)
40 silly pacote tag manifest for @types/encodeurl@ts3.6 fetched in 692ms
41 http fetch GET 304 https://registry.npmjs.org/@types%2fcacache 3865ms (from cache)
42 http fetch GET 304 https://registry.npmjs.org/@types%2fcookie-signature 1991ms (from cache)
43 http fetch GET 304 https://registry.npmjs.org/@types%2fabbrev 3880ms (from cache)
44 silly pacote tag manifest for @types/cookie-signature@ts3.6 fetched in 1997ms
45 silly pacote tag manifest for @types/cacache@ts3.6 fetched in 3875ms
46 silly pacote tag manifest for @types/abbrev@ts3.6 fetched in 3894ms
47 http fetch GET 304 https://registry.npmjs.org/@types%2fetag 578ms (from cache)
48 silly pacote tag manifest for @types/etag@ts3.6 fetched in 581ms
49 http fetch GET 304 https://registry.npmjs.org/@types%2fcookie 2217ms (from cache)
50 silly pacote tag manifest for @types/cookie@ts3.6 fetched in 2219ms
51 http fetch GET 200 https://registry.npmjs.org/@types%2ffs-minipass -4ms
52 silly fetchPackageMetaData error for @types/fs-minipass@ts3.6 No matching version found for @types/fs-minipass@ts3.6.
53 http fetch GET 200 https://registry.npmjs.org/@types%2fget-intrinsic -1ms
54 silly fetchPackageMetaData error for @types/get-intrinsic@ts3.6 No matching version found for @types/get-intrinsic@ts3.6.
55 http fetch GET 304 https://registry.npmjs.org/@types%2ffunction-bind 81ms (from cache)
56 http fetch GET 304 https://registry.npmjs.org/@types%2ffresh 88ms (from cache)
57 silly pacote tag manifest for @types/function-bind@ts3.6 fetched in 86ms
58 http fetch GET 304 https://registry.npmjs.org/@types%2fforwarded 109ms (from cache)
59 silly pacote tag manifest for @types/fresh@ts3.6 fetched in 94ms
60 silly pacote tag manifest for @types/forwarded@ts3.6 fetched in 114ms
61 http fetch GET 304 https://registry.npmjs.org/@types%2fhas 210ms (from cache)
62 http fetch GET 304 https://registry.npmjs.org/@types%2fgraceful-fs 234ms (from cache)
63 silly pacote tag manifest for @types/has@ts3.6 fetched in 213ms
64 silly pacote tag manifest for @types/graceful-fs@ts3.6 fetched in 237ms
65 http fetch GET 200 https://registry.npmjs.org/@types%2fdelegates 2180ms
66 silly fetchPackageMetaData error for @types/delegates@ts3.6 No matching version found for @types/delegates@ts3.6.
67 http fetch GET 304 https://registry.npmjs.org/@types%2fhas-symbols 277ms (from cache)
68 silly pacote tag manifest for @types/has-symbols@ts3.6 fetched in 284ms
69 http fetch GET 304 https://registry.npmjs.org/@types%2fhumanize-ms 232ms (from cache)
70 silly pacote tag manifest for @types/humanize-ms@ts3.6 fetched in 239ms
71 http fetch GET 304 https://registry.npmjs.org/@types%2fhttp-errors 379ms (from cache)
72 silly pacote tag manifest for @types/http-errors@ts3.6 fetched in 382ms
73 http fetch GET 304 https://registry.npmjs.org/@types%2fhttp-cache-semantics 470ms (from cache)
74 http fetch GET 304 https://registry.npmjs.org/@types%2fip 193ms (from cache)
75 silly pacote tag manifest for @types/http-cache-semantics@ts3.6 fetched in 475ms
76 silly pacote tag manifest for @types/ip@ts3.6 fetched in 197ms
77 http fetch GET 304 https://registry.npmjs.org/@types%2finherits 215ms (from cache)
78 silly pacote tag manifest for @types/inherits@ts3.6 fetched in 218ms
79 http fetch GET 304 https://registry.npmjs.org/@types%2fdestroy 1607ms (from cache)
80 silly pacote tag manifest for @types/destroy@ts3.6 fetched in 1608ms
81 http fetch GET 304 https://registry.npmjs.org/@types%2fis-lambda 247ms (from cache)
82 silly registry:manifest no matching version for @types/is-lambda@ts3.6 in the cache. Forcing revalidation.
83 http fetch GET 304 https://registry.npmjs.org/@types%2fisexe 267ms (from cache)
84 silly pacote tag manifest for @types/isexe@ts3.6 fetched in 274ms
85 http fetch GET 304 https://registry.npmjs.org/@types%2fimurmurhash 550ms (from cache)
86 silly pacote tag manifest for @types/imurmurhash@ts3.6 fetched in 553ms
87 http fetch GET 304 https://registry.npmjs.org/@types%2fmake-fetch-happen 264ms (from cache)
88 silly pacote tag manifest for @types/make-fetch-happen@ts3.6 fetched in 270ms
89 http fetch GET 304 https://registry.npmjs.org/@types%2fmerge-descriptors 331ms (from cache)
90 silly pacote tag manifest for @types/merge-descriptors@ts3.6 fetched in 335ms
91 http fetch GET 304 https://registry.npmjs.org/@types%2fmime 201ms (from cache)
92 silly pacote tag manifest for @types/mime@ts3.6 fetched in 203ms
93 http fetch GET 304 https://registry.npmjs.org/@types%2fescape-html 1755ms (from cache)
94 silly pacote tag manifest for @types/escape-html@ts3.6 fetched in 1757ms
95 http fetch GET 304 https://registry.npmjs.org/@types%2fmime-types 354ms (from cache)
96 http fetch GET 304 https://registry.npmjs.org/@types%2fmime-db 408ms (from cache)
97 silly pacote tag manifest for @types/mime-types@ts3.6 fetched in 357ms
98 silly pacote tag manifest for @types/mime-db@ts3.6 fetched in 410ms
99 http fetch GET 304 https://registry.npmjs.org/@types%2fminizlib 387ms (from cache)
100 silly pacote tag manifest for @types/minizlib@ts3.6 fetched in 410ms
101 http fetch GET 304 https://registry.npmjs.org/@types%2fminimatch 458ms (from cache)
102 silly pacote tag manifest for @types/minimatch@ts3.6 fetched in 460ms
103 http fetch GET 304 https://registry.npmjs.org/@types%2fnegotiator 280ms (from cache)
104 http fetch GET 304 https://registry.npmjs.org/@types%2fms 283ms (from cache)
105 http fetch GET 304 https://registry.npmjs.org/@types%2fmkdirp 288ms (from cache)
106 silly pacote tag manifest for @types/negotiator@ts3.6 fetched in 284ms
107 silly pacote tag manifest for @types/ms@ts3.6 fetched in 287ms
108 silly pacote tag manifest for @types/mkdirp@ts3.6 fetched in 293ms
109 http fetch GET 304 https://registry.npmjs.org/@types%2fnopt 319ms (from cache)
110 http fetch GET 304 https://registry.npmjs.org/@types%2ffinalhandler 2261ms (from cache)
111 silly pacote tag manifest for @types/nopt@ts3.6 fetched in 326ms
112 silly pacote tag manifest for @types/finalhandler@ts3.6 fetched in 2264ms
113 http fetch GET 304 https://registry.npmjs.org/@types%2fnode-fetch 383ms (from cache)
114 silly pacote tag manifest for @types/node-fetch@ts3.6 fetched in 386ms
115 http fetch GET 304 https://registry.npmjs.org/@types%2fnpmlog 295ms (from cache)
116 silly pacote tag manifest for @types/npmlog@ts3.6 fetched in 297ms
117 http fetch GET 304 https://registry.npmjs.org/@types%2fobject-inspect 302ms (from cache)
118 silly pacote tag manifest for @types/object-inspect@ts3.6 fetched in 306ms
119 http fetch GET 304 https://registry.npmjs.org/@types%2fonce 195ms (from cache)
120 silly pacote tag manifest for @types/once@ts3.6 fetched in 198ms
121 http fetch GET 304 https://registry.npmjs.org/@types%2fparseurl 257ms (from cache)
122 http fetch GET 304 https://registry.npmjs.org/@types%2fpath-is-absolute 237ms (from cache)
123 silly pacote tag manifest for @types/parseurl@ts3.6 fetched in 263ms
124 silly pacote tag manifest for @types/path-is-absolute@ts3.6 fetched in 243ms
125 http fetch GET 304 https://registry.npmjs.org/@types%2fglob 2128ms (from cache)
126 silly pacote tag manifest for @types/glob@ts3.6 fetched in 2133ms
127 http fetch GET 304 https://registry.npmjs.org/@types%2fpromise-retry 229ms (from cache)
128 silly pacote tag manifest for @types/promise-retry@ts3.6 fetched in 231ms
129 http fetch GET 200 https://registry.npmjs.org/@types%2fis-lambda 1585ms
130 silly fetchPackageMetaData error for @types/is-lambda@ts3.6 No matching version found for @types/is-lambda@ts3.6.
131 http fetch GET 304 https://registry.npmjs.org/@types%2fmedia-typer 1754ms (from cache)
132 silly pacote tag manifest for @types/media-typer@ts3.6 fetched in 1763ms
133 http fetch GET 304 https://registry.npmjs.org/@types%2fobject-assign 876ms (from cache)
134 silly pacote tag manifest for @types/object-assign@ts3.6 fetched in 878ms
135 http fetch GET 304 https://registry.npmjs.org/@types%2fproxy-addr 601ms (from cache)
136 http fetch GET 304 https://registry.npmjs.org/@types%2frange-parser 576ms (from cache)
137 silly pacote tag manifest for @types/proxy-addr@ts3.6 fetched in 623ms
138 silly pacote tag manifest for @types/range-parser@ts3.6 fetched in 600ms
139 http fetch GET 304 https://registry.npmjs.org/@types%2fretry 342ms (from cache)
140 http fetch GET 304 https://registry.npmjs.org/@types%2fqs 629ms (from cache)
141 silly pacote tag manifest for @types/qs@ts3.6 fetched in 632ms
142 silly pacote tag manifest for @types/retry@ts3.6 fetched in 349ms
143 http fetch GET 304 https://registry.npmjs.org/@types%2frimraf 393ms (from cache)
144 silly pacote tag manifest for @types/rimraf@ts3.6 fetched in 398ms
145 http fetch GET 200 https://registry.npmjs.org/@types%2fset-blocking 253ms
146 silly fetchPackageMetaData error for @types/set-blocking@ts3.6 No matching version found for @types/set-blocking@ts3.6.
147 http fetch GET 304 https://registry.npmjs.org/@types%2fserve-static 268ms (from cache)
148 http fetch GET 304 https://registry.npmjs.org/@types%2fsend 279ms (from cache)
149 silly pacote tag manifest for @types/serve-static@ts3.6 fetched in 274ms
150 silly pacote tag manifest for @types/send@ts3.6 fetched in 284ms
151 http fetch GET 304 https://registry.npmjs.org/@types%2fsemver 296ms (from cache)
152 silly pacote tag manifest for @types/semver@ts3.6 fetched in 300ms
153 http fetch GET 304 https://registry.npmjs.org/@types%2fmethods 2497ms (from cache)
154 silly pacote tag manifest for @types/methods@ts3.6 fetched in 2500ms
155 http fetch GET 304 https://registry.npmjs.org/@types%2ftar 303ms (from cache)
156 http fetch GET 304 https://registry.npmjs.org/@types%2fssri 317ms (from cache)
157 silly pacote tag manifest for @types/tar@ts3.6 fetched in 309ms
158 silly pacote tag manifest for @types/ssri@ts3.6 fetched in 323ms
159 http fetch GET 304 https://registry.npmjs.org/@types%2fon-finished 1606ms (from cache)
160 silly pacote tag manifest for @types/on-finished@ts3.6 fetched in 1608ms
161 http fetch GET 304 https://registry.npmjs.org/@types%2ftr46 266ms (from cache)
162 silly registry:manifest no matching version for @types/tr46@ts3.6 in the cache. Forcing revalidation.
163 http fetch GET 304 https://registry.npmjs.org/@types%2fpromise-inflight 1583ms (from cache)
164 silly pacote tag manifest for @types/promise-inflight@ts3.6 fetched in 1584ms
165 http fetch GET 304 https://registry.npmjs.org/@types%2futils-merge 633ms (from cache)
166 http fetch GET 304 https://registry.npmjs.org/@types%2futil-deprecate 699ms (from cache)
167 http fetch GET 304 https://registry.npmjs.org/@types%2fvary 570ms (from cache)
168 http fetch GET 304 https://registry.npmjs.org/@types%2freadable-stream 1812ms (from cache)
169 silly pacote tag manifest for @types/util-deprecate@ts3.6 fetched in 703ms
170 silly pacote tag manifest for @types/utils-merge@ts3.6 fetched in 637ms
171 http fetch GET 304 https://registry.npmjs.org/@types%2fsignal-exit 1217ms (from cache)
172 http fetch GET 304 https://registry.npmjs.org/@types%2ftype-is 707ms (from cache)
173 silly pacote tag manifest for @types/vary@ts3.6 fetched in 578ms
174 silly pacote tag manifest for @types/readable-stream@ts3.6 fetched in 1821ms
175 silly pacote tag manifest for @types/signal-exit@ts3.6 fetched in 1224ms
176 silly pacote tag manifest for @types/type-is@ts3.6 fetched in 716ms
177 http fetch GET 304 https://registry.npmjs.org/@types%2fsafer-buffer 1770ms (from cache)
178 silly pacote tag manifest for @types/safer-buffer@ts3.6 fetched in 1773ms
179 http fetch GET 304 https://registry.npmjs.org/@types%2fwebidl-conversions 291ms (from cache)
180 http fetch GET 304 https://registry.npmjs.org/@types%2fwhatwg-url 294ms (from cache)
181 http fetch GET 304 https://registry.npmjs.org/@types%2fwhich 290ms (from cache)
182 silly pacote tag manifest for @types/webidl-conversions@ts3.6 fetched in 297ms
183 silly pacote tag manifest for @types/whatwg-url@ts3.6 fetched in 298ms
184 silly pacote tag manifest for @types/which@ts3.6 fetched in 293ms
185 http fetch GET 304 https://registry.npmjs.org/@types%2fstatuses 1572ms (from cache)
186 silly pacote tag manifest for @types/statuses@ts3.6 fetched in 1577ms
187 http fetch GET 304 https://registry.npmjs.org/@types%2ftoidentifier 1666ms (from cache)
188 silly registry:manifest no matching version for @types/toidentifier@ts3.6 in the cache. Forcing revalidation.
189 http fetch GET 200 https://registry.npmjs.org/@types%2ftoidentifier 183ms
190 silly fetchPackageMetaData error for @types/toidentifier@ts3.6 No matching version found for @types/toidentifier@ts3.6.
191 http fetch GET 200 https://registry.npmjs.org/@types%2ftr46 2584ms
192 silly fetchPackageMetaData error for @types/tr46@ts3.6 No matching version found for @types/tr46@ts3.6.
193 http fetch GET 304 https://registry.npmjs.org/@types%2fyallist 2504ms (from cache)
194 silly pacote tag manifest for @types/yallist@ts3.6 fetched in 2505ms
195 timing stage:rollbackFailedOptional Completed in 1ms
196 timing stage:runTopLevelLifecycles Completed in 10421ms
197 verbose type tag
198 verbose stack @types/call-bind: No matching version found for @types/call-bind@ts3.6.
198 verbose stack     at pickManifest (/usr/local/lib/node_modules/npm/node_modules/npm-pick-manifest/index.js:122:13)
198 verbose stack     at /usr/local/lib/node_modules/npm/node_modules/pacote/lib/fetchers/registry/manifest.js:24:14
198 verbose stack     at tryCatcher (/usr/local/lib/node_modules/npm/node_modules/bluebird/js/release/util.js:16:23)
198 verbose stack     at Promise._settlePromiseFromHandler (/usr/local/lib/node_modules/npm/node_modules/bluebird/js/release/promise.js:517:31)
198 verbose stack     at Promise._settlePromise (/usr/local/lib/node_modules/npm/node_modules/bluebird/js/release/promise.js:574:18)
198 verbose stack     at Promise._settlePromise0 (/usr/local/lib/node_modules/npm/node_modules/bluebird/js/release/promise.js:619:10)
198 verbose stack     at Promise._settlePromises (/usr/local/lib/node_modules/npm/node_modules/bluebird/js/release/promise.js:699:18)
198 verbose stack     at _drainQueueStep (/usr/local/lib/node_modules/npm/node_modules/bluebird/js/release/async.js:138:12)
198 verbose stack     at _drainQueue (/usr/local/lib/node_modules/npm/node_modules/bluebird/js/release/async.js:131:9)
198 verbose stack     at Async._drainQueues (/usr/local/lib/node_modules/npm/node_modules/bluebird/js/release/async.js:147:5)
198 verbose stack     at Immediate.Async.drainQueues [as _onImmediate] (/usr/local/lib/node_modules/npm/node_modules/bluebird/js/release/async.js:17:14)
198 verbose stack     at processImmediate (internal/timers.js:456:21)
199 verbose cwd /home/theia/.cache/typescript/3.6
200 verbose Linux 5.10.102.1-microsoft-standard-WSL2
201 verbose argv "/usr/local/bin/node" "/usr/local/bin/npm" "install" "--ignore-scripts" "@types/abbrev@ts3.6" "@types/accepts@ts3.6" "@types/are-we-there-yet@ts3.6" "@types/balanced-match@ts3.6" "@types/body-parser@ts3.6" "@types/brace-expansion@ts3.6" "@types/bytes@ts3.6" "@types/cacache@ts3.6" "@types/call-bind@ts3.6" "@types/chownr@ts3.6" "@types/color-support@ts3.6" "@types/concat-map@ts3.6" "@types/content-disposition@ts3.6" "@types/content-type@ts3.6" "@types/cookie@ts3.6" "@types/cookie-signature@ts3.6" "@types/debug@ts3.6" "@types/delegates@ts3.6" "@types/depd@ts3.6" "@types/destroy@ts3.6" "@types/detect-libc@ts3.6" "@types/ee-first@ts3.6" "@types/encodeurl@ts3.6" "@types/escape-html@ts3.6" "@types/etag@ts3.6" "@types/finalhandler@ts3.6" "@types/forwarded@ts3.6" "@types/fresh@ts3.6" "@types/fs-minipass@ts3.6" "@types/function-bind@ts3.6" "@types/get-intrinsic@ts3.6" "@types/glob@ts3.6" "@types/graceful-fs@ts3.6" "@types/has@ts3.6" "@types/has-symbols@ts3.6" "@types/http-cache-semantics@ts3.6" "@types/http-errors@ts3.6" "@types/humanize-ms@ts3.6" "@types/imurmurhash@ts3.6" "@types/inherits@ts3.6" "@types/ip@ts3.6" "@types/is-lambda@ts3.6" "@types/isexe@ts3.6" "@types/make-fetch-happen@ts3.6" "@types/media-typer@ts3.6" "@types/merge-descriptors@ts3.6" "@types/methods@ts3.6" "@types/mime@ts3.6" "@types/mime-db@ts3.6" "@types/mime-types@ts3.6" "@types/minimatch@ts3.6" "@types/minizlib@ts3.6" "@types/mkdirp@ts3.6" "@types/ms@ts3.6" "@types/negotiator@ts3.6" "@types/node-fetch@ts3.6" "@types/nopt@ts3.6" "@types/npmlog@ts3.6" "@types/object-assign@ts3.6" "@types/object-inspect@ts3.6" "@types/on-finished@ts3.6" "@types/once@ts3.6" "@types/parseurl@ts3.6" "@types/path-is-absolute@ts3.6" "@types/promise-inflight@ts3.6" "@types/promise-retry@ts3.6" "@types/proxy-addr@ts3.6" "@types/qs@ts3.6" "@types/range-parser@ts3.6" "@types/readable-stream@ts3.6" "@types/retry@ts3.6" "@types/rimraf@ts3.6" "@types/safer-buffer@ts3.6" "@types/semver@ts3.6" "@types/send@ts3.6" "@types/serve-static@ts3.6" "@types/set-blocking@ts3.6" "@types/signal-exit@ts3.6" "@types/ssri@ts3.6" "@types/statuses@ts3.6" "@types/tar@ts3.6" "@types/toidentifier@ts3.6" "@types/tr46@ts3.6" "@types/type-is@ts3.6" "@types/util-deprecate@ts3.6" "@types/utils-merge@ts3.6" "@types/vary@ts3.6" "@types/webidl-conversions@ts3.6" "@types/whatwg-url@ts3.6" "@types/which@ts3.6" "@types/yallist@ts3.6" "--save-dev" "--user-agent=typesInstaller/3.6.3"
202 verbose node v12.18.3
203 verbose npm  v6.14.6
204 error code ETARGET
205 error notarget No matching version found for @types/call-bind@ts3.6.
206 error notarget In most cases you or one of your dependencies are requesting
206 error notarget a package version that doesn't exist.
207 verbose exit [ 1, true ]
