0 info it worked if it ends with ok
1 verbose cli [
1 verbose cli   '/usr/local/bin/node',
1 verbose cli   '/usr/local/bin/npm',
1 verbose cli   'install',
1 verbose cli   '--ignore-scripts',
1 verbose cli   '@types/abbrev@ts3.6',
1 verbose cli   '@types/accepts@ts3.6',
1 verbose cli   '@types/are-we-there-yet@ts3.6',
1 verbose cli   '@types/balanced-match@ts3.6',
1 verbose cli   '@types/body-parser@ts3.6',
1 verbose cli   '@types/brace-expansion@ts3.6',
1 verbose cli   '@types/bytes@ts3.6',
1 verbose cli   '@types/cacache@ts3.6',
1 verbose cli   '@types/call-bind@ts3.6',
1 verbose cli   '@types/chownr@ts3.6',
1 verbose cli   '@types/color-support@ts3.6',
1 verbose cli   '@types/concat-map@ts3.6',
1 verbose cli   '@types/content-disposition@ts3.6',
1 verbose cli   '@types/content-type@ts3.6',
1 verbose cli   '@types/cookie@ts3.6',
1 verbose cli   '@types/cookie-signature@ts3.6',
1 verbose cli   '@types/debug@ts3.6',
1 verbose cli   '@types/delegates@ts3.6',
1 verbose cli   '@types/depd@ts3.6',
1 verbose cli   '@types/destroy@ts3.6',
1 verbose cli   '@types/detect-libc@ts3.6',
1 verbose cli   '@types/ee-first@ts3.6',
1 verbose cli   '@types/encodeurl@ts3.6',
1 verbose cli   '@types/escape-html@ts3.6',
1 verbose cli   '@types/etag@ts3.6',
1 verbose cli   '@types/finalhandler@ts3.6',
1 verbose cli   '@types/forwarded@ts3.6',
1 verbose cli   '@types/fresh@ts3.6',
1 verbose cli   '@types/fs-minipass@ts3.6',
1 verbose cli   '@types/function-bind@ts3.6',
1 verbose cli   '@types/get-intrinsic@ts3.6',
1 verbose cli   '@types/glob@ts3.6',
1 verbose cli   '@types/graceful-fs@ts3.6',
1 verbose cli   '@types/has@ts3.6',
1 verbose cli   '@types/has-symbols@ts3.6',
1 verbose cli   '@types/http-cache-semantics@ts3.6',
1 verbose cli   '@types/http-errors@ts3.6',
1 verbose cli   '@types/humanize-ms@ts3.6',
1 verbose cli   '@types/imurmurhash@ts3.6',
1 verbose cli   '@types/inherits@ts3.6',
1 verbose cli   '@types/ip@ts3.6',
1 verbose cli   '@types/is-lambda@ts3.6',
1 verbose cli   '@types/isexe@ts3.6',
1 verbose cli   '@types/make-fetch-happen@ts3.6',
1 verbose cli   '@types/media-typer@ts3.6',
1 verbose cli   '@types/merge-descriptors@ts3.6',
1 verbose cli   '@types/methods@ts3.6',
1 verbose cli   '@types/mime@ts3.6',
1 verbose cli   '@types/mime-db@ts3.6',
1 verbose cli   '@types/mime-types@ts3.6',
1 verbose cli   '@types/minimatch@ts3.6',
1 verbose cli   '@types/minizlib@ts3.6',
1 verbose cli   '@types/mkdirp@ts3.6',
1 verbose cli   '@types/ms@ts3.6',
1 verbose cli   '@types/negotiator@ts3.6',
1 verbose cli   '@types/node-fetch@ts3.6',
1 verbose cli   '@types/nopt@ts3.6',
1 verbose cli   '@types/npmlog@ts3.6',
1 verbose cli   '@types/object-assign@ts3.6',
1 verbose cli   '@types/object-inspect@ts3.6',
1 verbose cli   '@types/on-finished@ts3.6',
1 verbose cli   '@types/once@ts3.6',
1 verbose cli   '@types/parseurl@ts3.6',
1 verbose cli   '@types/path-is-absolute@ts3.6',
1 verbose cli   '@types/promise-inflight@ts3.6',
1 verbose cli   '@types/promise-retry@ts3.6',
1 verbose cli   '@types/proxy-addr@ts3.6',
1 verbose cli   '@types/qs@ts3.6',
1 verbose cli   '@types/range-parser@ts3.6',
1 verbose cli   '@types/readable-stream@ts3.6',
1 verbose cli   '@types/retry@ts3.6',
1 verbose cli   '@types/rimraf@ts3.6',
1 verbose cli   '@types/safer-buffer@ts3.6',
1 verbose cli   '@types/semver@ts3.6',
1 verbose cli   '@types/send@ts3.6',
1 verbose cli   '@types/serve-static@ts3.6',
1 verbose cli   '@types/set-blocking@ts3.6',
1 verbose cli   '@types/signal-exit@ts3.6',
1 verbose cli   '@types/ssri@ts3.6',
1 verbose cli   '@types/statuses@ts3.6',
1 verbose cli   '@types/tar@ts3.6',
1 verbose cli   '@types/toidentifier@ts3.6',
1 verbose cli   '@types/tr46@ts3.6',
1 verbose cli   '@types/type-is@ts3.6',
1 verbose cli   '@types/util-deprecate@ts3.6',
1 verbose cli   '@types/utils-merge@ts3.6',
1 verbose cli   '@types/vary@ts3.6',
1 verbose cli   '@types/webidl-conversions@ts3.6',
1 verbose cli   '@types/whatwg-url@ts3.6',
1 verbose cli   '@types/which@ts3.6',
1 verbose cli   '@types/yallist@ts3.6',
1 verbose cli   '--save-dev',
1 verbose cli   '--user-agent=typesInstaller/3.6.3'
1 verbose cli ]
2 info using npm@6.14.6
3 info using node@v12.18.3
4 verbose npm-session aa914cd945bec125
5 silly install loadCurrentTree
6 silly install readLocalPackageData
7 http fetch GET 200 https://registry.npmjs.org/@types%2fcall-bind 1018ms
8 silly fetchPackageMetaData error for @types/call-bind@ts3.6 No matching version found for @types/call-bind@ts3.6.
9 http fetch GET 304 https://registry.npmjs.org/@types%2fare-we-there-yet 1056ms (from cache)
10 http fetch GET 304 https://registry.npmjs.org/@types%2faccepts 1064ms (from cache)
11 http fetch GET 304 https://registry.npmjs.org/@types%2fbytes 1054ms (from cache)
12 silly pacote tag manifest for @types/are-we-there-yet@ts3.6 fetched in 1065ms
13 silly pacote tag manifest for @types/accepts@ts3.6 fetched in 1068ms
14 silly pacote tag manifest for @types/bytes@ts3.6 fetched in 1059ms
15 http fetch GET 304 https://registry.npmjs.org/@types%2fbody-parser 1065ms (from cache)
16 silly pacote tag manifest for @types/body-parser@ts3.6 fetched in 1076ms
17 http fetch GET 304 https://registry.npmjs.org/@types%2fchownr 1150ms (from cache)
18 silly pacote tag manifest for @types/chownr@ts3.6 fetched in 1153ms
19 http fetch GET 304 https://registry.npmjs.org/@types%2fconcat-map 575ms (from cache)
20 http fetch GET 304 https://registry.npmjs.org/@types%2fbrace-expansion 1635ms (from cache)
21 silly pacote tag manifest for @types/concat-map@ts3.6 fetched in 578ms
22 silly pacote tag manifest for @types/brace-expansion@ts3.6 fetched in 1638ms
23 http fetch GET 304 https://registry.npmjs.org/@types%2fcontent-type 614ms (from cache)
24 http fetch GET 304 https://registry.npmjs.org/@types%2fcookie 604ms (from cache)
25 http fetch GET 304 https://registry.npmjs.org/@types%2fcolor-support 643ms (from cache)
26 http fetch GET 304 https://registry.npmjs.org/@types%2fcookie-signature 515ms (from cache)
27 silly pacote tag manifest for @types/cookie@ts3.6 fetched in 609ms
28 silly pacote tag manifest for @types/cookie-signature@ts3.6 fetched in 516ms
29 silly pacote tag manifest for @types/color-support@ts3.6 fetched in 649ms
30 silly pacote tag manifest for @types/content-type@ts3.6 fetched in 623ms
31 http fetch GET 304 https://registry.npmjs.org/@types%2fdebug 178ms (from cache)
32 silly pacote tag manifest for @types/debug@ts3.6 fetched in 180ms
33 http fetch GET 304 https://registry.npmjs.org/@types%2fcontent-disposition 763ms (from cache)
34 silly pacote tag manifest for @types/content-disposition@ts3.6 fetched in 766ms
35 http fetch GET 304 https://registry.npmjs.org/@types%2fdepd 169ms (from cache)
36 silly pacote tag manifest for @types/depd@ts3.6 fetched in 172ms
37 http fetch GET 304 https://registry.npmjs.org/@types%2fdestroy 198ms (from cache)
38 silly pacote tag manifest for @types/destroy@ts3.6 fetched in 199ms
39 http fetch GET 304 https://registry.npmjs.org/@types%2fencodeurl 180ms (from cache)
40 silly pacote tag manifest for @types/encodeurl@ts3.6 fetched in 183ms
41 http fetch GET 304 https://registry.npmjs.org/@types%2fetag 261ms (from cache)
42 http fetch GET 304 https://registry.npmjs.org/@types%2ffinalhandler 235ms (from cache)
43 silly pacote tag manifest for @types/etag@ts3.6 fetched in 263ms
44 silly pacote tag manifest for @types/finalhandler@ts3.6 fetched in 237ms
45 http fetch GET 304 https://registry.npmjs.org/@types%2fforwarded 266ms (from cache)
46 silly pacote tag manifest for @types/forwarded@ts3.6 fetched in 268ms
47 http fetch GET 304 https://registry.npmjs.org/@types%2ffresh 164ms (from cache)
48 silly pacote tag manifest for @types/fresh@ts3.6 fetched in 167ms
49 http fetch GET 200 https://registry.npmjs.org/@types%2ffs-minipass 192ms
50 silly fetchPackageMetaData error for @types/fs-minipass@ts3.6 No matching version found for @types/fs-minipass@ts3.6.
51 http fetch GET 200 https://registry.npmjs.org/@types%2fget-intrinsic 117ms
52 silly fetchPackageMetaData error for @types/get-intrinsic@ts3.6 No matching version found for @types/get-intrinsic@ts3.6.
53 http fetch GET 304 https://registry.npmjs.org/@types%2fbalanced-match 2419ms (from cache)
54 silly pacote tag manifest for @types/balanced-match@ts3.6 fetched in 2422ms
55 http fetch GET 304 https://registry.npmjs.org/@types%2ffunction-bind 176ms (from cache)
56 silly pacote tag manifest for @types/function-bind@ts3.6 fetched in 178ms
57 http fetch GET 200 https://registry.npmjs.org/@types%2fdelegates 983ms
58 silly fetchPackageMetaData error for @types/delegates@ts3.6 No matching version found for @types/delegates@ts3.6.
59 http fetch GET 304 https://registry.npmjs.org/@types%2fee-first 939ms (from cache)
60 http fetch GET 304 https://registry.npmjs.org/@types%2fglob 313ms (from cache)
61 http fetch GET 304 https://registry.npmjs.org/@types%2fabbrev 2639ms (from cache)
62 silly pacote tag manifest for @types/ee-first@ts3.6 fetched in 942ms
63 silly pacote tag manifest for @types/abbrev@ts3.6 fetched in 2652ms
64 silly pacote tag manifest for @types/glob@ts3.6 fetched in 319ms
65 http fetch GET 304 https://registry.npmjs.org/@types%2fhas-symbols 235ms (from cache)
66 silly pacote tag manifest for @types/has-symbols@ts3.6 fetched in 238ms
67 http fetch GET 304 https://registry.npmjs.org/@types%2fgraceful-fs 280ms (from cache)
68 silly pacote tag manifest for @types/graceful-fs@ts3.6 fetched in 282ms
69 http fetch GET 304 https://registry.npmjs.org/@types%2fhttp-cache-semantics 188ms (from cache)
70 silly pacote tag manifest for @types/http-cache-semantics@ts3.6 fetched in 192ms
71 http fetch GET 304 https://registry.npmjs.org/@types%2finherits 168ms (from cache)
72 http fetch GET 304 https://registry.npmjs.org/@types%2fip 167ms (from cache)
73 silly pacote tag manifest for @types/inherits@ts3.6 fetched in 172ms
74 silly pacote tag manifest for @types/ip@ts3.6 fetched in 171ms
75 http fetch GET 304 https://registry.npmjs.org/@types%2fis-lambda 254ms (from cache)
76 silly registry:manifest no matching version for @types/is-lambda@ts3.6 in the cache. Forcing revalidation.
77 http fetch GET 304 https://registry.npmjs.org/@types%2fisexe 216ms (from cache)
78 silly pacote tag manifest for @types/isexe@ts3.6 fetched in 219ms
79 http fetch GET 304 https://registry.npmjs.org/@types%2fmake-fetch-happen 221ms (from cache)
80 silly pacote tag manifest for @types/make-fetch-happen@ts3.6 fetched in 225ms
81 http fetch GET 200 https://registry.npmjs.org/@types%2fis-lambda 146ms
82 silly fetchPackageMetaData error for @types/is-lambda@ts3.6 No matching version found for @types/is-lambda@ts3.6.
83 http fetch GET 304 https://registry.npmjs.org/@types%2fcacache 3224ms (from cache)
84 silly pacote tag manifest for @types/cacache@ts3.6 fetched in 3229ms
85 http fetch GET 304 https://registry.npmjs.org/@types%2fmerge-descriptors 160ms (from cache)
86 silly pacote tag manifest for @types/merge-descriptors@ts3.6 fetched in 168ms
87 http fetch GET 304 https://registry.npmjs.org/@types%2fmedia-typer 190ms (from cache)
88 http fetch GET 304 https://registry.npmjs.org/@types%2fhas 851ms (from cache)
89 silly pacote tag manifest for @types/has@ts3.6 fetched in 852ms
90 silly pacote tag manifest for @types/media-typer@ts3.6 fetched in 193ms
91 http fetch GET 304 https://registry.npmjs.org/@types%2fhumanize-ms 698ms (from cache)
92 silly pacote tag manifest for @types/humanize-ms@ts3.6 fetched in 699ms
93 http fetch GET 304 https://registry.npmjs.org/@types%2fmime 202ms (from cache)
94 silly pacote tag manifest for @types/mime@ts3.6 fetched in 204ms
95 http fetch GET 304 https://registry.npmjs.org/@types%2fmime-db 186ms (from cache)
96 silly pacote tag manifest for @types/mime-db@ts3.6 fetched in 188ms
97 http fetch GET 304 https://registry.npmjs.org/@types%2fmethods 324ms (from cache)
98 http fetch GET 304 https://registry.npmjs.org/@types%2fmime-types 275ms (from cache)
99 silly pacote tag manifest for @types/methods@ts3.6 fetched in 326ms
100 http fetch GET 304 https://registry.npmjs.org/@types%2fminimatch 275ms (from cache)
101 silly pacote tag manifest for @types/mime-types@ts3.6 fetched in 278ms
102 silly pacote tag manifest for @types/minimatch@ts3.6 fetched in 278ms
103 http fetch GET 304 https://registry.npmjs.org/@types%2fms 396ms (from cache)
104 silly pacote tag manifest for @types/ms@ts3.6 fetched in 398ms
105 http fetch GET 304 https://registry.npmjs.org/@types%2fnegotiator 313ms (from cache)
106 silly pacote tag manifest for @types/negotiator@ts3.6 fetched in 316ms
107 http fetch GET 304 https://registry.npmjs.org/@types%2fnopt 340ms (from cache)
108 silly pacote tag manifest for @types/nopt@ts3.6 fetched in 342ms
109 http fetch GET 304 https://registry.npmjs.org/@types%2fmkdirp 586ms (from cache)
110 http fetch GET 304 https://registry.npmjs.org/@types%2fnode-fetch 476ms (from cache)
111 silly pacote tag manifest for @types/mkdirp@ts3.6 fetched in 590ms
112 silly pacote tag manifest for @types/node-fetch@ts3.6 fetched in 479ms
113 http fetch GET 304 https://registry.npmjs.org/@types%2fdetect-libc 2368ms (from cache)
114 silly pacote tag manifest for @types/detect-libc@ts3.6 fetched in 2369ms
115 http fetch GET 304 https://registry.npmjs.org/@types%2fnpmlog 274ms (from cache)
116 silly pacote tag manifest for @types/npmlog@ts3.6 fetched in 277ms
117 http fetch GET 304 https://registry.npmjs.org/@types%2fobject-assign 258ms (from cache)
118 silly pacote tag manifest for @types/object-assign@ts3.6 fetched in 261ms
119 http fetch GET 304 https://registry.npmjs.org/@types%2fobject-inspect 251ms (from cache)
120 silly pacote tag manifest for @types/object-inspect@ts3.6 fetched in 254ms
121 http fetch GET 304 https://registry.npmjs.org/@types%2fescape-html 2360ms (from cache)
122 silly pacote tag manifest for @types/escape-html@ts3.6 fetched in 2367ms
123 http fetch GET 304 https://registry.npmjs.org/@types%2fonce 173ms (from cache)
124 silly pacote tag manifest for @types/once@ts3.6 fetched in 174ms
125 http fetch GET 304 https://registry.npmjs.org/@types%2fon-finished 187ms (from cache)
126 silly pacote tag manifest for @types/on-finished@ts3.6 fetched in 188ms
127 http fetch GET 304 https://registry.npmjs.org/@types%2fimurmurhash 1609ms (from cache)
128 silly pacote tag manifest for @types/imurmurhash@ts3.6 fetched in 1612ms
129 http fetch GET 304 https://registry.npmjs.org/@types%2fhttp-errors 1621ms (from cache)
130 silly pacote tag manifest for @types/http-errors@ts3.6 fetched in 1624ms
131 http fetch GET 304 https://registry.npmjs.org/@types%2fpath-is-absolute 160ms (from cache)
132 silly pacote tag manifest for @types/path-is-absolute@ts3.6 fetched in 162ms
133 http fetch GET 304 https://registry.npmjs.org/@types%2fpromise-inflight 166ms (from cache)
134 silly pacote tag manifest for @types/promise-inflight@ts3.6 fetched in 168ms
135 http fetch GET 304 https://registry.npmjs.org/@types%2fpromise-retry 162ms (from cache)
136 silly pacote tag manifest for @types/promise-retry@ts3.6 fetched in 164ms
137 http fetch GET 304 https://registry.npmjs.org/@types%2fqs 167ms (from cache)
138 silly pacote tag manifest for @types/qs@ts3.6 fetched in 170ms
139 http fetch GET 304 https://registry.npmjs.org/@types%2fproxy-addr 320ms (from cache)
140 http fetch GET 304 https://registry.npmjs.org/@types%2frimraf 235ms (from cache)
141 http fetch GET 304 https://registry.npmjs.org/@types%2frange-parser 301ms (from cache)
142 silly pacote tag manifest for @types/proxy-addr@ts3.6 fetched in 322ms
143 http fetch GET 304 https://registry.npmjs.org/@types%2fretry 264ms (from cache)
144 silly pacote tag manifest for @types/range-parser@ts3.6 fetched in 304ms
145 silly pacote tag manifest for @types/rimraf@ts3.6 fetched in 240ms
146 silly pacote tag manifest for @types/retry@ts3.6 fetched in 270ms
147 http fetch GET 304 https://registry.npmjs.org/@types%2fsemver 275ms (from cache)
148 silly pacote tag manifest for @types/semver@ts3.6 fetched in 279ms
149 http fetch GET 304 https://registry.npmjs.org/@types%2fsafer-buffer 320ms (from cache)
150 silly pacote tag manifest for @types/safer-buffer@ts3.6 fetched in 322ms
151 http fetch GET 200 https://registry.npmjs.org/@types%2fset-blocking 103ms
152 silly fetchPackageMetaData error for @types/set-blocking@ts3.6 No matching version found for @types/set-blocking@ts3.6.
153 http fetch GET 304 https://registry.npmjs.org/@types%2fminizlib 1360ms (from cache)
154 silly pacote tag manifest for @types/minizlib@ts3.6 fetched in 1364ms
155 http fetch GET 304 https://registry.npmjs.org/@types%2fserve-static 197ms (from cache)
156 silly pacote tag manifest for @types/serve-static@ts3.6 fetched in 199ms
157 http fetch GET 304 https://registry.npmjs.org/@types%2fstatuses 145ms (from cache)
158 silly pacote tag manifest for @types/statuses@ts3.6 fetched in 147ms
159 http fetch GET 304 https://registry.npmjs.org/@types%2ftar 342ms (from cache)
160 http fetch GET 304 https://registry.npmjs.org/@types%2ftoidentifier 333ms (from cache)
161 silly registry:manifest no matching version for @types/toidentifier@ts3.6 in the cache. Forcing revalidation.
162 silly pacote tag manifest for @types/tar@ts3.6 fetched in 344ms
163 http fetch GET 304 https://registry.npmjs.org/@types%2freadable-stream 812ms (from cache)
164 silly pacote tag manifest for @types/readable-stream@ts3.6 fetched in 813ms
165 http fetch GET 304 https://registry.npmjs.org/@types%2futil-deprecate 335ms (from cache)
166 silly pacote tag manifest for @types/util-deprecate@ts3.6 fetched in 338ms
167 http fetch GET 304 https://registry.npmjs.org/@types%2futils-merge 199ms (from cache)
168 silly pacote tag manifest for @types/utils-merge@ts3.6 fetched in 204ms
169 http fetch GET 200 https://registry.npmjs.org/@types%2ftoidentifier 215ms
170 silly fetchPackageMetaData error for @types/toidentifier@ts3.6 No matching version found for @types/toidentifier@ts3.6.
171 http fetch GET 304 https://registry.npmjs.org/@types%2fvary 164ms (from cache)
172 silly pacote tag manifest for @types/vary@ts3.6 fetched in 166ms
173 http fetch GET 304 https://registry.npmjs.org/@types%2fssri 803ms (from cache)
174 silly pacote tag manifest for @types/ssri@ts3.6 fetched in 805ms
175 http fetch GET 304 https://registry.npmjs.org/@types%2fwhich 261ms (from cache)
176 http fetch GET 304 https://registry.npmjs.org/@types%2fyallist 210ms (from cache)
177 http fetch GET 304 https://registry.npmjs.org/@types%2fwhatwg-url 275ms (from cache)
178 silly pacote tag manifest for @types/which@ts3.6 fetched in 264ms
179 silly pacote tag manifest for @types/yallist@ts3.6 fetched in 214ms
180 silly pacote tag manifest for @types/whatwg-url@ts3.6 fetched in 277ms
181 http fetch GET 304 https://registry.npmjs.org/@types%2ftr46 864ms (from cache)
182 silly registry:manifest no matching version for @types/tr46@ts3.6 in the cache. Forcing revalidation.
183 http fetch GET 304 https://registry.npmjs.org/@types%2fparseurl 1514ms (from cache)
184 silly pacote tag manifest for @types/parseurl@ts3.6 fetched in 1516ms
185 http fetch GET 200 https://registry.npmjs.org/@types%2ftr46 176ms
186 silly fetchPackageMetaData error for @types/tr46@ts3.6 No matching version found for @types/tr46@ts3.6.
187 http fetch GET 304 https://registry.npmjs.org/@types%2fsignal-exit 1544ms (from cache)
188 silly pacote tag manifest for @types/signal-exit@ts3.6 fetched in 1546ms
189 http fetch GET 304 https://registry.npmjs.org/@types%2ftype-is 1748ms (from cache)
190 silly pacote tag manifest for @types/type-is@ts3.6 fetched in 1750ms
191 http fetch GET 304 https://registry.npmjs.org/@types%2fwebidl-conversions 1620ms (from cache)
192 silly pacote tag manifest for @types/webidl-conversions@ts3.6 fetched in 1623ms
193 http fetch GET 304 https://registry.npmjs.org/@types%2fsend 2495ms (from cache)
194 silly pacote tag manifest for @types/send@ts3.6 fetched in 2498ms
195 timing stage:rollbackFailedOptional Completed in 1ms
196 timing stage:runTopLevelLifecycles Completed in 6966ms
197 verbose type tag
198 verbose stack @types/call-bind: No matching version found for @types/call-bind@ts3.6.
198 verbose stack     at pickManifest (/usr/local/lib/node_modules/npm/node_modules/npm-pick-manifest/index.js:122:13)
198 verbose stack     at /usr/local/lib/node_modules/npm/node_modules/pacote/lib/fetchers/registry/manifest.js:24:14
198 verbose stack     at tryCatcher (/usr/local/lib/node_modules/npm/node_modules/bluebird/js/release/util.js:16:23)
198 verbose stack     at Promise._settlePromiseFromHandler (/usr/local/lib/node_modules/npm/node_modules/bluebird/js/release/promise.js:517:31)
198 verbose stack     at Promise._settlePromise (/usr/local/lib/node_modules/npm/node_modules/bluebird/js/release/promise.js:574:18)
198 verbose stack     at Promise._settlePromise0 (/usr/local/lib/node_modules/npm/node_modules/bluebird/js/release/promise.js:619:10)
198 verbose stack     at Promise._settlePromises (/usr/local/lib/node_modules/npm/node_modules/bluebird/js/release/promise.js:699:18)
198 verbose stack     at _drainQueueStep (/usr/local/lib/node_modules/npm/node_modules/bluebird/js/release/async.js:138:12)
198 verbose stack     at _drainQueue (/usr/local/lib/node_modules/npm/node_modules/bluebird/js/release/async.js:131:9)
198 verbose stack     at Async._drainQueues (/usr/local/lib/node_modules/npm/node_modules/bluebird/js/release/async.js:147:5)
198 verbose stack     at Immediate.Async.drainQueues [as _onImmediate] (/usr/local/lib/node_modules/npm/node_modules/bluebird/js/release/async.js:17:14)
198 verbose stack     at processImmediate (internal/timers.js:456:21)
199 verbose cwd /home/theia/.cache/typescript/3.6
200 verbose Linux 5.10.102.1-microsoft-standard-WSL2
201 verbose argv "/usr/local/bin/node" "/usr/local/bin/npm" "install" "--ignore-scripts" "@types/abbrev@ts3.6" "@types/accepts@ts3.6" "@types/are-we-there-yet@ts3.6" "@types/balanced-match@ts3.6" "@types/body-parser@ts3.6" "@types/brace-expansion@ts3.6" "@types/bytes@ts3.6" "@types/cacache@ts3.6" "@types/call-bind@ts3.6" "@types/chownr@ts3.6" "@types/color-support@ts3.6" "@types/concat-map@ts3.6" "@types/content-disposition@ts3.6" "@types/content-type@ts3.6" "@types/cookie@ts3.6" "@types/cookie-signature@ts3.6" "@types/debug@ts3.6" "@types/delegates@ts3.6" "@types/depd@ts3.6" "@types/destroy@ts3.6" "@types/detect-libc@ts3.6" "@types/ee-first@ts3.6" "@types/encodeurl@ts3.6" "@types/escape-html@ts3.6" "@types/etag@ts3.6" "@types/finalhandler@ts3.6" "@types/forwarded@ts3.6" "@types/fresh@ts3.6" "@types/fs-minipass@ts3.6" "@types/function-bind@ts3.6" "@types/get-intrinsic@ts3.6" "@types/glob@ts3.6" "@types/graceful-fs@ts3.6" "@types/has@ts3.6" "@types/has-symbols@ts3.6" "@types/http-cache-semantics@ts3.6" "@types/http-errors@ts3.6" "@types/humanize-ms@ts3.6" "@types/imurmurhash@ts3.6" "@types/inherits@ts3.6" "@types/ip@ts3.6" "@types/is-lambda@ts3.6" "@types/isexe@ts3.6" "@types/make-fetch-happen@ts3.6" "@types/media-typer@ts3.6" "@types/merge-descriptors@ts3.6" "@types/methods@ts3.6" "@types/mime@ts3.6" "@types/mime-db@ts3.6" "@types/mime-types@ts3.6" "@types/minimatch@ts3.6" "@types/minizlib@ts3.6" "@types/mkdirp@ts3.6" "@types/ms@ts3.6" "@types/negotiator@ts3.6" "@types/node-fetch@ts3.6" "@types/nopt@ts3.6" "@types/npmlog@ts3.6" "@types/object-assign@ts3.6" "@types/object-inspect@ts3.6" "@types/on-finished@ts3.6" "@types/once@ts3.6" "@types/parseurl@ts3.6" "@types/path-is-absolute@ts3.6" "@types/promise-inflight@ts3.6" "@types/promise-retry@ts3.6" "@types/proxy-addr@ts3.6" "@types/qs@ts3.6" "@types/range-parser@ts3.6" "@types/readable-stream@ts3.6" "@types/retry@ts3.6" "@types/rimraf@ts3.6" "@types/safer-buffer@ts3.6" "@types/semver@ts3.6" "@types/send@ts3.6" "@types/serve-static@ts3.6" "@types/set-blocking@ts3.6" "@types/signal-exit@ts3.6" "@types/ssri@ts3.6" "@types/statuses@ts3.6" "@types/tar@ts3.6" "@types/toidentifier@ts3.6" "@types/tr46@ts3.6" "@types/type-is@ts3.6" "@types/util-deprecate@ts3.6" "@types/utils-merge@ts3.6" "@types/vary@ts3.6" "@types/webidl-conversions@ts3.6" "@types/whatwg-url@ts3.6" "@types/which@ts3.6" "@types/yallist@ts3.6" "--save-dev" "--user-agent=typesInstaller/3.6.3"
202 verbose node v12.18.3
203 verbose npm  v6.14.6
204 error code ETARGET
205 error notarget No matching version found for @types/call-bind@ts3.6.
206 error notarget In most cases you or one of your dependencies are requesting
206 error notarget a package version that doesn't exist.
207 verbose exit [ 1, true ]
